            {
              "TimeStamp": "2025-10-24T07:59:11",
              "EventType": "EventLog",
              "EventId": "1003",
              "EventSource": "Software Protection Platform Service",
              "Level": "Information",
              "EventTask": "0",
              "GeneralInfo": "[Application]The Software Protection service has completed licensing status check.\r\nApplication Id=55c92734-d682-4d71-983e-d6ec3f16059f\r\nLicensing Status=\n1: 01eb852c-424d-4060-94b8-c10d799d7364, 1, 0 [(0 [0xC004F014, 0, 0], [(?)(?)(?)(?)(?)(?)(?)(?)])(1 )(2 )(3 )]\n2: 040fa323-92b1-4baf-97a2-5b67feaefddb, 1, 0 [(0 [0xC004F014, 0, 0], [(?)(?)(?)(?)(?)(?)(?)(?)])(1 )(2 )(3 )]\n3: 0724cb7d-3437-4cb7-93cb-830375d0079d, 1, 0 [(0 [0xC004F014, 0, 0], [(?)(?)(?)(?)(?)(?)(?)(?)])(1 )(2 )(3 )]\n4: 0ad2ac98-7bb9-4201-8d92-312299201369, 1, 0 [(0 [0xC004F014, 0, 0], [(?)(?)(?)(?)(?)(?)(?)(?)])(1 )(2 )(3 )]\n5: 19de9b2f-0166-4abb-9534-56ea69a80edb, 1, 0 [(0 [0xC004F014, 0, 0], [(?)(?)(?)(?)(?)(?)(?)(?)])(1 )(2 )(3 )]\n6: 1a9a717a-cf13-4ba5-83c3-0fe25fa868d5, 1, 0 [(0 [0xC004F014, 0, 0], [(?)(?)(?)(?)(?)(?)(?)(?)])(1 )(2 )(3 )]\n7: 221a02da-e2a1-4b75-864c-0a4410a33fdf, 1, 0 [(0 [0xC004F014, 0, 0], [(?)(?)(?)(?)(?)(?)(?)(?)])(1 )(2 )(3 )]\n8: 265f3fad-6a1c-4bdd-ae30-c75efa556ccb, 1, 0 [(0 [0xC004F014, 0, 0], [(?)(?)(?)(?)(?)(?)(?)(?)])(1 )(2 )(3 )]\n9: 291ece0e-9c38-40ca-a9e1-32cc7ec19507, 1, 0 [(0 [0xC004F014, 0, 0], [(?)(?)(?)(?)(?)(?)(?)(?)])(1 )(2 )(3 )]\n10: 2936d1d2-913a-4542-b54e-ce5a602a2a38, 1, 0 [(0 [0xC004F014, 0, 0], [(?)(?)(?)(?)(?)(?)(?)(?)])(1 )(2 )(3 )]\n11: 2c293c26-a45a-4a2a-a350-c69a67097529, 1, 0 [(0 [0xC004F014, 0, 0], [(?)(?)(?)(?)(?)(?)(?)(?)])(1 )(2 )(3 )]\n12: 2de67392-b7a7-462a-b1ca-108dd189f588, 1, 0 [(0 [0xC004F014, 0, 0], [(?)(?)(?)(?)(?)(?)(?)(?)])(1 )(2 )(3 )]\n13: 2ffd8952-423e-4903-b993-72a1aa44cf82, 1, 0 [(0 [0xC004F014, 0, 0], [(?)(?)(?)(?)(?)(?)(?)(?)])(1 )(2 )(3 )]\n14: 30a42c86-b7a0-4a34-8c90-ff177cb2acb7, 1, 0 [(0 [0xC004F014, 0, 0], [(?)(?)(?)(?)(?)(?)(?)(?)])(1 )(2 )(3 )]\n15: 345a5db0-d94f-4e3b-a0c0-7c42f7bc3ebf, 1, 0 [(0 [0xC004F014, 0, 0], [(?)(?)(?)(?)(?)(?)(?)(?)])(1 )(2 )(3 )]\n16: 3502365a-f88a-4ba4-822a-5769d3073b65, 1, 0 [(0 [0xC004F014, 0, 0], [(?)(?)(?)(?)(?)(?)(?)(?)])(1 )(2 )(3 )]\n17: 377333b1-8b5d-48d6-9679-1225c872d37c, 1, 0 [(0 [0xC004F014, 0, 0], [(?)(?)(?)(?)(?)(?)(?)(?)])(1 )(2 )(3 )]\n18: 3df374ef-d444-4494-a5a1-4b0d9fd0e203, 1, 0 [(0 [0xC004F014, 0, 0], [(?)(?)(?)(?)(?)(?)(?)(?)])(1 )(2 )(3 )]\n19: 3ebce241-ea87-4946-8a4f-80d00e921dff, 1, 0 [(0 [0xC004F014, 0, 0], [(?)(?)(?)(?)(?)(?)(?)(?)])(1 )(2 )(3 )]\n20: 3f1afc82-f8ac-4f6c-8005-1d233e606eee, 1, 0 [(0 [0xC004F014, 0, 0], [(?)(?)(?)(?)(?)(?)(?)(?)])(1 )(2 )(3 )]\n21: 4322a811-697c-44dc-865e-3e2fdcb86009, 1, 0 [(0 [0xC004F014, 0, 0], [(?)(?)(?)(?)(?)(?)(?)(?)])(1 )(2 )(3 )]\n22: 49cd895b-53b2-4dc4-a5f7-b18aa019ad37, 1, 0 [(0 [0xC004F014, 0, 0], [(?)(?)(?)(?)(?)(?)(?)(?)])(1 )(2 )(3 )]\n23: 4de7cb65-cdf1-4de9-8ae8-e3cce27b9f2c, 1, 0 [(0 [0xC004F014, 0, 0], [(?)(?)(?)(?)(?)(?)(?)(?)])(1 )(2 )(3 )]\n24: 4f3da0d2-271d-4508-ae81-626b60809a38, 1, 0 [(0 [0xC004F014, 0, 0], [(?)(?)(?)(?)(?)(?)(?)(?)])(1 )(2 )(3 )]\n25: 5d78c4e9-aeb3-4b40-8ac2-6a6005e0ad6d, 1, 0 [(0 [0xC004F014, 0, 0], [(?)(?)(?)(?)(?)(?)(?)(?)])(1 )(2 )(3 )]\n26: 60b3ec1b-9545-4921-821f-311b129dd6f6, 1, 0 [(0 [0xC004F014, 0, 0], [(?)(?)(?)(?)(?)(?)(?)(?)])(1 )(2 )(3 )]\n27: 613d217f-7f13-4268-9907-1662339531cd, 1, 0 [(0 [0xC004F014, 0, 0], [(?)(?)(?)(?)(?)(?)(?)(?)])(1 )(2 )(3 )]\n28: 62f0c100-9c53-4e02-b886-a3528ddfe7f6, 1, 0 [(0 [0xC004F014, 0, 0], [(?)(?)(?)(?)(?)(?)(?)(?)])(1 )(2 )(3 )]\n29: 6365275e-368d-46ca-a0ef-fc0404119333, 1, 0 [(0 [0xC004F014, 0, 0], [(?)(?)(?)(?)(?)(?)(?)(?)])(1 )(2 )(3 )]\n30: 721f9237-9341-4453-a661-09e8baa6cca5, 1, 0 [(0 [0xC004F014, 0, 0], [(?)(?)(?)(?)(?)(?)(?)(?)])(1 )(2 )(3 )]\n31: 73111121-5638-40f6-bc11-f1d7b0d64300, 1, 0 [(0 [0xC004F014, 0, 0], [(?)(?)(?)(?)(?)(?)(?)(?)])(1 )(2 )(3 )]\n32: 7a802526-4c94-4bd1-ba14-835a1aca2120, 1, 0 [(0 [0xC004F014, 0, 0], [(?)(?)(?)(?)(?)(?)(?)(?)])(1 )(2 )(3 )]\n33: 7cb546c0-c7d5-44d8-9a5c-69ecdd782b69, 1, 0 [(0 [0xC004F014, 0, 0], [(?)(?)(?)(?)(?)(?)(?)(?)])(1 )(2 )(3 )]\n34: 80083eae-7031-4394-9e88-4901973d56fe, 1, 0 [(0 [0xC004F014, 0, 0], [(?)(?)(?)(?)(?)(?)(?)(?)])(1 )(2 )(3 )]\n35: 82bbc092-bc50-4e16-8e18-b74fc486aec3, 1, 0 [(0 [0xC004F014, 0, 0], [(?)(?)(?)(?)(?)(?)(?)(?)])(1 )(2 )(3 )]\n36: 8ab9bdd1-1f67-4997-82d9-8878520837d9, 1, 0 [(0 [0xC004F014, 0, 0], [(?)(?)(?)(?)(?)(?)(?)(?)])(1 )(2 )(3 )]\n37: 8b351c9c-f398-4515-9900-09df49427262, 1, 0 [(0 [0xC004F014, 0, 0], [(?)(?)(?)(?)(?)(?)(?)(?)])(1 )(2 )(3 )]\n38: 90da7373-1c51-430b-bf26-c97e9c5cdc31, 1, 0 [(0 [0xC004F014, 0, 0], [(?)(?)(?)(?)(?)(?)(?)(?)])(1 )(2 )(3 )]\n39: 92fb8726-92a8-4ffc-94ce-f82e07444653, 1, 0 [(0 [0xC004F014, 0, 0], [(?)(?)(?)(?)(?)(?)(?)(?)])(1 )(2 )(3 )]\n40: 95dca82f-385d-4d39-b85b-5c73fa285d6f, 1, 0 [(0 [0xC004F014, 0, 0], [(?)(?)(?)(?)(?)(?)(?)(?)])(1 )(2 )(3 )]\n41: 97cde3ae-e908-4b59-ac96-a17645c5b57e, 1, 0 [(0 [0xC004F014, 0, 0], [(?)(?)(?)(?)(?)(?)(?)(?)])(1 )(2 )(3 )]\n42: a48938aa-62fa-4966-9d44-9f04da3f72f2, 1, 0 [(0 [0xC004F014, 0, 0], [(?)(?)(?)(?)(?)(?)(?)(?)])(1 )(2 )(3 )]\n43: b0773a15-df3a-4312-9ad2-83d69648e356, 1, 0 [(0 [0xC004F014, 0, 0], [(?)(?)(?)(?)(?)(?)(?)(?)])(1 )(2 )(3 )]\n44: b4bfe195-541e-4e64-ad23-6177f19e395e, 1, 0 [(0 [0xC004F014, 0, 0], [(?)(?)(?)(?)(?)(?)(?)(?)])(1 )(2 )(3 )]\n45: b68e61d2-68ca-4757-be45-0cc2f3e68eee, 1, 0 [(0 [0xC004F014, 0, 0], [(?)(?)(?)(?)(?)(?)(?)(?)])(1 )(2 )(3 )]\n46: bd3762d7-270d-4760-8fb3-d829ca45278a, 1, 0 [(0 [0xC004F014, 0, 0], [(?)(?)(?)(?)(?)(?)(?)(?)])(1 )(2 )(3 )]\n47: c86d5194-4840-4dae-9c1c-0301003a5ab0, 1, 0 [(0 [0xC004F014, 0, 0], [(?)(?)(?)(?)(?)(?)(?)(?)])(1 )(2 )(3 )]\n48: ca7df2e3-5ea0-47b8-9ac1-b1be4d8edd69, 1, 0 [(0 [0xC004F014, 0, 0], [(?)(?)(?)(?)(?)(?)(?)(?)])(1 )(2 )(3 )]\n49: d552befb-48cc-4327-8f39-47d2d94f987c, 1, 0 [(0 [0xC004F014, 0, 0], [(?)(?)(?)(?)(?)(?)(?)(?)])(1 )(2 )(3 )]\n50: d6eadb3b-5ca8-4a6b-986e-35b550756111, 1, 0 [(0 [0xC004F014, 0, 0], [(?)(?)(?)(?)(?)(?)(?)(?)])(1 )(2 )(3 )]\n51: df96023b-dcd9-4be2-afa0-c6c871159ebe, 1, 0 [(0 [0xC004F014, 0, 0], [(?)(?)(?)(?)(?)(?)(?)(?)])(1 )(2 )(3 )]\n52: e0c42288-980c-4788-a014-c080d2e1926e, 1, 0 [(0 [0xC004F014, 0, 0], [(?)(?)(?)(?)(?)(?)(?)(?)])(1 )(2 )(3 )]\n53: e4db50ea-bda1-4566-b047-0ca50abc6f07, 1, 0 [(0 [0xC004F014, 0, 0], [(?)(?)(?)(?)(?)(?)(?)(?)])(1 )(2 )(3 )]\n54: e558417a-5123-4f6f-91e7-385c1c7ca9d4, 1, 0 [(0 [0xC004F014, 0, 0], [(?)(?)(?)(?)(?)(?)(?)(?)])(1 )(2 )(3 )]\n55: e7a950a2-e548-4f10-bf16-02ec848e0643, 1, 0 [(0 [0xC004F014, 0, 0], [(?)(?)(?)(?)(?)(?)(?)(?)])(1 )(2 )(3 )]\n56: eb6d346f-1c60-4643-b960-40ec31596c45, 1, 0 [(0 [0xC004F014, 0, 0], [(?)(?)(?)(?)(?)(?)(?)(?)])(1 )(2 )(3 )]\n57: ec868e65-fadf-4759-b23e-93fe37f2cc29, 1, 0 [(0 [0xC004F014, 0, 0], [(?)(?)(?)(?)(?)(?)(?)(?)])(1 )(2 )(3 )]\n58: ef51e000-2659-4f25-8345-3de70a9cf4c4, 1, 0 [(0 [0xC004F014, 0, 0], [(?)(?)(?)(?)(?)(?)(?)(?)])(1 )(2 )(3 )]\n59: f7af7d09-40e4-419c-a49b-eae366689ebd, 1, 0 [(0 [0xC004F014, 0, 0], [(?)(?)(?)(?)(?)(?)(?)(?)])(1 )(2 )(3 )]\n60: fa755fe6-6739-40b9-8d84-6d0ea3b6d1ab, 1, 0 [(0 [0xC004F014, 0, 0], [(?)(?)(?)(?)(?)(?)(?)(?)])(1 )(2 )(3 )]\n61: fe74f55b-0338-41d6-b267-4a201abe7285, 1, 1 [(0 )(1 )(2 [0xC004E003, 0, 0], [( 1 0xC004F034)( 1 0xC004F034)(?)(?)(?)(?)(?)(?)])(3 [0x00000000, 0, 0], [( 6 0xC004F009 0 0)( 1 0x00000000)( 6 0xC004F009 0 0)(?)(?)(?)( 10 0x00000000 msft:rm/algorithm/flags/1.0)( 11 0x00000000 0xC004F034)])]\n\n",
              "ParamInfo": "55c92734-d682-4d71-983e-d6ec3f16059f;\n1: 01eb852c-424d-4060-94b8-c10d799d7364, 1, 0 [(0 [0xC004F014, 0, 0], [(?)(?)(?)(?)(?)(?)(?)(?)])(1 )(2 )(3 )]\n2: 040fa323-92b1-4baf-97a2-5b67feaefddb, 1, 0 [(0 [0xC004F014, 0, 0], [(?)(?)(?)(?)(?)(?)(?)(?)])(1 )(2 )(3 )]\n3: 0724cb7d-3437-4cb7-93cb-830375d0079d, 1, 0 [(0 [0xC004F014, 0, 0], [(?)(?)(?)(?)(?)(?)(?)(?)])(1 )(2 )(3 )]\n4: 0ad2ac98-7bb9-4201-8d92-312299201369, 1, 0 [(0 [0xC004F014, 0, 0], [(?)(?)(?)(?)(?)(?)(?)(?)])(1 )(2 )(3 )]\n5: 19de9b2f-0166-4abb-9534-56ea69a80edb, 1, 0 [(0 [0xC004F014, 0, 0], [(?)(?)(?)(?)(?)(?)(?)(?)])(1 )(2 )(3 )]\n6: 1a9a717a-cf13-4ba5-83c3-0fe25fa868d5, 1, 0 [(0 [0xC004F014, 0, 0], [(?)(?)(?)(?)(?)(?)(?)(?)])(1 )(2 )(3 )]\n7: 221a02da-e2a1-4b75-864c-0a4410a33fdf, 1, 0 [(0 [0xC004F014, 0, 0], [(?)(?)(?)(?)(?)(?)(?)(?)])(1 )(2 )(3 )]\n8: 265f3fad-6a1c-4bdd-ae30-c75efa556ccb, 1, 0 [(0 [0xC004F014, 0, 0], [(?)(?)(?)(?)(?)(?)(?)(?)])(1 )(2 )(3 )]\n9: 291ece0e-9c38-40ca-a9e1-32cc7ec19507, 1, 0 [(0 [0xC004F014, 0, 0], [(?)(?)(?)(?)(?)(?)(?)(?)])(1 )(2 )(3 )]\n10: 2936d1d2-913a-4542-b54e-ce5a602a2a38, 1, 0 [(0 [0xC004F014, 0, 0], [(?)(?)(?)(?)(?)(?)(?)(?)])(1 )(2 )(3 )]\n11: 2c293c26-a45a-4a2a-a350-c69a67097529, 1, 0 [(0 [0xC004F014, 0, 0], [(?)(?)(?)(?)(?)(?)(?)(?)])(1 )(2 )(3 )]\n12: 2de67392-b7a7-462a-b1ca-108dd189f588, 1, 0 [(0 [0xC004F014, 0, 0], [(?)(?)(?)(?)(?)(?)(?)(?)])(1 )(2 )(3 )]\n13: 2ffd8952-423e-4903-b993-72a1aa44cf82, 1, 0 [(0 [0xC004F014, 0, 0], [(?)(?)(?)(?)(?)(?)(?)(?)])(1 )(2 )(3 )]\n14: 30a42c86-b7a0-4a34-8c90-ff177cb2acb7, 1, 0 [(0 [0xC004F014, 0, 0], [(?)(?)(?)(?)(?)(?)(?)(?)])(1 )(2 )(3 )]\n15: 345a5db0-d94f-4e3b-a0c0-7c42f7bc3ebf, 1, 0 [(0 [0xC004F014, 0, 0], [(?)(?)(?)(?)(?)(?)(?)(?)])(1 )(2 )(3 )]\n16: 3502365a-f88a-4ba4-822a-5769d3073b65, 1, 0 [(0 [0xC004F014, 0, 0], [(?)(?)(?)(?)(?)(?)(?)(?)])(1 )(2 )(3 )]\n17: 377333b1-8b5d-48d6-9679-1225c872d37c, 1, 0 [(0 [0xC004F014, 0, 0], [(?)(?)(?)(?)(?)(?)(?)(?)])(1 )(2 )(3 )]\n18: 3df374ef-d444-4494-a5a1-4b0d9fd0e203, 1, 0 [(0 [0xC004F014, 0, 0], [(?)(?)(?)(?)(?)(?)(?)(?)])(1 )(2 )(3 )]\n19: 3ebce241-ea87-4946-8a4f-80d00e921dff, 1, 0 [(0 [0xC004F014, 0, 0], [(?)(?)(?)(?)(?)(?)(?)(?)])(1 )(2 )(3 )]\n20: 3f1afc82-f8ac-4f6c-8005-1d233e606eee, 1, 0 [(0 [0xC004F014, 0, 0], [(?)(?)(?)(?)(?)(?)(?)(?)])(1 )(2 )(3 )]\n21: 4322a811-697c-44dc-865e-3e2fdcb86009, 1, 0 [(0 [0xC004F014, 0, 0], [(?)(?)(?)(?)(?)(?)(?)(?)])(1 )(2 )(3 )]\n22: 49cd895b-53b2-4dc4-a5f7-b18aa019ad37, 1, 0 [(0 [0xC004F014, 0, 0], [(?)(?)(?)(?)(?)(?)(?)(?)])(1 )(2 )(3 )]\n23: 4de7cb65-cdf1-4de9-8ae8-e3cce27b9f2c, 1, 0 [(0 [0xC004F014, 0, 0], [(?)(?)(?)(?)(?)(?)(?)(?)])(1 )(2 )(3 )]\n24: 4f3da0d2-271d-4508-ae81-626b60809a38, 1, 0 [(0 [0xC004F014, 0, 0], [(?)(?)(?)(?)(?)(?)(?)(?)])(1 )(2 )(3 )]\n25: 5d78c4e9-aeb3-4b40-8ac2-6a6005e0ad6d, 1, 0 [(0 [0xC004F014, 0, 0], [(?)(?)(?)(?)(?)(?)(?)(?)])(1 )(2 )(3 )]\n26: 60b3ec1b-9545-4921-821f-311b129dd6f6, 1, 0 [(0 [0xC004F014, 0, 0], [(?)(?)(?)(?)(?)(?)(?)(?)])(1 )(2 )(3 )]\n27: 613d217f-7f13-4268-9907-1662339531cd, 1, 0 [(0 [0xC004F014, 0, 0], [(?)(?)(?)(?)(?)(?)(?)(?)])(1 )(2 )(3 )]\n28: 62f0c100-9c53-4e02-b886-a3528ddfe7f6, 1, 0 [(0 [0xC004F014, 0, 0], [(?)(?)(?)(?)(?)(?)(?)(?)])(1 )(2 )(3 )]\n29: 6365275e-368d-46ca-a0ef-fc0404119333, 1, 0 [(0 [0xC004F014, 0, 0], [(?)(?)(?)(?)(?)(?)(?)(?)])(1 )(2 )(3 )]\n30: 721f9237-9341-4453-a661-09e8baa6cca5, 1, 0 [(0 [0xC004F014, 0, 0], [(?)(?)(?)(?)(?)(?)(?)(?)])(1 )(2 )(3 )]\n31: 73111121-5638-40f6-bc11-f1d7b0d64300, 1, 0 [(0 [0xC004F014, 0, 0], [(?)(?)(?)(?)(?)(?)(?)(?)])(1 )(2 )(3 )]\n32: 7a802526-4c94-4bd1-ba14-835a1aca2120, 1, 0 [(0 [0xC004F014, 0, 0], [(?)(?)(?)(?)(?)(?)(?)(?)])(1 )(2 )(3 )]\n33: 7cb546c0-c7d5-44d8-9a5c-69ecdd782b69, 1, 0 [(0 [0xC004F014, 0, 0], [(?)(?)(?)(?)(?)(?)(?)(?)])(1 )(2 )(3 )]\n34: 80083eae-7031-4394-9e88-4901973d56fe, 1, 0 [(0 [0xC004F014, 0, 0], [(?)(?)(?)(?)(?)(?)(?)(?)])(1 )(2 )(3 )]\n35: 82bbc092-bc50-4e16-8e18-b74fc486aec3, 1, 0 [(0 [0xC004F014, 0, 0], [(?)(?)(?)(?)(?)(?)(?)(?)])(1 )(2 )(3 )]\n36: 8ab9bdd1-1f67-4997-82d9-8878520837d9, 1, 0 [(0 [0xC004F014, 0, 0], [(?)(?)(?)(?)(?)(?)(?)(?)])(1 )(2 )(3 )]\n37: 8b351c9c-f398-4515-9900-09df49427262, 1, 0 [(0 [0xC004F014, 0, 0], [(?)(?)(?)(?)(?)(?)(?)(?)])(1 )(2 )(3 )]\n38: 90da7373-1c51-430b-bf26-c97e9c5cdc31, 1, 0 [(0 [0xC004F014, 0, 0], [(?)(?)(?)(?)(?)(?)(?)(?)])(1 )(2 )(3 )]\n39: 92fb8726-92a8-4ffc-94ce-f82e07444653, 1, 0 [(0 [0xC004F014, 0, 0], [(?)(?)(?)(?)(?)(?)(?)(?)])(1 )(2 )(3 )]\n40: 95dca82f-385d-4d39-b85b-5c73fa285d6f, 1, 0 [(0 [0xC004F014, 0, 0], [(?)(?)(?)(?)(?)(?)(?)(?)])(1 )(2 )(3 )]\n41: 97cde3ae-e908-4b59-ac96-a17645c5b57e, 1, 0 [(0 [0xC004F014, 0, 0], [(?)(?)(?)(?)(?)(?)(?)(?)])(1 )(2 )(3 )]\n42: a48938aa-62fa-4966-9d44-9f04da3f72f2, 1, 0 [(0 [0xC004F014, 0, 0], [(?)(?)(?)(?)(?)(?)(?)(?)])(1 )(2 )(3 )]\n43: b0773a15-df3a-4312-9ad2-83d69648e356, 1, 0 [(0 [0xC004F014, 0, 0], [(?)(?)(?)(?)(?)(?)(?)(?)])(1 )(2 )(3 )]\n44: b4bfe195-541e-4e64-ad23-6177f19e395e, 1, 0 [(0 [0xC004F014, 0, 0], [(?)(?)(?)(?)(?)(?)(?)(?)])(1 )(2 )(3 )]\n45: b68e61d2-68ca-4757-be45-0cc2f3e68eee, 1, 0 [(0 [0xC004F014, 0, 0], [(?)(?)(?)(?)(?)(?)(?)(?)])(1 )(2 )(3 )]\n46: bd3762d7-270d-4760-8fb3-d829ca45278a, 1, 0 [(0 [0xC004F014, 0, 0], [(?)(?)(?)(?)(?)(?)(?)(?)])(1 )(2 )(3 )]\n47: c86d5194-4840-4dae-9c1c-0301003a5ab0, 1, 0 [(0 [0xC004F014, 0, 0], [(?)(?)(?)(?)(?)(?)(?)(?)])(1 )(2 )(3 )]\n48: ca7df2e3-5ea0-47b8-9ac1-b1be4d8edd69, 1, 0 [(0 [0xC004F014, 0, 0], [(?)(?)(?)(?)(?)(?)(?)(?)])(1 )(2 )(3 )]\n49: d552befb-48cc-4327-8f39-47d2d94f987c, 1, 0 [(0 [0xC004F014, 0, 0], [(?)(?)(?)(?)(?)(?)(?)(?)])(1 )(2 )(3 )]\n50: d6eadb3b-5ca8-4a6b-986e-35b550756111, 1, 0 [(0 [0xC004F014, 0, 0], [(?)(?)(?)(?)(?)(?)(?)(?)])(1 )(2 )(3 )]\n51: df96023b-dcd9-4be2-afa0-c6c871159ebe, 1, 0 [(0 [0xC004F014, 0, 0], [(?)(?)(?)(?)(?)(?)(?)(?)])(1 )(2 )(3 )]\n52: e0c42288-980c-4788-a014-c080d2e1926e, 1, 0 [(0 [0xC004F014, 0, 0], [(?)(?)(?)(?)(?)(?)(?)(?)])(1 )(2 )(3 )]\n53: e4db50ea-bda1-4566-b047-0ca50abc6f07, 1, 0 [(0 [0xC004F014, 0, 0], [(?)(?)(?)(?)(?)(?)(?)(?)])(1 )(2 )(3 )]\n54: e558417a-5123-4f6f-91e7-385c1c7ca9d4, 1, 0 [(0 [0xC004F014, 0, 0], [(?)(?)(?)(?)(?)(?)(?)(?)])(1 )(2 )(3 )]\n55: e7a950a2-e548-4f10-bf16-02ec848e0643, 1, 0 [(0 [0xC004F014, 0, 0], [(?)(?)(?)(?)(?)(?)(?)(?)])(1 )(2 )(3 )]\n56: eb6d346f-1c60-4643-b960-40ec31596c45, 1, 0 [(0 [0xC004F014, 0, 0], [(?)(?)(?)(?)(?)(?)(?)(?)])(1 )(2 )(3 )]\n57: ec868e65-fadf-4759-b23e-93fe37f2cc29, 1, 0 [(0 [0xC004F014, 0, 0], [(?)(?)(?)(?)(?)(?)(?)(?)])(1 )(2 )(3 )]\n58: ef51e000-2659-4f25-8345-3de70a9cf4c4, 1, 0 [(0 [0xC004F014, 0, 0], [(?)(?)(?)(?)(?)(?)(?)(?)])(1 )(2 )(3 )]\n59: f7af7d09-40e4-419c-a49b-eae366689ebd, 1, 0 [(0 [0xC004F014, 0, 0], [(?)(?)(?)(?)(?)(?)(?)(?)])(1 )(2 )(3 )]\n60: fa755fe6-6739-40b9-8d84-6d0ea3b6d1ab, 1, 0 [(0 [0xC004F014, 0, 0], [(?)(?)(?)(?)(?)(?)(?)(?)])(1 )(2 )(3 )]\n61: fe74f55b-0338-41d6-b267-4a201abe7285, 1, 1 [(0 )(1 )(2 [0xC004E003, 0, 0], [( 1 0xC004F034)( 1 0xC004F034)(?)(?)(?)(?)(?)(?)])(3 [0x00000000, 0, 0], [( 6 0xC004F009 0 0)( 1 0x00000000)( 6 0xC004F009 0 0)(?)(?)(?)( 10 0x00000000 msft:rm/algorithm/flags/1.0)( 11 0x00000000 0xC004F034)])]\n\n",
              "ItemId": null,
              "RecordId": null,
              "RuntimeId": "DBD9AA8900DC78BA83B5C2E776EE5DEC",
              "Id": 547
            },
            {
              "TimeStamp": "2025-10-24T07:59:11",
              "EventType": "EventLog",
              "EventId": "8198",
              "EventSource": "Software Protection Platform Service",
              "Level": "Error",
              "EventTask": "0",
              "GeneralInfo": "[Application]License Activation (slui.exe) failed with the following error code:\r\nhr=0x80004005\r\nCommand-line arguments:\r\nRuleId=31e71c49-8da7-4a2f-ad92-45d98a1c79ba;Action=AutoActivate;AppId=55c92734-d682-4d71-983e-d6ec3f16059f;SkuId=fe74f55b-0338-41d6-b267-4a201abe7285;NotificationInterval=1440;Trigger=NetworkAvailable",
              "ParamInfo": "hr=0x80004005;RuleId=31e71c49-8da7-4a2f-ad92-45d98a1c79ba;Action=AutoActivate;AppId=55c92734-d682-4d71-983e-d6ec3f16059f;SkuId=fe74f55b-0338-41d6-b267-4a201abe7285;NotificationInterval=1440;Trigger=NetworkAvailable",
              "ItemId": null,
              "RecordId": null,
              "RuntimeId": "DBD9AA8900DC78BA83B5C2E776EE5DEC",
              "Id": 548
            },
            {
              "TimeStamp": "2025-10-24T07:59:10.0383971",
              "EventType": "WndProcNotify",
              "EventId": "32768",
              "EventSource": "537",
              "Level": "Information",
              "EventTask": "4",
              "GeneralInfo": "Device enabled.Device:Realtek USB GbE Family Controller #7 Detail:\\\\?\\USB#VID_0BDA&PID_8153#02191ACF8#{cac88484-7515-4c03-82e6-71a87abac361}",
              "ParamInfo": "",
              "ItemId": null,
              "RecordId": null,
              "RuntimeId": "DBD9AA8900DC78BA83B5C2E776EE5DEC",
              "Id": 532
            },
            {
              "TimeStamp": "2025-10-24T07:59:10.0286257",
              "EventType": "WndProcNotify",
              "EventId": "32768",
              "EventSource": "537",
              "Level": "Information",
              "EventTask": "4",
              "GeneralInfo": "Device enabled.Device:Realtek USB GbE Family Controller #7 Detail:\\\\?\\USB#VID_0BDA&PID_8153#02191ACF8#{ad498944-762f-11d0-8dcb-00c04fc3358c}\\{F1D5D758-7E80-443D-AD9D-EC89E565EA4D}",
              "ParamInfo": "",
              "ItemId": null,
              "RecordId": null,
              "RuntimeId": "DBD9AA8900DC78BA83B5C2E776EE5DEC",
              "Id": 530
            },
            {
              "TimeStamp": "2025-10-24T07:59:10.0286257",
              "EventType": "WndProcNotify",
              "EventId": "32768",
              "EventSource": "537",
              "Level": "Information",
              "EventTask": "4",
              "GeneralInfo": "Device enabled.Device:Realtek USB GbE Family Controller #7 Detail:\\\\?\\USB#VID_0BDA&PID_8153#02191ACF8#{cac88484-7515-4c03-82e6-71a87abac361}\\{F1D5D758-7E80-443D-AD9D-EC89E565EA4D}",
              "ParamInfo": "",
              "ItemId": null,
              "RecordId": null,
              "RuntimeId": "DBD9AA8900DC78BA83B5C2E776EE5DEC",
              "Id": 531
            },
            {
              "TimeStamp": "2025-10-24T07:59:10.0223131",
              "EventType": "WndProcNotify",
              "EventId": "32768",
              "EventSource": "537",
              "Level": "Information",
              "EventTask": "4",
              "GeneralInfo": "Device enabled.Device:Realtek USB GbE Family Controller #7 Detail:\\\\?\\USB#VID_0BDA&PID_8153#02191ACF8#{a5dcbf10-6530-11d2-901f-00c04fb951ed}",
              "ParamInfo": "",
              "ItemId": null,
              "RecordId": null,
              "RuntimeId": "DBD9AA8900DC78BA83B5C2E776EE5DEC",
              "Id": 529
            },
            {
              "TimeStamp": "2025-10-24T07:59:10",
              "EventType": "EventLog",
              "EventId": "16394",
              "EventSource": "Software Protection Platform Service",
              "Level": "Information",
              "EventTask": "0",
              "GeneralInfo": "[Application]Offline downlevel migration succeeded.",
              "ParamInfo": "",
              "ItemId": null,
              "RecordId": null,
              "RuntimeId": "DBD9AA8900DC78BA83B5C2E776EE5DEC",
              "Id": 544
            },
            {
              "TimeStamp": "2025-10-24T07:59:09.8919913",
              "EventType": "WndProcNotify",
              "EventId": "32772",
              "EventSource": "537",
              "Level": "Warning",
              "EventTask": "4",
              "GeneralInfo": "Device disabled.Device:Realtek USB GbE Family Controller #7 Detail:\\\\?\\USB#VID_0BDA&PID_8153#02191ACF8#{a5dcbf10-6530-11d2-901f-00c04fb951ed}",
              "ParamInfo": "",
              "ItemId": null,
              "RecordId": null,
              "RuntimeId": "DBD9AA8900DC78BA83B5C2E776EE5DEC",
              "Id": 528
            },
            {
              "TimeStamp": "2025-10-24T07:59:09.8010108",
              "EventType": "WndProcNotify",
              "EventId": "32772",
              "EventSource": "537",
              "Level": "Warning",
              "EventTask": "4",
              "GeneralInfo": "Device disabled.Device:Realtek USB GbE Family Controller #7 Detail:\\\\?\\USB#VID_0BDA&PID_8153#02191ACF8#{cac88484-7515-4c03-82e6-71a87abac361}",
              "ParamInfo": "",
              "ItemId": null,
              "RecordId": null,
              "RuntimeId": "DBD9AA8900DC78BA83B5C2E776EE5DEC",
              "Id": 527
            },
            {
              "TimeStamp": "2025-10-24T07:59:09.4771806",
              "EventType": "WndProcNotify",
              "EventId": "32772",
              "EventSource": "537",
              "Level": "Warning",
              "EventTask": "4",
              "GeneralInfo": "Device disabled.Device:Realtek USB GbE Family Controller #7 Detail:\\\\?\\USB#VID_0BDA&PID_8153#02191ACF8#{cac88484-7515-4c03-82e6-71a87abac361}\\{F1D5D758-7E80-443D-AD9D-EC89E565EA4D}",
              "ParamInfo": "",
              "ItemId": null,
              "RecordId": null,
              "RuntimeId": "DBD9AA8900DC78BA83B5C2E776EE5DEC",
              "Id": 526
            },
            {
              "TimeStamp": "2025-10-24T07:59:09.4157833",
              "EventType": "WndProcNotify",
              "EventId": "32772",
              "EventSource": "537",
              "Level": "Warning",
              "EventTask": "4",
              "GeneralInfo": "Device disabled.Device:Realtek USB GbE Family Controller #7 Detail:\\\\?\\USB#VID_0BDA&PID_8153#02191ACF8#{ad498944-762f-11d0-8dcb-00c04fc3358c}\\{F1D5D758-7E80-443D-AD9D-EC89E565EA4D}",
              "ParamInfo": "",
              "ItemId": null,
              "RecordId": null,
              "RuntimeId": "DBD9AA8900DC78BA83B5C2E776EE5DEC",
              "Id": 525
            },
            {
              "TimeStamp": "2025-10-24T07:59:09",
              "EventType": "EventLog",
              "EventId": "1014",
              "EventSource": "Microsoft-Windows-DNS-Client",
              "Level": "Warning",
              "EventTask": "1014",
              "GeneralInfo": "[System]Name resolution for the name ctldl.windowsupdate.com timed out after none of the configured DNS servers responded. Client PID 5824.",
              "ParamInfo": "ctldl.windowsupdate.com;128;0200000096D50102000000000000000000000000000000000000000000000000000000000000000000000000000000000000000000000000000000000000000000000000000000000000000000000000000000000000000000000000000000000000000000000000000000000000000000000000000000000000000000000000;5824",
              "ItemId": null,
              "RecordId": null,
              "RuntimeId": "DBD9AA8900DC78BA83B5C2E776EE5DEC",
              "Id": 539
            },
            {
              "TimeStamp": "2025-10-24T07:59:09",
              "EventType": "EventLog",
              "EventId": "507",
              "EventSource": "Microsoft-Windows-Kernel-Power",
              "Level": "Information",
              "EventTask": "158",
              "GeneralInfo": "[System]The description for Event ID '507' in Source 'Microsoft-Windows-Kernel-Power' cannot be found.  The local computer may not have the necessary registry information or message DLL files to display the message, or you may not have permission to access them.  The following information is part of the event:'0', '119555648', '1108117542', '0', '0', '119555648', '0', '100', 'true', '1', '249779', '1783743', 'true', '0', '463343', 'false', 'true', '0', '7', '0', 'true', 'false', '3', 'false', '52610', '80000', '1', '86', '0', '18446744072692327408', '0', '0', '0', '0', '456569', 'true', '52610', '52610', '75871', '52610', '52610', '119478616', '80000', '80000', '80000', '80000', '4', '0', '0', '0', '0', '0'",
              "ParamInfo": "0;119555648;1108117542;0;0;119555648;0;100;true;1;249779;1783743;true;0;463343;false;true;0;7;0;true;false;3;false;52610;80000;1;86;0;18446744072692327408;0;0;0;0;456569;true;52610;52610;75871;52610;52610;119478616;80000;80000;80000;80000;4;0;0;0;0;0",
              "ItemId": null,
              "RecordId": null,
              "RuntimeId": "DBD9AA8900DC78BA83B5C2E776EE5DEC",
              "Id": 540
            },
            {
              "TimeStamp": "2025-10-24T07:59:09",
              "EventType": "EventLog",
              "EventId": "566",
              "EventSource": "Microsoft-Windows-Kernel-Power",
              "Level": "Information",
              "EventTask": "268",
              "GeneralInfo": "[System]The description for Event ID '566' in Source 'Microsoft-Windows-Kernel-Power' cannot be found.  The local computer may not have the necessary registry information or message DLL files to display the message, or you may not have permission to access them.  The following information is part of the event:'86', '1', '2', '2', '119478616', '52610', '80000', '52610', '80000', '3', '0', 'true', '1'",
              "ParamInfo": "86;1;2;2;119478616;52610;80000;52610;80000;3;0;true;1",
              "ItemId": null,
              "RecordId": null,
              "RuntimeId": "DBD9AA8900DC78BA83B5C2E776EE5DEC",
              "Id": 541
            },
            {
              "TimeStamp": "2025-10-24T07:58:24",
              "EventType": "EventLog",
              "EventId": "2504",
              "EventSource": "Server",
              "Level": "Warning",
              "EventTask": "0",
              "GeneralInfo": "[System]The server could not bind to the transport \\Device\\NetBT_Tcpip_{F1D5D758-7E80-443D-AD9D-EC89E565EA4D}.",
              "ParamInfo": "\\Device\\NetBT_Tcpip_{F1D5D758-7E80-443D-AD9D-EC89E565EA4D}",
              "ItemId": null,
              "RecordId": null,
              "RuntimeId": "DBD9AA8900DC78BA83B5C2E776EE5DEC",
              "Id": 536
            },
            {
              "TimeStamp": "2025-10-24T07:58:24",
              "EventType": "EventLog",
              "EventId": "4321",
              "EventSource": "NetBT",
              "Level": "Error",
              "EventTask": "0",
              "GeneralInfo": "[System]The name \"LAPTOP-QFNRBVBT:0\" could not be registered on the interface with IP address 150.213.3.24.\r\nThe computer with the IP address 150.213.2.169 did not allow the name to be claimed by\r\nthis computer.",
              "ParamInfo": ";LAPTOP-QFNRBVBT:0;150.213.3.24;150.213.2.169",
              "ItemId": null,
              "RecordId": null,
              "RuntimeId": "DBD9AA8900DC78BA83B5C2E776EE5DEC",
              "Id": 537
            },
            {
              "TimeStamp": "2025-10-24T07:58:24",
              "EventType": "EventLog",
              "EventId": "4321",
              "EventSource": "NetBT",
              "Level": "Error",
              "EventTask": "0",
              "GeneralInfo": "[System]The name \"LAPTOP-QFNRBVBT:20\" could not be registered on the interface with IP address 150.213.3.24.\r\nThe computer with the IP address 150.213.2.169 did not allow the name to be claimed by\r\nthis computer.",
              "ParamInfo": ";LAPTOP-QFNRBVBT:20;150.213.3.24;150.213.2.169",
              "ItemId": null,
              "RecordId": null,
              "RuntimeId": "DBD9AA8900DC78BA83B5C2E776EE5DEC",
              "Id": 538
            },
            {
              "TimeStamp": "2025-10-24T07:57:10",
              "EventType": "EventLog",
              "EventId": "566",
              "EventSource": "Microsoft-Windows-Kernel-Power",
              "Level": "Information",
              "EventTask": "268",
              "GeneralInfo": "[System]The description for Event ID '566' in Source 'Microsoft-Windows-Kernel-Power' cannot be found.  The local computer may not have the necessary registry information or message DLL files to display the message, or you may not have permission to access them.  The following information is part of the event:'86', '11', '0', '0', '177819083', '0', '0', '52610', '80000', '1', '1', 'true', '11'",
              "ParamInfo": "86;11;0;0;177819083;0;0;52610;80000;1;1;true;11",
              "ItemId": null,
              "RecordId": null,
              "RuntimeId": "DBD9AA8900DC78BA83B5C2E776EE5DEC",
              "Id": 533
            },
            {
              "TimeStamp": "2025-10-24T07:57:10",
              "EventType": "EventLog",
              "EventId": "506",
              "EventSource": "Microsoft-Windows-Kernel-Power",
              "Level": "Information",
              "EventTask": "157",
              "GeneralInfo": "[System]The description for Event ID '506' in Source 'Microsoft-Windows-Kernel-Power' cannot be found.  The local computer may not have the necessary registry information or message DLL files to display the message, or you may not have permission to access them.  The following information is part of the event:'11', 'true', 'false', '1', '52610', '80000', '1', '86'",
              "ParamInfo": "11;true;false;1;52610;80000;1;86",
              "ItemId": null,
              "RecordId": null,
              "RuntimeId": "DBD9AA8900DC78BA83B5C2E776EE5DEC",
              "Id": 534
            },
            {
              "TimeStamp": "2025-10-24T07:57:10",
              "EventType": "EventLog",
              "EventId": "566",
              "EventSource": "Microsoft-Windows-Kernel-Power",
              "Level": "Information",
              "EventTask": "268",
              "GeneralInfo": "[System]The description for Event ID '566' in Source 'Microsoft-Windows-Kernel-Power' cannot be found.  The local computer may not have the necessary registry information or message DLL files to display the message, or you may not have permission to access them.  The following information is part of the event:'86', '11', '1', '1', '75871', '52610', '80000', '52610', '80000', '2', '2', 'true', '11'",
              "ParamInfo": "86;11;1;1;75871;52610;80000;52610;80000;2;2;true;11",
              "ItemId": null,
              "RecordId": null,
              "RuntimeId": "DBD9AA8900DC78BA83B5C2E776EE5DEC",
              "Id": 535
            },
            {
              "TimeStamp": "2025-10-24T07:57:04",
              "EventType": "EventLog",
              "EventId": "16384",
              "EventSource": "Software Protection Platform Service",
              "Level": "Information",
              "EventTask": "0",
              "GeneralInfo": "[Application]Successfully scheduled Software Protection service for re-start at 2025-10-24T23:54:04Z. Reason: RulesEngine.",
              "ParamInfo": "2025-10-24T23:54:04Z;RulesEngine",
              "ItemId": null,
              "RecordId": null,
              "RuntimeId": "DBD9AA8900DC78BA83B5C2E776EE5DEC",
              "Id": 543
            }
          ],
          "AbnormalDevices": [],
          "FileDatas": [],
          "StructedDatas": [
            {
              "Id": 5,
              "RecordId": "01f553c3-1e89-4b97-935e-6dc79d8e7a16",
              "DataType": "SystemResumeTime",
              "DataVersion": "1.0.0.0",
              "Data": "{\"ResumeTime\":464,\"BiosInitTimeMs\":0,\"HiberReadTimeMs\":0,\"DriverWakeTimeMs\":0}"
            }
          ]
        }
      ]
    }
  ],
  "TestFunctionSummaryDict": {
    "Idle": {
      "TotalCount": 0,
      "SuccessCount": 0,
      "FailureCount": 0,
      "FailurePercent": 0.0,
      "ResumeTimeDatas": []
    },
    "Ms": {
      "TotalCount": 1,
      "SuccessCount": 1,
      "FailureCount": 0,
      "FailurePercent": 0.0,
      "ResumeTimeDatas": [
        {
          "Tag": "Ms_1_1",
          "DataModel": {
            "ResumeTime": 464,
            "BiosInitTimeMs": 0,
            "HiberReadTimeMs": 0,
            "DriverWakeTimeMs": 0
          }
        }
      ]
    },
    "S3": {
      "TotalCount": 0,
      "SuccessCount": 0,
      "FailureCount": 0,
      "FailurePercent": 0.0,
      "ResumeTimeDatas": []
    },
    "S4": {
      "TotalCount": 0,
      "SuccessCount": 0,
      "FailureCount": 0,
      "FailurePercent": 0.0,
      "ResumeTimeDatas": []
    },
    "Wb": {
      "TotalCount": 0,
      "SuccessCount": 0,
      "FailureCount": 0,
      "FailurePercent": 0.0,
      "ResumeTimeDatas": []
    },
    "Fb": {
      "TotalCount": 0,
      "SuccessCount": 0,
      "FailureCount": 0,
      "FailurePercent": 0.0,
      "ResumeTimeDatas": []
    },
    "Cb": {
      "TotalCount": 0,
      "SuccessCount": 0,
      "FailureCount": 0,
      "FailurePercent": 0.0,
      "ResumeTimeDatas": []
    }
  },
  "TestTaskSummaryRecord": {
    "TotalDuration": "00.00:03:48",
    "TotalCount": 1,
    "TotalCriticalEvents": 5,
    "TotalWarnEvents": 4,
    "TestEventErrorRecords": [
      {
        "IsFailed": false,
        "ItemIndex": "Ms_1_1",
        "CycleTime": 228.0,
        "WarnEvents": 4,
        "CriticalEvents": 5,
        "PowerEstimation": 0
      }
    ]
  },
  "Configurations": {
    "AppVersion": "3.24.1.1",
    "Bios": "N4CET36W (1.12 ) 3/6/2025 12:00:00 AM",
    "Ec": "1.8",
    "Os": "Windows 10 Pro 26100.2161",
    "Kb": "KB5044384(Update) KB5046908(Update) ",
    "Preload": "N/A"
  },
  "Applications": [
    {
      "name": "Windows Driver Package - Synaptics Incorporated (WUDFRd) Biometric  (11/01/2023 6.0.41.0136)",
      "version": "11/01/2023 6.0.41.0136",
      "vendor": "Synaptics Incorporated"
    },
    {
      "name": "BurnInTest Windows v10",
      "version": "10.2.1013.0",
      "vendor": "Passmark Software"
    },
    {
      "name": "Microsoft ASP.NET Core 6.0.24 Shared Framework (x64)",
      "version": "6.0.24.23518",
      "vendor": "Microsoft Corporation"
    },
    {
      "name": "Microsoft Visual C++ 2022 X64 Additional Runtime - 14.38.33135",
      "version": "14.38.33135",
      "vendor": "Microsoft Corporation"
    },
    {
      "name": "Microsoft .NET AppHost Pack - 6.0.24 (x64_arm)",
      "version": "48.96.4014",
      "vendor": "Microsoft Corporation"
    },
    {
      "name": "Microsoft .NET Host FX Resolver - 6.0.24 (x64)",
      "version": "48.96.4014",
      "vendor": "Microsoft Corporation"
    },
    {
      "name": "Microsoft .NET Targeting Pack - 6.0.24 (x64)",
      "version": "48.96.4014",
      "vendor": "Microsoft Corporation"
    },
    {
      "name": "Microsoft Visual C++ 2012 x64 Additional Runtime - 11.0.61030",
      "version": "11.0.61030",
      "vendor": "Microsoft Corporation"
    },
    {
      "name": "Microsoft Visual C++ 2013 x64 Additional Runtime - 12.0.40660",
      "version": "12.0.40660",
      "vendor": "Microsoft Corporation"
    },
    {
      "name": "Microsoft .NET Runtime - 6.0.24 (x64)",
      "version": "48.96.4014",
      "vendor": "Microsoft Corporation"
    },
    {
      "name": "Microsoft.NET.Sdk.tvOS.Manifest-6.0.300",
      "version": "125.191.42208",
      "vendor": "Microsoft Corporation"
    },
    {
      "name": "Microsoft .NET AppHost Pack - 6.0.24 (x64)",
      "version": "48.96.4014",
      "vendor": "Microsoft Corporation"
    },
    {
      "name": "Microsoft.NET.Workload.Emscripten.Manifest",
      "version": "48.27.39026",
      "vendor": "Microsoft Corporation"
    },
    {
      "name": "Microsoft Windows Desktop Runtime - 6.0.24 (x64)",
      "version": "48.96.4015",
      "vendor": "Microsoft Corporation"
    },
    {
      "name": "Microsoft Windows Desktop Targeting Pack - 6.0.24 (x64)",
      "version": "48.96.4015",
      "vendor": "Microsoft Corporation"
    },
    {
      "name": "Microsoft .NET Standard Targeting Pack - 2.1.0 (x64)",
      "version": "24.0.28113",
      "vendor": "Microsoft Corporation"
    },
    {
      "name": "Microsoft Visual C++ 2022 X64 Minimum Runtime - 14.38.33135",
      "version": "14.38.33135",
      "vendor": "Microsoft Corporation"
    },
    {
      "name": "Microsoft.NET.Sdk.iOS.Manifest-6.0.300",
      "version": "125.191.42208",
      "vendor": "Microsoft Corporation"
    },
    {
      "name": "Microsoft .NET 6.0 Templates 6.0.416 (x64)",
      "version": "24.6.58632",
      "vendor": "Microsoft Corporation"
    },
    {
      "name": "Microsoft ASP.NET Core 6.0.24 Targeting Pack (x64)",
      "version": "6.0.24.23518",
      "vendor": "Microsoft Corporation"
    },
    {
      "name": "Microsoft.NET.Sdk.Maui.Manifest-6.0.300",
      "version": "24.78.0",
      "vendor": "Microsoft Corporation"
    },
    {
      "name": "3DMark",
      "version": "2.30.8348.0",
      "vendor": "UL"
    },
    {
      "name": "Microsoft Visual C++ 2013 x64 Minimum Runtime - 12.0.40660",
      "version": "12.0.40660",
      "vendor": "Microsoft Corporation"
    },
    {
      "name": "Microsoft .NET AppHost Pack - 6.0.24 (x64_arm64)",
      "version": "48.96.4014",
      "vendor": "Microsoft Corporation"
    },
    {
      "name": "Microsoft Visual C++ 2012 x64 Minimum Runtime - 11.0.61030",
      "version": "11.0.61030",
      "vendor": "Microsoft Corporation"
    },
    {
      "name": "Microsoft .NET Toolset 6.0.416 (x64)",
      "version": "24.6.58632",
      "vendor": "Microsoft Corporation"
    },
    {
      "name": "Microsoft .NET Host - 6.0.24 (x64)",
      "version": "48.96.4014",
      "vendor": "Microsoft Corporation"
    },
    {
      "name": "Microsoft Visual C++ 2010  x64 Redistributable - 10.0.30319",
      "version": "10.0.30319",
      "vendor": "Microsoft Corporation"
    },
    {
      "name": "PTATLR64",
      "version": "1.0.0.0",
      "vendor": "Intel"
    },
    {
      "name": "Microsoft.NET.Workload.Mono.Toolchain.Manifest",
      "version": "48.3.40665",
      "vendor": "Microsoft Corporation"
    },
    {
      "name": "Microsoft .NET AppHost Pack - 6.0.24 (x64_x86)",
      "version": "48.96.4014",
      "vendor": "Microsoft Corporation"
    },
    {
      "name": "Microsoft.NET.Sdk.Android.Manifest-6.0.300",
      "version": "128.75.16384",
      "vendor": "Microsoft Corporation"
    },
    {
      "name": "Microsoft.NET.Sdk.macOS.Manifest-6.0.300",
      "version": "100.255.42208",
      "vendor": "Microsoft Corporation"
    },
    {
      "name": "Microsoft.NET.Sdk.MacCatalyst.Manifest-6.0.300",
      "version": "125.191.42208",
      "vendor": "Microsoft Corporation"
    },
    {
      "name": "Intel(R)PowerAndThermalAnalysisTool",
      "version": "02.01.1011",
      "vendor": "Intel Corporation"
    },
    {
      "name": "Microsoft Edge",
      "version": "122.0.2365.106",
      "vendor": "Microsoft Corporation"
    },
    {
      "name": "Microsoft Edge Update",
      "version": "1.3.185.27",
      "vendor": ""
    },
    {
      "name": "Microsoft Edge WebView2 Runtime",
      "version": "122.0.2365.106",
      "vendor": ""
    },
    {
      "name": "Microsoft .NET SDK 6.0.416 (x64)",
      "version": "6.4.1623.51848",
      "vendor": "Microsoft Corporation"
    },
    {
      "name": "Microsoft Visual C++ 2010  x86 Redistributable - 10.0.30319",
      "version": "10.0.30319",
      "vendor": "Microsoft Corporation"
    },
    {
      "name": "Microsoft Visual C++ 2022 X86 Minimum Runtime - 14.38.33135",
      "version": "14.38.33135",
      "vendor": "Microsoft Corporation"
    },
    {
      "name": "Futuremark SystemInfo",
      "version": "5.77.1320.0",
      "vendor": "Futuremark"
    },
    {
      "name": "Microsoft Visual C++ 2012 Redistributable (x86) - 11.0.61030",
      "version": "11.0.61030.0",
      "vendor": "Microsoft Corporation"
    },
    {
      "name": "Microsoft Visual C++ 2015-2022 Redistributable (x86) - 14.38.33135",
      "version": "14.38.33135.0",
      "vendor": "Microsoft Corporation"
    },
    {
      "name": "Microsoft Visual C++ 2013 Redistributable (x86) - 12.0.40660",
      "version": "12.0.40660.0",
      "vendor": "Microsoft Corporation"
    },
    {
      "name": "PL23XX USB-to-Serial",
      "version": "4.0.8",
      "vendor": "Prolific Technology INC"
    },
    {
      "name": "Microsoft Visual C++ 2013 x86 Additional Runtime - 12.0.40660",
      "version": "12.0.40660",
      "vendor": "Microsoft Corporation"
    },
    {
      "name": "Microsoft Visual C++ 2022 X86 Additional Runtime - 14.38.33135",
      "version": "14.38.33135",
      "vendor": "Microsoft Corporation"
    },
    {
      "name": "Microsoft Visual C++ 2012 x86 Additional Runtime - 11.0.61030",
      "version": "11.0.61030",
      "vendor": "Microsoft Corporation"
    },
    {
      "name": "Microsoft Visual C++ 2012 x86 Minimum Runtime - 11.0.61030",
      "version": "11.0.61030",
      "vendor": "Microsoft Corporation"
    },
    {
      "name": "AutoRI 3.21.5.4",
      "version": "3.21.5.4",
      "vendor": "LCFutureCenter"
    },
    {
      "name": "Microsoft Visual C++ 2015-2022 Redistributable (x64) - 14.38.33135",
      "version": "14.38.33135.0",
      "vendor": "Microsoft Corporation"
    },
    {
      "name": "Microsoft Visual C++ 2012 Redistributable (x64) - 11.0.61030",
      "version": "11.0.61030.0",
      "vendor": "Microsoft Corporation"
    },
    {
      "name": "Microsoft Visual C++ 2013 x86 Minimum Runtime - 12.0.40660",
      "version": "12.0.40660",
      "vendor": "Microsoft Corporation"
    },
    {
      "name": "Microsoft Visual C++ 2013 Redistributable (x64) - 12.0.40660",
      "version": "12.0.40660.0",
      "vendor": "Microsoft Corporation"
    }
  ],
  "Hardwares": {
    "CPU": [
      {
        "Device": "Intel(R) Core(TM) Ultra 5 228V",
        "Driver": "N/A",
        "Firmware": "N/A",
        "DeviceId": "N/A",
        "Remark": "Intel64 Family 6 Model 189 Stepping 1"
      }
    ],
    "GPU": [
      {
        "Device": "Intel(R) Arc(TM) 130V GPU (16GB)",
        "Driver": "",
        "Firmware": "",
        "DeviceId": "PCI\\VEN_8086&DEV_64A0&SUBSYS_233B17AA&REV_04\\3&11583659&1&10",
        "Remark": "boost_frequence:0 frequence:0 Vram: Size:0"
      }
    ],
    "MEMORY": [
      {
        "Device": "Samsung 8533MHz 4GB",
        "Driver": "N/A",
        "Firmware": "                    ",
        "DeviceId": "BANK 0 Controller0-ChannelA",
        "Remark": "20000000"
      },
      {
        "Device": "Samsung 8533MHz 4GB",
        "Driver": "N/A",
        "Firmware": "                    ",
        "DeviceId": "BANK 1 Controller0-ChannelB",
        "Remark": "20000000"
      },
      {
        "Device": "Samsung 8533MHz 4GB",
        "Driver": "N/A",
        "Firmware": "                    ",
        "DeviceId": "BANK 2 Controller0-ChannelC",
        "Remark": "20000000"
      },
      {
        "Device": "Samsung 8533MHz 4GB",
        "Driver": "N/A",
        "Firmware": "                    ",
        "DeviceId": "BANK 3 Controller0-ChannelD",
        "Remark": "20000000"
      },
      {
        "Device": "Samsung 8533MHz 4GB",
        "Driver": "N/A",
        "Firmware": "                    ",
        "DeviceId": "BANK 0 Controller1-ChannelA",
        "Remark": "20000000"
      },
      {
        "Device": "Samsung 8533MHz 4GB",
        "Driver": "N/A",
        "Firmware": "                    ",
        "DeviceId": "BANK 1 Controller1-ChannelB",
        "Remark": "20000000"
      },
      {
        "Device": "Samsung 8533MHz 4GB",
        "Driver": "N/A",
        "Firmware": "                    ",
        "DeviceId": "BANK 2 Controller1-ChannelC",
        "Remark": "20000000"
      },
      {
        "Device": "Samsung 8533MHz 4GB",
        "Driver": "N/A",
        "Firmware": "                    ",
        "DeviceId": "BANK 3 Controller1-ChannelD",
        "Remark": "20000000"
      }
    ],
    "DISK": [
      {
        "Device": "WD PC SN740 SDDQMQD-512G-1201",
        "Driver": "N/A",
        "Firmware": "73117101",
        "DeviceId": "scsi\\disk&ven_nvme&prod_wd_pc_sn740_sddq\\5&2ec7d186&0&000000\\{53f56307-b6bf-11d0-94f2-00a0c91efb8b}",
        "Remark": "E823_8FA6_BF53_0001_001B_444A_4516_9233."
      }
    ],
    "LCD": [
      {
        "Device": "Lenovo HDR Display",
        "Driver": "N/A",
        "Firmware": "N/A",
        "DeviceId": "DISPLAY\\LEN4220\\4&14b89aea&0&UID8388688",
        "Remark": "0.1inch 60Hz 1280*800"
      }
    ],
    "BATTERY": [
      {
        "Device": "SMP L24M4PE2(LiP)",
        "Driver": "N/A",
        "Firmware": "N/A",
        "DeviceId": "N/A",
        "Remark": "Design:80000 Real:80000"
      }
    ],
    "AUDIO": [
      {
        "Device": "SoundWire Audio",
        "Driver": "",
        "Firmware": "N/A",
        "DeviceId": "SOUNDWIRE\\AGGREGATOR\\6&25956910&0",
        "Remark": null
      },
      {
        "Device": "SoundWire Audio",
        "Driver": "",
        "Firmware": "N/A",
        "DeviceId": "SOUNDWIRE\\SDCA_06&MAN_01FA&FUNC_4243&TYPE_06&VER_01&ADR_03&LID_00&UID_00&SUBSYS_233B17AA&DYNAMICENUMSPEAKER0\\8&1057396F&0&00001700",
        "Remark": null
      },
      {
        "Device": "Intel Smart Sound Technology for Digital Microphones",
        "Driver": "",
        "Firmware": "N/A",
        "DeviceId": "INTELAUDIO\\CTLR_DEV_A828&LINKTYPE_02&DEVTYPE_00&VEN_8086&DEV_AE20&SUBSYS_233B17AA&REV_0001\\5&2647C3AC&0&0000DIF_000B&UIF_0000",
        "Remark": null
      },
      {
        "Device": "SoundWire ACX Streaming for SDW - Speaker",
        "Driver": "",
        "Firmware": "N/A",
        "DeviceId": "{F67B0BEA-BDB7-47D3-9131-75877CDE0ED4}\\STREAMING_SPEAKER&CP_{2880C2D5-735C-11EF-B6B7-806E6F6E6963}\\6&172759E5&0",
        "Remark": null
      },
      {
        "Device": "Intel ACX Streaming for SDW",
        "Driver": "",
        "Firmware": "N/A",
        "DeviceId": "INTELAUDIO\\DIF_0001&UIF_0001&CTLR_DEV_A828&LINKTYPE_05&DEVTYPE_05&VEN_8086&DEV_AE35&SUBSYS_233B17AA&REV_0001\\5&2647C3AC&0&0500DIF_000B&UIF_0000",
        "Remark": null
      },
      {
        "Device": "SoundWire ACX Streaming for SDW - Headset Microphone",
        "Driver": "",
        "Firmware": "N/A",
        "DeviceId": "{F67B0BEA-BDB7-47D3-9131-75877CDE0ED4}\\STREAMING_HEADSETMIC&CP_{2880C2D7-735C-11EF-B6B7-806E6F6E6963}\\6&172759E5&0",
        "Remark": null
      },
      {
        "Device": "Intel Smart Sound Technology for Bluetooth LE Audio",
        "Driver": "",
        "Firmware": "N/A",
        "DeviceId": "INTELAUDIO\\CTLR_DEV_A828&LINKTYPE_03&DEVTYPE_03&VEN_8086&DEV_AE33&SUBSYS_233B17AA&REV_0001\\5&2647C3AC&0&0301DIF_000B&UIF_0000",
        "Remark": null
      },
      {
        "Device": "Intel Smart Sound Technology for Bluetooth Audio",
        "Driver": "",
        "Firmware": "N/A",
        "DeviceId": "INTELAUDIO\\CTLR_DEV_A828&LINKTYPE_03&DEVTYPE_00&VEN_8086&DEV_AE30&SUBSYS_233B17AA&REV_0001\\5&2647C3AC&0&0000DIF_000B&UIF_0000",
        "Remark": null
      },
      {
        "Device": "SoundWire Audio",
        "Driver": "",
        "Firmware": "N/A",
        "DeviceId": "SOUNDWIRE\\SDCA_06&MAN_01FA&FUNC_4243&TYPE_01&VER_01&ADR_01&LID_00&UID_00&SUBSYS_233B17AA\\7&34B37D01&0&0000000000000001",
        "Remark": null
      },
      {
        "Device": "SoundWire Audio",
        "Driver": "",
        "Firmware": "N/A",
        "DeviceId": "SOUNDWIRE\\SDCA_06&MAN_01FA&FUNC_4243&TYPE_01&VER_01&ADR_01&LID_00&UID_00&SUBSYS_233B17AA&DYNAMICENUMSPEAKER0\\8&10D1284D&0&00000C00",
        "Remark": null
      },
      {
        "Device": "SoundWire ACX Streaming for SDW - Headset Earphone",
        "Driver": "",
        "Firmware": "N/A",
        "DeviceId": "{F67B0BEA-BDB7-47D3-9131-75877CDE0ED4}\\STREAMING_HEADSETOUTPUT&CP_{2880C2D6-735C-11EF-B6B7-806E6F6E6963}\\6&172759E5&0",
        "Remark": null
      },
      {
        "Device": "SoundWire Audio",
        "Driver": "",
        "Firmware": "N/A",
        "DeviceId": "SOUNDWIRE\\SDCA_06&MAN_01FA&FUNC_4243&TYPE_06&VER_01&ADR_03&LID_00&UID_00&SUBSYS_233B17AA\\7&34B37D01&0&0000000000000003",
        "Remark": null
      },
      {
        "Device": "SoundWire Audio",
        "Driver": "",
        "Firmware": "N/A",
        "DeviceId": "SOUNDWIRE\\SDCA_06&MAN_01FA&FUNC_4243&TYPE_06&VER_01&ADR_03&LID_00&UID_00&SUBSYS_233B17AA&DYNAMICENUMMICROPHONE0\\8&1057396F&0&00000B00",
        "Remark": null
      }
    ],
    "LAN": [
      {
        "Device": "Realtek USB GbE Family Controller",
        "Driver": "",
        "Firmware": "N/A",
        "DeviceId": "USB\\VID_0BDA&PID_8153\\02191ACF8",
        "Remark": null
      }
    ],
    "WWAN": [],
    "WLAN": [],
    "BLUETOOTH": [
      {
        "Device": "Intel(R) Wireless Bluetooth(R)",
        "Driver": "",
        "Firmware": "N/A",
        "DeviceId": "USB\\VID_8087&PID_0037\\5&E60CCA1&0&6",
        "Remark": null
      }
    ],
    "TOUCHPAD": [],
    "CAMERA": [
      {
        "Device": "Intel(R) LNL AVStream Camera",
        "Driver": "",
        "Firmware": "N/A",
        "DeviceId": "DISPLAY\\INT3480\\4&14B89AEA&0&UID144512",
        "Remark": "Intel Corporation"
      }
    ],
    "CARDREADER": [],
    "FINGERPRINT": [
      {
        "Device": "Goodix MOC Fingerprint",
        "Driver": "",
        "Firmware": "N/A",
        "DeviceId": "USB\\VID_27C6&PID_659C\\UID49616CED_XXXX_MOC_B0",
        "Remark": null
      }
    ]
  },
  "kpiResult": {
    "TotalKpiLevel": "Bad",
    "FbKpiLevel": "None",
    "WbKpiLevel": "Bad",
    "MsKpiLevel": "Bad",
    "S3KpiLevel": "None",
    "S4KpiLevel": "Bad",
    "IdleKpiLevel": "None",
    "TotalKpi": -1741,
    "FbKpi": 0,
    "WbKpi": -600,
    "MsKpi": -541,
    "S3Kpi": 0,
    "S4Kpi": -600,
    "IdleKpi": 0
  }
}