            {
              "TimeStamp": "2025-10-24T07:50:48",
              "EventType": "EventLog",
              "EventId": "1003",
              "EventSource": "Software Protection Platform Service",
              "Level": "Information",
              "EventTask": "0",
              "GeneralInfo": "[Application]The Software Protection service has completed licensing status check.\r\nApplication Id=55c92734-d682-4d71-983e-d6ec3f16059f\r\nLicensing Status=\n1: 01eb852c-424d-4060-94b8-c10d799d7364, 1, 0 [(0 [0xC004F014, 0, 0], [(?)(?)(?)(?)(?)(?)(?)(?)])(1 )(2 )(3 )]\n2: 040fa323-92b1-4baf-97a2-5b67feaefddb, 1, 0 [(0 [0xC004F014, 0, 0], [(?)(?)(?)(?)(?)(?)(?)(?)])(1 )(2 )(3 )]\n3: 0724cb7d-3437-4cb7-93cb-830375d0079d, 1, 0 [(0 [0xC004F014, 0, 0], [(?)(?)(?)(?)(?)(?)(?)(?)])(1 )(2 )(3 )]\n4: 0ad2ac98-7bb9-4201-8d92-312299201369, 1, 0 [(0 [0xC004F014, 0, 0], [(?)(?)(?)(?)(?)(?)(?)(?)])(1 )(2 )(3 )]\n5: 19de9b2f-0166-4abb-9534-56ea69a80edb, 1, 0 [(0 [0xC004F014, 0, 0], [(?)(?)(?)(?)(?)(?)(?)(?)])(1 )(2 )(3 )]\n6: 1a9a717a-cf13-4ba5-83c3-0fe25fa868d5, 1, 0 [(0 [0xC004F014, 0, 0], [(?)(?)(?)(?)(?)(?)(?)(?)])(1 )(2 )(3 )]\n7: 221a02da-e2a1-4b75-864c-0a4410a33fdf, 1, 0 [(0 [0xC004F014, 0, 0], [(?)(?)(?)(?)(?)(?)(?)(?)])(1 )(2 )(3 )]\n8: 265f3fad-6a1c-4bdd-ae30-c75efa556ccb, 1, 0 [(0 [0xC004F014, 0, 0], [(?)(?)(?)(?)(?)(?)(?)(?)])(1 )(2 )(3 )]\n9: 291ece0e-9c38-40ca-a9e1-32cc7ec19507, 1, 0 [(0 [0xC004F014, 0, 0], [(?)(?)(?)(?)(?)(?)(?)(?)])(1 )(2 )(3 )]\n10: 2936d1d2-913a-4542-b54e-ce5a602a2a38, 1, 0 [(0 [0xC004F014, 0, 0], [(?)(?)(?)(?)(?)(?)(?)(?)])(1 )(2 )(3 )]\n11: 2c293c26-a45a-4a2a-a350-c69a67097529, 1, 0 [(0 [0xC004F014, 0, 0], [(?)(?)(?)(?)(?)(?)(?)(?)])(1 )(2 )(3 )]\n12: 2de67392-b7a7-462a-b1ca-108dd189f588, 1, 0 [(0 [0xC004F014, 0, 0], [(?)(?)(?)(?)(?)(?)(?)(?)])(1 )(2 )(3 )]\n13: 2ffd8952-423e-4903-b993-72a1aa44cf82, 1, 0 [(0 [0xC004F014, 0, 0], [(?)(?)(?)(?)(?)(?)(?)(?)])(1 )(2 )(3 )]\n14: 30a42c86-b7a0-4a34-8c90-ff177cb2acb7, 1, 0 [(0 [0xC004F014, 0, 0], [(?)(?)(?)(?)(?)(?)(?)(?)])(1 )(2 )(3 )]\n15: 345a5db0-d94f-4e3b-a0c0-7c42f7bc3ebf, 1, 0 [(0 [0xC004F014, 0, 0], [(?)(?)(?)(?)(?)(?)(?)(?)])(1 )(2 )(3 )]\n16: 3502365a-f88a-4ba4-822a-5769d3073b65, 1, 0 [(0 [0xC004F014, 0, 0], [(?)(?)(?)(?)(?)(?)(?)(?)])(1 )(2 )(3 )]\n17: 377333b1-8b5d-48d6-9679-1225c872d37c, 1, 0 [(0 [0xC004F014, 0, 0], [(?)(?)(?)(?)(?)(?)(?)(?)])(1 )(2 )(3 )]\n18: 3df374ef-d444-4494-a5a1-4b0d9fd0e203, 1, 0 [(0 [0xC004F014, 0, 0], [(?)(?)(?)(?)(?)(?)(?)(?)])(1 )(2 )(3 )]\n19: 3ebce241-ea87-4946-8a4f-80d00e921dff, 1, 0 [(0 [0xC004F014, 0, 0], [(?)(?)(?)(?)(?)(?)(?)(?)])(1 )(2 )(3 )]\n20: 3f1afc82-f8ac-4f6c-8005-1d233e606eee, 1, 0 [(0 [0xC004F014, 0, 0], [(?)(?)(?)(?)(?)(?)(?)(?)])(1 )(2 )(3 )]\n21: 4322a811-697c-44dc-865e-3e2fdcb86009, 1, 0 [(0 [0xC004F014, 0, 0], [(?)(?)(?)(?)(?)(?)(?)(?)])(1 )(2 )(3 )]\n22: 49cd895b-53b2-4dc4-a5f7-b18aa019ad37, 1, 0 [(0 [0xC004F014, 0, 0], [(?)(?)(?)(?)(?)(?)(?)(?)])(1 )(2 )(3 )]\n23: 4de7cb65-cdf1-4de9-8ae8-e3cce27b9f2c, 1, 0 [(0 [0xC004F014, 0, 0], [(?)(?)(?)(?)(?)(?)(?)(?)])(1 )(2 )(3 )]\n24: 4f3da0d2-271d-4508-ae81-626b60809a38, 1, 0 [(0 [0xC004F014, 0, 0], [(?)(?)(?)(?)(?)(?)(?)(?)])(1 )(2 )(3 )]\n25: 5d78c4e9-aeb3-4b40-8ac2-6a6005e0ad6d, 1, 0 [(0 [0xC004F014, 0, 0], [(?)(?)(?)(?)(?)(?)(?)(?)])(1 )(2 )(3 )]\n26: 60b3ec1b-9545-4921-821f-311b129dd6f6, 1, 0 [(0 [0xC004F014, 0, 0], [(?)(?)(?)(?)(?)(?)(?)(?)])(1 )(2 )(3 )]\n27: 613d217f-7f13-4268-9907-1662339531cd, 1, 0 [(0 [0xC004F014, 0, 0], [(?)(?)(?)(?)(?)(?)(?)(?)])(1 )(2 )(3 )]\n28: 62f0c100-9c53-4e02-b886-a3528ddfe7f6, 1, 0 [(0 [0xC004F014, 0, 0], [(?)(?)(?)(?)(?)(?)(?)(?)])(1 )(2 )(3 )]\n29: 6365275e-368d-46ca-a0ef-fc0404119333, 1, 0 [(0 [0xC004F014, 0, 0], [(?)(?)(?)(?)(?)(?)(?)(?)])(1 )(2 )(3 )]\n30: 721f9237-9341-4453-a661-09e8baa6cca5, 1, 0 [(0 [0xC004F014, 0, 0], [(?)(?)(?)(?)(?)(?)(?)(?)])(1 )(2 )(3 )]\n31: 73111121-5638-40f6-bc11-f1d7b0d64300, 1, 0 [(0 [0xC004F014, 0, 0], [(?)(?)(?)(?)(?)(?)(?)(?)])(1 )(2 )(3 )]\n32: 7a802526-4c94-4bd1-ba14-835a1aca2120, 1, 0 [(0 [0xC004F014, 0, 0], [(?)(?)(?)(?)(?)(?)(?)(?)])(1 )(2 )(3 )]\n33: 7cb546c0-c7d5-44d8-9a5c-69ecdd782b69, 1, 0 [(0 [0xC004F014, 0, 0], [(?)(?)(?)(?)(?)(?)(?)(?)])(1 )(2 )(3 )]\n34: 80083eae-7031-4394-9e88-4901973d56fe, 1, 0 [(0 [0xC004F014, 0, 0], [(?)(?)(?)(?)(?)(?)(?)(?)])(1 )(2 )(3 )]\n35: 82bbc092-bc50-4e16-8e18-b74fc486aec3, 1, 0 [(0 [0xC004F014, 0, 0], [(?)(?)(?)(?)(?)(?)(?)(?)])(1 )(2 )(3 )]\n36: 8ab9bdd1-1f67-4997-82d9-8878520837d9, 1, 0 [(0 [0xC004F014, 0, 0], [(?)(?)(?)(?)(?)(?)(?)(?)])(1 )(2 )(3 )]\n37: 8b351c9c-f398-4515-9900-09df49427262, 1, 0 [(0 [0xC004F014, 0, 0], [(?)(?)(?)(?)(?)(?)(?)(?)])(1 )(2 )(3 )]\n38: 90da7373-1c51-430b-bf26-c97e9c5cdc31, 1, 0 [(0 [0xC004F014, 0, 0], [(?)(?)(?)(?)(?)(?)(?)(?)])(1 )(2 )(3 )]\n39: 92fb8726-92a8-4ffc-94ce-f82e07444653, 1, 0 [(0 [0xC004F014, 0, 0], [(?)(?)(?)(?)(?)(?)(?)(?)])(1 )(2 )(3 )]\n40: 95dca82f-385d-4d39-b85b-5c73fa285d6f, 1, 0 [(0 [0xC004F014, 0, 0], [(?)(?)(?)(?)(?)(?)(?)(?)])(1 )(2 )(3 )]\n41: 97cde3ae-e908-4b59-ac96-a17645c5b57e, 1, 0 [(0 [0xC004F014, 0, 0], [(?)(?)(?)(?)(?)(?)(?)(?)])(1 )(2 )(3 )]\n42: a48938aa-62fa-4966-9d44-9f04da3f72f2, 1, 0 [(0 [0xC004F014, 0, 0], [(?)(?)(?)(?)(?)(?)(?)(?)])(1 )(2 )(3 )]\n43: b0773a15-df3a-4312-9ad2-83d69648e356, 1, 0 [(0 [0xC004F014, 0, 0], [(?)(?)(?)(?)(?)(?)(?)(?)])(1 )(2 )(3 )]\n44: b4bfe195-541e-4e64-ad23-6177f19e395e, 1, 0 [(0 [0xC004F014, 0, 0], [(?)(?)(?)(?)(?)(?)(?)(?)])(1 )(2 )(3 )]\n45: b68e61d2-68ca-4757-be45-0cc2f3e68eee, 1, 0 [(0 [0xC004F014, 0, 0], [(?)(?)(?)(?)(?)(?)(?)(?)])(1 )(2 )(3 )]\n46: bd3762d7-270d-4760-8fb3-d829ca45278a, 1, 0 [(0 [0xC004F014, 0, 0], [(?)(?)(?)(?)(?)(?)(?)(?)])(1 )(2 )(3 )]\n47: c86d5194-4840-4dae-9c1c-0301003a5ab0, 1, 0 [(0 [0xC004F014, 0, 0], [(?)(?)(?)(?)(?)(?)(?)(?)])(1 )(2 )(3 )]\n48: ca7df2e3-5ea0-47b8-9ac1-b1be4d8edd69, 1, 0 [(0 [0xC004F014, 0, 0], [(?)(?)(?)(?)(?)(?)(?)(?)])(1 )(2 )(3 )]\n49: d552befb-48cc-4327-8f39-47d2d94f987c, 1, 0 [(0 [0xC004F014, 0, 0], [(?)(?)(?)(?)(?)(?)(?)(?)])(1 )(2 )(3 )]\n50: d6eadb3b-5ca8-4a6b-986e-35b550756111, 1, 0 [(0 [0xC004F014, 0, 0], [(?)(?)(?)(?)(?)(?)(?)(?)])(1 )(2 )(3 )]\n51: df96023b-dcd9-4be2-afa0-c6c871159ebe, 1, 0 [(0 [0xC004F014, 0, 0], [(?)(?)(?)(?)(?)(?)(?)(?)])(1 )(2 )(3 )]\n52: e0c42288-980c-4788-a014-c080d2e1926e, 1, 0 [(0 [0xC004F014, 0, 0], [(?)(?)(?)(?)(?)(?)(?)(?)])(1 )(2 )(3 )]\n53: e4db50ea-bda1-4566-b047-0ca50abc6f07, 1, 0 [(0 [0xC004F014, 0, 0], [(?)(?)(?)(?)(?)(?)(?)(?)])(1 )(2 )(3 )]\n54: e558417a-5123-4f6f-91e7-385c1c7ca9d4, 1, 0 [(0 [0xC004F014, 0, 0], [(?)(?)(?)(?)(?)(?)(?)(?)])(1 )(2 )(3 )]\n55: e7a950a2-e548-4f10-bf16-02ec848e0643, 1, 0 [(0 [0xC004F014, 0, 0], [(?)(?)(?)(?)(?)(?)(?)(?)])(1 )(2 )(3 )]\n56: eb6d346f-1c60-4643-b960-40ec31596c45, 1, 0 [(0 [0xC004F014, 0, 0], [(?)(?)(?)(?)(?)(?)(?)(?)])(1 )(2 )(3 )]\n57: ec868e65-fadf-4759-b23e-93fe37f2cc29, 1, 0 [(0 [0xC004F014, 0, 0], [(?)(?)(?)(?)(?)(?)(?)(?)])(1 )(2 )(3 )]\n58: ef51e000-2659-4f25-8345-3de70a9cf4c4, 1, 0 [(0 [0xC004F014, 0, 0], [(?)(?)(?)(?)(?)(?)(?)(?)])(1 )(2 )(3 )]\n59: f7af7d09-40e4-419c-a49b-eae366689ebd, 1, 0 [(0 [0xC004F014, 0, 0], [(?)(?)(?)(?)(?)(?)(?)(?)])(1 )(2 )(3 )]\n60: fa755fe6-6739-40b9-8d84-6d0ea3b6d1ab, 1, 0 [(0 [0xC004F014, 0, 0], [(?)(?)(?)(?)(?)(?)(?)(?)])(1 )(2 )(3 )]\n61: fe74f55b-0338-41d6-b267-4a201abe7285, 1, 1 [(0 )(1 )(2 [0xC004E003, 0, 0], [( 1 0xC004F034)( 1 0xC004F034)(?)(?)(?)(?)(?)(?)])(3 [0x00000000, 0, 0], [( 6 0xC004F009 0 0)( 1 0x00000000)( 6 0xC004F009 0 0)(?)(?)(?)( 10 0x00000000 msft:rm/algorithm/flags/1.0)( 11 0x00000000 0xC004F034)])]\n\n",
              "ParamInfo": "55c92734-d682-4d71-983e-d6ec3f16059f;\n1: 01eb852c-424d-4060-94b8-c10d799d7364, 1, 0 [(0 [0xC004F014, 0, 0], [(?)(?)(?)(?)(?)(?)(?)(?)])(1 )(2 )(3 )]\n2: 040fa323-92b1-4baf-97a2-5b67feaefddb, 1, 0 [(0 [0xC004F014, 0, 0], [(?)(?)(?)(?)(?)(?)(?)(?)])(1 )(2 )(3 )]\n3: 0724cb7d-3437-4cb7-93cb-830375d0079d, 1, 0 [(0 [0xC004F014, 0, 0], [(?)(?)(?)(?)(?)(?)(?)(?)])(1 )(2 )(3 )]\n4: 0ad2ac98-7bb9-4201-8d92-312299201369, 1, 0 [(0 [0xC004F014, 0, 0], [(?)(?)(?)(?)(?)(?)(?)(?)])(1 )(2 )(3 )]\n5: 19de9b2f-0166-4abb-9534-56ea69a80edb, 1, 0 [(0 [0xC004F014, 0, 0], [(?)(?)(?)(?)(?)(?)(?)(?)])(1 )(2 )(3 )]\n6: 1a9a717a-cf13-4ba5-83c3-0fe25fa868d5, 1, 0 [(0 [0xC004F014, 0, 0], [(?)(?)(?)(?)(?)(?)(?)(?)])(1 )(2 )(3 )]\n7: 221a02da-e2a1-4b75-864c-0a4410a33fdf, 1, 0 [(0 [0xC004F014, 0, 0], [(?)(?)(?)(?)(?)(?)(?)(?)])(1 )(2 )(3 )]\n8: 265f3fad-6a1c-4bdd-ae30-c75efa556ccb, 1, 0 [(0 [0xC004F014, 0, 0], [(?)(?)(?)(?)(?)(?)(?)(?)])(1 )(2 )(3 )]\n9: 291ece0e-9c38-40ca-a9e1-32cc7ec19507, 1, 0 [(0 [0xC004F014, 0, 0], [(?)(?)(?)(?)(?)(?)(?)(?)])(1 )(2 )(3 )]\n10: 2936d1d2-913a-4542-b54e-ce5a602a2a38, 1, 0 [(0 [0xC004F014, 0, 0], [(?)(?)(?)(?)(?)(?)(?)(?)])(1 )(2 )(3 )]\n11: 2c293c26-a45a-4a2a-a350-c69a67097529, 1, 0 [(0 [0xC004F014, 0, 0], [(?)(?)(?)(?)(?)(?)(?)(?)])(1 )(2 )(3 )]\n12: 2de67392-b7a7-462a-b1ca-108dd189f588, 1, 0 [(0 [0xC004F014, 0, 0], [(?)(?)(?)(?)(?)(?)(?)(?)])(1 )(2 )(3 )]\n13: 2ffd8952-423e-4903-b993-72a1aa44cf82, 1, 0 [(0 [0xC004F014, 0, 0], [(?)(?)(?)(?)(?)(?)(?)(?)])(1 )(2 )(3 )]\n14: 30a42c86-b7a0-4a34-8c90-ff177cb2acb7, 1, 0 [(0 [0xC004F014, 0, 0], [(?)(?)(?)(?)(?)(?)(?)(?)])(1 )(2 )(3 )]\n15: 345a5db0-d94f-4e3b-a0c0-7c42f7bc3ebf, 1, 0 [(0 [0xC004F014, 0, 0], [(?)(?)(?)(?)(?)(?)(?)(?)])(1 )(2 )(3 )]\n16: 3502365a-f88a-4ba4-822a-5769d3073b65, 1, 0 [(0 [0xC004F014, 0, 0], [(?)(?)(?)(?)(?)(?)(?)(?)])(1 )(2 )(3 )]\n17: 377333b1-8b5d-48d6-9679-1225c872d37c, 1, 0 [(0 [0xC004F014, 0, 0], [(?)(?)(?)(?)(?)(?)(?)(?)])(1 )(2 )(3 )]\n18: 3df374ef-d444-4494-a5a1-4b0d9fd0e203, 1, 0 [(0 [0xC004F014, 0, 0], [(?)(?)(?)(?)(?)(?)(?)(?)])(1 )(2 )(3 )]\n19: 3ebce241-ea87-4946-8a4f-80d00e921dff, 1, 0 [(0 [0xC004F014, 0, 0], [(?)(?)(?)(?)(?)(?)(?)(?)])(1 )(2 )(3 )]\n20: 3f1afc82-f8ac-4f6c-8005-1d233e606eee, 1, 0 [(0 [0xC004F014, 0, 0], [(?)(?)(?)(?)(?)(?)(?)(?)])(1 )(2 )(3 )]\n21: 4322a811-697c-44dc-865e-3e2fdcb86009, 1, 0 [(0 [0xC004F014, 0, 0], [(?)(?)(?)(?)(?)(?)(?)(?)])(1 )(2 )(3 )]\n22: 49cd895b-53b2-4dc4-a5f7-b18aa019ad37, 1, 0 [(0 [0xC004F014, 0, 0], [(?)(?)(?)(?)(?)(?)(?)(?)])(1 )(2 )(3 )]\n23: 4de7cb65-cdf1-4de9-8ae8-e3cce27b9f2c, 1, 0 [(0 [0xC004F014, 0, 0], [(?)(?)(?)(?)(?)(?)(?)(?)])(1 )(2 )(3 )]\n24: 4f3da0d2-271d-4508-ae81-626b60809a38, 1, 0 [(0 [0xC004F014, 0, 0], [(?)(?)(?)(?)(?)(?)(?)(?)])(1 )(2 )(3 )]\n25: 5d78c4e9-aeb3-4b40-8ac2-6a6005e0ad6d, 1, 0 [(0 [0xC004F014, 0, 0], [(?)(?)(?)(?)(?)(?)(?)(?)])(1 )(2 )(3 )]\n26: 60b3ec1b-9545-4921-821f-311b129dd6f6, 1, 0 [(0 [0xC004F014, 0, 0], [(?)(?)(?)(?)(?)(?)(?)(?)])(1 )(2 )(3 )]\n27: 613d217f-7f13-4268-9907-1662339531cd, 1, 0 [(0 [0xC004F014, 0, 0], [(?)(?)(?)(?)(?)(?)(?)(?)])(1 )(2 )(3 )]\n28: 62f0c100-9c53-4e02-b886-a3528ddfe7f6, 1, 0 [(0 [0xC004F014, 0, 0], [(?)(?)(?)(?)(?)(?)(?)(?)])(1 )(2 )(3 )]\n29: 6365275e-368d-46ca-a0ef-fc0404119333, 1, 0 [(0 [0xC004F014, 0, 0], [(?)(?)(?)(?)(?)(?)(?)(?)])(1 )(2 )(3 )]\n30: 721f9237-9341-4453-a661-09e8baa6cca5, 1, 0 [(0 [0xC004F014, 0, 0], [(?)(?)(?)(?)(?)(?)(?)(?)])(1 )(2 )(3 )]\n31: 73111121-5638-40f6-bc11-f1d7b0d64300, 1, 0 [(0 [0xC004F014, 0, 0], [(?)(?)(?)(?)(?)(?)(?)(?)])(1 )(2 )(3 )]\n32: 7a802526-4c94-4bd1-ba14-835a1aca2120, 1, 0 [(0 [0xC004F014, 0, 0], [(?)(?)(?)(?)(?)(?)(?)(?)])(1 )(2 )(3 )]\n33: 7cb546c0-c7d5-44d8-9a5c-69ecdd782b69, 1, 0 [(0 [0xC004F014, 0, 0], [(?)(?)(?)(?)(?)(?)(?)(?)])(1 )(2 )(3 )]\n34: 80083eae-7031-4394-9e88-4901973d56fe, 1, 0 [(0 [0xC004F014, 0, 0], [(?)(?)(?)(?)(?)(?)(?)(?)])(1 )(2 )(3 )]\n35: 82bbc092-bc50-4e16-8e18-b74fc486aec3, 1, 0 [(0 [0xC004F014, 0, 0], [(?)(?)(?)(?)(?)(?)(?)(?)])(1 )(2 )(3 )]\n36: 8ab9bdd1-1f67-4997-82d9-8878520837d9, 1, 0 [(0 [0xC004F014, 0, 0], [(?)(?)(?)(?)(?)(?)(?)(?)])(1 )(2 )(3 )]\n37: 8b351c9c-f398-4515-9900-09df49427262, 1, 0 [(0 [0xC004F014, 0, 0], [(?)(?)(?)(?)(?)(?)(?)(?)])(1 )(2 )(3 )]\n38: 90da7373-1c51-430b-bf26-c97e9c5cdc31, 1, 0 [(0 [0xC004F014, 0, 0], [(?)(?)(?)(?)(?)(?)(?)(?)])(1 )(2 )(3 )]\n39: 92fb8726-92a8-4ffc-94ce-f82e07444653, 1, 0 [(0 [0xC004F014, 0, 0], [(?)(?)(?)(?)(?)(?)(?)(?)])(1 )(2 )(3 )]\n40: 95dca82f-385d-4d39-b85b-5c73fa285d6f, 1, 0 [(0 [0xC004F014, 0, 0], [(?)(?)(?)(?)(?)(?)(?)(?)])(1 )(2 )(3 )]\n41: 97cde3ae-e908-4b59-ac96-a17645c5b57e, 1, 0 [(0 [0xC004F014, 0, 0], [(?)(?)(?)(?)(?)(?)(?)(?)])(1 )(2 )(3 )]\n42: a48938aa-62fa-4966-9d44-9f04da3f72f2, 1, 0 [(0 [0xC004F014, 0, 0], [(?)(?)(?)(?)(?)(?)(?)(?)])(1 )(2 )(3 )]\n43: b0773a15-df3a-4312-9ad2-83d69648e356, 1, 0 [(0 [0xC004F014, 0, 0], [(?)(?)(?)(?)(?)(?)(?)(?)])(1 )(2 )(3 )]\n44: b4bfe195-541e-4e64-ad23-6177f19e395e, 1, 0 [(0 [0xC004F014, 0, 0], [(?)(?)(?)(?)(?)(?)(?)(?)])(1 )(2 )(3 )]\n45: b68e61d2-68ca-4757-be45-0cc2f3e68eee, 1, 0 [(0 [0xC004F014, 0, 0], [(?)(?)(?)(?)(?)(?)(?)(?)])(1 )(2 )(3 )]\n46: bd3762d7-270d-4760-8fb3-d829ca45278a, 1, 0 [(0 [0xC004F014, 0, 0], [(?)(?)(?)(?)(?)(?)(?)(?)])(1 )(2 )(3 )]\n47: c86d5194-4840-4dae-9c1c-0301003a5ab0, 1, 0 [(0 [0xC004F014, 0, 0], [(?)(?)(?)(?)(?)(?)(?)(?)])(1 )(2 )(3 )]\n48: ca7df2e3-5ea0-47b8-9ac1-b1be4d8edd69, 1, 0 [(0 [0xC004F014, 0, 0], [(?)(?)(?)(?)(?)(?)(?)(?)])(1 )(2 )(3 )]\n49: d552befb-48cc-4327-8f39-47d2d94f987c, 1, 0 [(0 [0xC004F014, 0, 0], [(?)(?)(?)(?)(?)(?)(?)(?)])(1 )(2 )(3 )]\n50: d6eadb3b-5ca8-4a6b-986e-35b550756111, 1, 0 [(0 [0xC004F014, 0, 0], [(?)(?)(?)(?)(?)(?)(?)(?)])(1 )(2 )(3 )]\n51: df96023b-dcd9-4be2-afa0-c6c871159ebe, 1, 0 [(0 [0xC004F014, 0, 0], [(?)(?)(?)(?)(?)(?)(?)(?)])(1 )(2 )(3 )]\n52: e0c42288-980c-4788-a014-c080d2e1926e, 1, 0 [(0 [0xC004F014, 0, 0], [(?)(?)(?)(?)(?)(?)(?)(?)])(1 )(2 )(3 )]\n53: e4db50ea-bda1-4566-b047-0ca50abc6f07, 1, 0 [(0 [0xC004F014, 0, 0], [(?)(?)(?)(?)(?)(?)(?)(?)])(1 )(2 )(3 )]\n54: e558417a-5123-4f6f-91e7-385c1c7ca9d4, 1, 0 [(0 [0xC004F014, 0, 0], [(?)(?)(?)(?)(?)(?)(?)(?)])(1 )(2 )(3 )]\n55: e7a950a2-e548-4f10-bf16-02ec848e0643, 1, 0 [(0 [0xC004F014, 0, 0], [(?)(?)(?)(?)(?)(?)(?)(?)])(1 )(2 )(3 )]\n56: eb6d346f-1c60-4643-b960-40ec31596c45, 1, 0 [(0 [0xC004F014, 0, 0], [(?)(?)(?)(?)(?)(?)(?)(?)])(1 )(2 )(3 )]\n57: ec868e65-fadf-4759-b23e-93fe37f2cc29, 1, 0 [(0 [0xC004F014, 0, 0], [(?)(?)(?)(?)(?)(?)(?)(?)])(1 )(2 )(3 )]\n58: ef51e000-2659-4f25-8345-3de70a9cf4c4, 1, 0 [(0 [0xC004F014, 0, 0], [(?)(?)(?)(?)(?)(?)(?)(?)])(1 )(2 )(3 )]\n59: f7af7d09-40e4-419c-a49b-eae366689ebd, 1, 0 [(0 [0xC004F014, 0, 0], [(?)(?)(?)(?)(?)(?)(?)(?)])(1 )(2 )(3 )]\n60: fa755fe6-6739-40b9-8d84-6d0ea3b6d1ab, 1, 0 [(0 [0xC004F014, 0, 0], [(?)(?)(?)(?)(?)(?)(?)(?)])(1 )(2 )(3 )]\n61: fe74f55b-0338-41d6-b267-4a201abe7285, 1, 1 [(0 )(1 )(2 [0xC004E003, 0, 0], [( 1 0xC004F034)( 1 0xC004F034)(?)(?)(?)(?)(?)(?)])(3 [0x00000000, 0, 0], [( 6 0xC004F009 0 0)( 1 0x00000000)( 6 0xC004F009 0 0)(?)(?)(?)( 10 0x00000000 msft:rm/algorithm/flags/1.0)( 11 0x00000000 0xC004F034)])]\n\n",
              "ItemId": null,
              "RecordId": null,
              "RuntimeId": "DBD9AA8900DC78BA83B5C2E776EE5DEC",
              "Id": 508
            },
            {
              "TimeStamp": "2025-10-24T07:50:48",
              "EventType": "EventLog",
              "EventId": "8198",
              "EventSource": "Software Protection Platform Service",
              "Level": "Error",
              "EventTask": "0",
              "GeneralInfo": "[Application]License Activation (slui.exe) failed with the following error code:\r\nhr=0x80004005\r\nCommand-line arguments:\r\nRuleId=31e71c49-8da7-4a2f-ad92-45d98a1c79ba;Action=AutoActivate;AppId=55c92734-d682-4d71-983e-d6ec3f16059f;SkuId=fe74f55b-0338-41d6-b267-4a201abe7285;NotificationInterval=1440;Trigger=UserLogon;SessionId=1",
              "ParamInfo": "hr=0x80004005;RuleId=31e71c49-8da7-4a2f-ad92-45d98a1c79ba;Action=AutoActivate;AppId=55c92734-d682-4d71-983e-d6ec3f16059f;SkuId=fe74f55b-0338-41d6-b267-4a201abe7285;NotificationInterval=1440;Trigger=UserLogon;SessionId=1",
              "ItemId": null,
              "RecordId": null,
              "RuntimeId": "DBD9AA8900DC78BA83B5C2E776EE5DEC",
              "Id": 509
            },
            {
              "TimeStamp": "2025-10-24T07:50:46",
              "EventType": "EventLog",
              "EventId": "10001",
              "EventSource": "Microsoft-Windows-WLAN-AutoConfig",
              "Level": "Information",
              "EventTask": "0",
              "GeneralInfo": "[System]WLAN Extensibility Module has successfully started.\r\n\r\nModule Path: C:\\windows\\System32\\DriverStore\\FileRepository\\netwtw6e.inf_amd64_bf4689a7153fc9c5\\IntelIHVRouter16.dll\r\n",
              "ParamInfo": "C:\\windows\\System32\\DriverStore\\FileRepository\\netwtw6e.inf_amd64_bf4689a7153fc9c5\\IntelIHVRouter16.dll",
              "ItemId": null,
              "RecordId": null,
              "RuntimeId": "DBD9AA8900DC78BA83B5C2E776EE5DEC",
              "Id": 472
            },
            {
              "TimeStamp": "2025-10-24T07:50:46",
              "EventType": "EventLog",
              "EventId": "10016",
              "EventSource": "DCOM",
              "Level": "Warning",
              "EventTask": "0",
              "GeneralInfo": "[System]The description for Event ID '10016' in Source 'DCOM' cannot be found.  The local computer may not have the necessary registry information or message DLL files to display the message, or you may not have permission to access them.  The following information is part of the event:'application-specific', 'Local', 'Activation', '{6B3B8D23-FA8D-40B9-8DBD-B950333E2C52}', '{4839DDB7-58C2-48F5-8283-E1D1807D0D7D}', 'NT AUTHORITY', 'LOCAL SERVICE', 'S-1-5-19', 'LocalHost (Using LRPC)', 'Unavailable', 'Unavailable'",
              "ParamInfo": "application-specific;Local;Activation;{6B3B8D23-FA8D-40B9-8DBD-B950333E2C52};{4839DDB7-58C2-48F5-8283-E1D1807D0D7D};NT AUTHORITY;LOCAL SERVICE;S-1-5-19;LocalHost (Using LRPC);Unavailable;Unavailable",
              "ItemId": null,
              "RecordId": null,
              "RuntimeId": "DBD9AA8900DC78BA83B5C2E776EE5DEC",
              "Id": 473
            },
            {
              "TimeStamp": "2025-10-24T07:50:46",
              "EventType": "EventLog",
              "EventId": "10016",
              "EventSource": "DCOM",
              "Level": "Warning",
              "EventTask": "0",
              "GeneralInfo": "[System]The description for Event ID '10016' in Source 'DCOM' cannot be found.  The local computer may not have the necessary registry information or message DLL files to display the message, or you may not have permission to access them.  The following information is part of the event:'application-specific', 'Local', 'Activation', '{6B3B8D23-FA8D-40B9-8DBD-B950333E2C52}', '{4839DDB7-58C2-48F5-8283-E1D1807D0D7D}', 'NT AUTHORITY', 'LOCAL SERVICE', 'S-1-5-19', 'LocalHost (Using LRPC)', 'Unavailable', 'Unavailable'",
              "ParamInfo": "application-specific;Local;Activation;{6B3B8D23-FA8D-40B9-8DBD-B950333E2C52};{4839DDB7-58C2-48F5-8283-E1D1807D0D7D};NT AUTHORITY;LOCAL SERVICE;S-1-5-19;LocalHost (Using LRPC);Unavailable;Unavailable",
              "ItemId": null,
              "RecordId": null,
              "RuntimeId": "DBD9AA8900DC78BA83B5C2E776EE5DEC",
              "Id": 474
            },
            {
              "TimeStamp": "2025-10-24T07:50:46",
              "EventType": "EventLog",
              "EventId": "6000",
              "EventSource": "Wlclntfy",
              "Level": "Information",
              "EventTask": "0",
              "GeneralInfo": "[Application]The winlogon notification subscriber <SessionEnv> was unavailable to handle a notification event.",
              "ParamInfo": "SessionEnv",
              "ItemId": null,
              "RecordId": null,
              "RuntimeId": "DBD9AA8900DC78BA83B5C2E776EE5DEC",
              "Id": 496
            },
            {
              "TimeStamp": "2025-10-24T07:50:46",
              "EventType": "EventLog",
              "EventId": "2",
              "EventSource": "WMIRegistrationService",
              "Level": "Information",
              "EventTask": "0",
              "GeneralInfo": "[Application]Intel(R) WMI Registration Service has successfully finished WMI Registration.",
              "ParamInfo": "",
              "ItemId": null,
              "RecordId": null,
              "RuntimeId": "DBD9AA8900DC78BA83B5C2E776EE5DEC",
              "Id": 497
            },
            {
              "TimeStamp": "2025-10-24T07:50:46",
              "EventType": "EventLog",
              "EventId": "900",
              "EventSource": "Software Protection Platform Service",
              "Level": "Information",
              "EventTask": "0",
              "GeneralInfo": "[Application]The Software Protection service is starting.\r\nParameters:TriggerStarted:6",
              "ParamInfo": "TriggerStarted:6",
              "ItemId": null,
              "RecordId": null,
              "RuntimeId": "DBD9AA8900DC78BA83B5C2E776EE5DEC",
              "Id": 498
            },
            {
              "TimeStamp": "2025-10-24T07:50:46",
              "EventType": "EventLog",
              "EventId": "63",
              "EventSource": "Microsoft-Windows-WMI",
              "Level": "Warning",
              "EventTask": "0",
              "GeneralInfo": "[Application]A provider, IntelMEProv, has been registered in the Windows Management Instrumentation namespace root\\Intel_ME to use the LocalSystem account. This account is privileged and the provider may cause a security violation if it does not correctly impersonate user requests.",
              "ParamInfo": "IntelMEProv;root\\Intel_ME",
              "ItemId": null,
              "RecordId": null,
              "RuntimeId": "DBD9AA8900DC78BA83B5C2E776EE5DEC",
              "Id": 499
            },
            {
              "TimeStamp": "2025-10-24T07:50:46",
              "EventType": "EventLog",
              "EventId": "63",
              "EventSource": "Microsoft-Windows-WMI",
              "Level": "Warning",
              "EventTask": "0",
              "GeneralInfo": "[Application]A provider, IntelMEProv, has been registered in the Windows Management Instrumentation namespace root\\Intel_ME to use the LocalSystem account. This account is privileged and the provider may cause a security violation if it does not correctly impersonate user requests.",
              "ParamInfo": "IntelMEProv;root\\Intel_ME",
              "ItemId": null,
              "RecordId": null,
              "RuntimeId": "DBD9AA8900DC78BA83B5C2E776EE5DEC",
              "Id": 500
            },
            {
              "TimeStamp": "2025-10-24T07:50:46",
              "EventType": "EventLog",
              "EventId": "63",
              "EventSource": "Microsoft-Windows-WMI",
              "Level": "Warning",
              "EventTask": "0",
              "GeneralInfo": "[Application]A provider, IntelMEProv, has been registered in the Windows Management Instrumentation namespace root\\Intel_ME to use the LocalSystem account. This account is privileged and the provider may cause a security violation if it does not correctly impersonate user requests.",
              "ParamInfo": "IntelMEProv;root\\Intel_ME",
              "ItemId": null,
              "RecordId": null,
              "RuntimeId": "DBD9AA8900DC78BA83B5C2E776EE5DEC",
              "Id": 501
            },
            {
              "TimeStamp": "2025-10-24T07:50:46",
              "EventType": "EventLog",
              "EventId": "0",
              "EventSource": "Service1",
              "Level": "Information",
              "EventTask": "0",
              "GeneralInfo": "[Application]Service started successfully.",
              "ParamInfo": "Service started successfully.",
              "ItemId": null,
              "RecordId": null,
              "RuntimeId": "DBD9AA8900DC78BA83B5C2E776EE5DEC",
              "Id": 502
            },
            {
              "TimeStamp": "2025-10-24T07:50:45",
              "EventType": "EventLog",
              "EventId": "4000",
              "EventSource": "Microsoft-Windows-WLAN-AutoConfig",
              "Level": "Information",
              "EventTask": "0",
              "GeneralInfo": "[System]WLAN AutoConfig service has successfully started.\r\n",
              "ParamInfo": "",
              "ItemId": null,
              "RecordId": null,
              "RuntimeId": "DBD9AA8900DC78BA83B5C2E776EE5DEC",
              "Id": 471
            },
            {
              "TimeStamp": "2025-10-24T07:50:44",
              "EventType": "EventLog",
              "EventId": "2504",
              "EventSource": "Server",
              "Level": "Warning",
              "EventTask": "0",
              "GeneralInfo": "[System]The server could not bind to the transport \\Device\\NetBT_Tcpip_{F1D5D758-7E80-443D-AD9D-EC89E565EA4D}.",
              "ParamInfo": "\\Device\\NetBT_Tcpip_{F1D5D758-7E80-443D-AD9D-EC89E565EA4D}",
              "ItemId": null,
              "RecordId": null,
              "RuntimeId": "DBD9AA8900DC78BA83B5C2E776EE5DEC",
              "Id": 463
            },
            {
              "TimeStamp": "2025-10-24T07:50:44",
              "EventType": "EventLog",
              "EventId": "5",
              "EventSource": "Microsoft-Windows-IsolatedUserMode",
              "Level": "Information",
              "EventTask": "0",
              "GeneralInfo": "[System]Secure Trustlet NULL Id 0 and Pid 0 started with status 0.",
              "ParamInfo": "0;0;0;NULL",
              "ItemId": null,
              "RecordId": null,
              "RuntimeId": "DBD9AA8900DC78BA83B5C2E776EE5DEC",
              "Id": 465
            },
            {
              "TimeStamp": "2025-10-24T07:50:44",
              "EventType": "EventLog",
              "EventId": "1",
              "EventSource": "Microsoft-Windows-IsolatedUserMode",
              "Level": "Information",
              "EventTask": "0",
              "GeneralInfo": "[System]Secure Trustlet \\??\\C:\\windows\\System32\\NgcIso.exe Id 6 and Pid 6512 started with status 0.",
              "ParamInfo": "6;6512;0;\\??\\C:\\windows\\System32\\NgcIso.exe",
              "ItemId": null,
              "RecordId": null,
              "RuntimeId": "DBD9AA8900DC78BA83B5C2E776EE5DEC",
              "Id": 466
            },
            {
              "TimeStamp": "2025-10-24T07:50:44",
              "EventType": "EventLog",
              "EventId": "4321",
              "EventSource": "NetBT",
              "Level": "Error",
              "EventTask": "0",
              "GeneralInfo": "[System]The name \"LAPTOP-QFNRBVBT:20\" could not be registered on the interface with IP address 150.213.3.24.\r\nThe computer with the IP address 150.213.2.169 did not allow the name to be claimed by\r\nthis computer.",
              "ParamInfo": ";LAPTOP-QFNRBVBT:20;150.213.3.24;150.213.2.169",
              "ItemId": null,
              "RecordId": null,
              "RuntimeId": "DBD9AA8900DC78BA83B5C2E776EE5DEC",
              "Id": 467
            },
            {
              "TimeStamp": "2025-10-24T07:50:44",
              "EventType": "EventLog",
              "EventId": "5",
              "EventSource": "Microsoft-Windows-IsolatedUserMode",
              "Level": "Information",
              "EventTask": "0",
              "GeneralInfo": "[System]Secure Trustlet NULL Id 0 and Pid 0 started with status 0.",
              "ParamInfo": "0;0;0;NULL",
              "ItemId": null,
              "RecordId": null,
              "RuntimeId": "DBD9AA8900DC78BA83B5C2E776EE5DEC",
              "Id": 468
            },
            {
              "TimeStamp": "2025-10-24T07:50:44",
              "EventType": "EventLog",
              "EventId": "1",
              "EventSource": "Microsoft-Windows-IsolatedUserMode",
              "Level": "Information",
              "EventTask": "0",
              "GeneralInfo": "[System]Secure Trustlet \\??\\C:\\windows\\system32\\BioIso.exe Id 4 and Pid 6892 started with status 0.",
              "ParamInfo": "4;6892;0;\\??\\C:\\windows\\system32\\BioIso.exe",
              "ItemId": null,
              "RecordId": null,
              "RuntimeId": "DBD9AA8900DC78BA83B5C2E776EE5DEC",
              "Id": 469
            },
            {
              "TimeStamp": "2025-10-24T07:50:44",
              "EventType": "EventLog",
              "EventId": "7001",
              "EventSource": "Microsoft-Windows-Winlogon",
              "Level": "Information",
              "EventTask": "1101",
              "GeneralInfo": "[System]User Logon Notification for Customer Experience Improvement Program",
              "ParamInfo": "1;S-1-5-21-1123529667-1216868676-714626185-1001",
              "ItemId": null,
              "RecordId": null,
              "RuntimeId": "DBD9AA8900DC78BA83B5C2E776EE5DEC",
              "Id": 470
            },
            {
              "TimeStamp": "2025-10-24T07:50:44",
              "EventType": "EventLog",
              "EventId": "2000",
              "EventSource": "LMS",
              "Level": "Information",
              "EventTask": "3",
              "GeneralInfo": "[Application]Local Management Service started.",
              "ParamInfo": "Local Management Service started.",
              "ItemId": null,
              "RecordId": null,
              "RuntimeId": "DBD9AA8900DC78BA83B5C2E776EE5DEC",
              "Id": 490
            },
            {
              "TimeStamp": "2025-10-24T07:50:44",
              "EventType": "EventLog",
              "EventId": "0",
              "EventSource": "LMS",
              "Level": "Information",
              "EventTask": "0",
              "GeneralInfo": "[Application]Service started/resumed",
              "ParamInfo": "Service started/resumed",
              "ItemId": null,
              "RecordId": null,
              "RuntimeId": "DBD9AA8900DC78BA83B5C2E776EE5DEC",
              "Id": 491
            },
            {
              "TimeStamp": "2025-10-24T07:50:44",
              "EventType": "EventLog",
              "EventId": "0",
              "EventSource": "WMIRegistrationService",
              "Level": "Information",
              "EventTask": "0",
              "GeneralInfo": "[Application]Intel(R) WMI Registration Service started.",
              "ParamInfo": "",
              "ItemId": null,
              "RecordId": null,
              "RuntimeId": "DBD9AA8900DC78BA83B5C2E776EE5DEC",
              "Id": 492
            },
            {
              "TimeStamp": "2025-10-24T07:50:44",
              "EventType": "EventLog",
              "EventId": "6003",
              "EventSource": "Wlclntfy",
              "Level": "Information",
              "EventTask": "0",
              "GeneralInfo": "[Application]The winlogon notification subscriber <SessionEnv> was unavailable to handle a critical notification event.",
              "ParamInfo": "SessionEnv",
              "ItemId": null,
              "RecordId": null,
              "RuntimeId": "DBD9AA8900DC78BA83B5C2E776EE5DEC",
              "Id": 495
            },
            {
              "TimeStamp": "2025-10-24T07:50:43",
              "EventType": "EventLog",
              "EventId": "6009",
              "EventSource": "EventLog",
              "Level": "Information",
              "EventTask": "0",
              "GeneralInfo": "[System]Microsoft (R) Windows (R) 10.00. 26100  Multiprocessor Free.",
              "ParamInfo": "10.00.;26100;;Multiprocessor Free;0",
              "ItemId": null,
              "RecordId": null,
              "RuntimeId": "DBD9AA8900DC78BA83B5C2E776EE5DEC",
              "Id": 321
            },
            {
              "TimeStamp": "2025-10-24T07:50:43",
              "EventType": "EventLog",
              "EventId": "6005",
              "EventSource": "EventLog",
              "Level": "Information",
              "EventTask": "0",
              "GeneralInfo": "[System]The Event log service was started.",
              "ParamInfo": "",
              "ItemId": null,
              "RecordId": null,
              "RuntimeId": "DBD9AA8900DC78BA83B5C2E776EE5DEC",
              "Id": 322
            },
            {
              "TimeStamp": "2025-10-24T07:50:43",
              "EventType": "EventLog",
              "EventId": "6013",
              "EventSource": "EventLog",
              "Level": "Information",
              "EventTask": "0",
              "GeneralInfo": "[System]The system uptime is 16 seconds.",
              "ParamInfo": ";;;;16;60;-480 China Standard Time",
              "ItemId": null,
              "RecordId": null,
              "RuntimeId": "DBD9AA8900DC78BA83B5C2E776EE5DEC",
              "Id": 323
            },
            {
              "TimeStamp": "2025-10-24T07:50:43",
              "EventType": "EventLog",
              "EventId": "6",
              "EventSource": "Microsoft-Windows-FilterManager",
              "Level": "Information",
              "EventTask": "0",
              "GeneralInfo": "[System]File System Filter 'CldFlt' (10.0, 2070-01-29T17:10:03.0000000Z) has successfully loaded and registered with Filter Manager.",
              "ParamInfo": "0x0;10;0;6;CldFlt;2070-01-29T17:10:03.0000000Z",
              "ItemId": null,
              "RecordId": null,
              "RuntimeId": "DBD9AA8900DC78BA83B5C2E776EE5DEC",
              "Id": 437
            },
            {
              "TimeStamp": "2025-10-24T07:50:43",
              "EventType": "EventLog",
              "EventId": "1",
              "EventSource": "Microsoft-Windows-FilterManager",
              "Level": "Information",
              "EventTask": "0",
              "GeneralInfo": "[System]File System Filter 'CldFlt' (Version 10.0, 2070-01-29T17:10:03.0000000Z) unloaded successfully.",
              "ParamInfo": "0x0;10;0;6;CldFlt;2070-01-29T17:10:03.0000000Z",
              "ItemId": null,
              "RecordId": null,
              "RuntimeId": "DBD9AA8900DC78BA83B5C2E776EE5DEC",
              "Id": 438
            },
            {
              "TimeStamp": "2025-10-24T07:50:43",
              "EventType": "EventLog",
              "EventId": "6",
              "EventSource": "Microsoft-Windows-FilterManager",
              "Level": "Information",
              "EventTask": "0",
              "GeneralInfo": "[System]File System Filter 'CldFlt' (10.0, 2070-01-29T17:10:03.0000000Z) has successfully loaded and registered with Filter Manager.",
              "ParamInfo": "0x0;10;0;6;CldFlt;2070-01-29T17:10:03.0000000Z",
              "ItemId": null,
              "RecordId": null,
              "RuntimeId": "DBD9AA8900DC78BA83B5C2E776EE5DEC",
              "Id": 439
            },
            {
              "TimeStamp": "2025-10-24T07:50:43",
              "EventType": "EventLog",
              "EventId": "6",
              "EventSource": "Microsoft-Windows-FilterManager",
              "Level": "Information",
              "EventTask": "0",
              "GeneralInfo": "[System]File System Filter 'UnionFS' (10.0, 2047-02-21T19:01:20.0000000Z) has successfully loaded and registered with Filter Manager.",
              "ParamInfo": "0x0;10;0;7;UnionFS;2047-02-21T19:01:20.0000000Z",
              "ItemId": null,
              "RecordId": null,
              "RuntimeId": "DBD9AA8900DC78BA83B5C2E776EE5DEC",
              "Id": 440
            },
            {
              "TimeStamp": "2025-10-24T07:50:43",
              "EventType": "EventLog",
              "EventId": "6",
              "EventSource": "Microsoft-Windows-FilterManager",
              "Level": "Information",
              "EventTask": "0",
              "GeneralInfo": "[System]File System Filter 'storqosflt' (10.0, 2021-03-19T18:47:34.0000000Z) has successfully loaded and registered with Filter Manager.",
              "ParamInfo": "0x0;10;0;10;storqosflt;2021-03-19T18:47:34.0000000Z",
              "ItemId": null,
              "RecordId": null,
              "RuntimeId": "DBD9AA8900DC78BA83B5C2E776EE5DEC",
              "Id": 441
            },
            {
              "TimeStamp": "2025-10-24T07:50:43",
              "EventType": "EventLog",
              "EventId": "6",
              "EventSource": "Microsoft-Windows-FilterManager",
              "Level": "Information",
              "EventTask": "0",
              "GeneralInfo": "[System]File System Filter 'UCPD' (10.0, 2045-11-27T09:46:35.0000000Z) has successfully loaded and registered with Filter Manager.",
              "ParamInfo": "0x0;10;0;4;UCPD;2045-11-27T09:46:35.0000000Z",
              "ItemId": null,
              "RecordId": null,
              "RuntimeId": "DBD9AA8900DC78BA83B5C2E776EE5DEC",
              "Id": 442
            },
            {
              "TimeStamp": "2025-10-24T07:50:43",
              "EventType": "EventLog",
              "EventId": "6",
              "EventSource": "Microsoft-Windows-FilterManager",
              "Level": "Information",
              "EventTask": "0",
              "GeneralInfo": "[System]File System Filter 'bindflt' (10.0, 2062-11-21T10:49:32.0000000Z) has successfully loaded and registered with Filter Manager.",
              "ParamInfo": "0x0;10;0;7;bindflt;2062-11-21T10:49:32.0000000Z",
              "ItemId": null,
              "RecordId": null,
              "RuntimeId": "DBD9AA8900DC78BA83B5C2E776EE5DEC",
              "Id": 443
            },
            {
              "TimeStamp": "2025-10-24T07:50:43",
              "EventType": "EventLog",
              "EventId": "1014",
              "EventSource": "Microsoft-Windows-DNS-Client",
              "Level": "Warning",
              "EventTask": "1014",
              "GeneralInfo": "[System]Name resolution for the name ocsp.comodoca.com timed out after none of the configured DNS servers responded. Client PID 2460.",
              "ParamInfo": "ocsp.comodoca.com;128;0200000096D50102000000000000000000000000000000000000000000000000000000000000000000000000000000000000000000000000000000000000000000000000000000000000000000000000000000000000000000000000000000000000000000000000000000000000000000000000000000000000000000000000;2460",
              "ItemId": null,
              "RecordId": null,
              "RuntimeId": "DBD9AA8900DC78BA83B5C2E776EE5DEC",
              "Id": 444
            },
            {
              "TimeStamp": "2025-10-24T07:50:43",
              "EventType": "EventLog",
              "EventId": "1014",
              "EventSource": "Microsoft-Windows-DNS-Client",
              "Level": "Warning",
              "EventTask": "1014",
              "GeneralInfo": "[System]Name resolution for the name crl.sectigo.com timed out after none of the configured DNS servers responded. Client PID 2460.",
              "ParamInfo": "crl.sectigo.com;128;0200000096D50102000000000000000000000000000000000000000000000000000000000000000000000000000000000000000000000000000000000000000000000000000000000000000000000000000000000000000000000000000000000000000000000000000000000000000000000000000000000000000000000000;2460",
              "ItemId": null,
              "RecordId": null,
              "RuntimeId": "DBD9AA8900DC78BA83B5C2E776EE5DEC",
              "Id": 445
            },
            {
              "TimeStamp": "2025-10-24T07:50:43",
              "EventType": "EventLog",
              "EventId": "112",
              "EventSource": "Microsoft-Windows-HttpService",
              "Level": "Information",
              "EventTask": "3",
              "GeneralInfo": "[System]Attempted to reserve URL http://*:5357/. Status 0. Process Id 4 Executable path , User S-1-5-18",
              "ParamInfo": "http://*:5357/;0;4;;S-1-5-18",
              "ItemId": null,
              "RecordId": null,
              "RuntimeId": "DBD9AA8900DC78BA83B5C2E776EE5DEC",
              "Id": 446
            },
            {
              "TimeStamp": "2025-10-24T07:50:43",
              "EventType": "EventLog",
              "EventId": "112",
              "EventSource": "Microsoft-Windows-HttpService",
              "Level": "Information",
              "EventTask": "3",
              "GeneralInfo": "[System]Attempted to reserve URL http://+:80/Temporary_Listen_Addresses/. Status 0. Process Id 4 Executable path , User S-1-5-18",
              "ParamInfo": "http://+:80/Temporary_Listen_Addresses/;0;4;;S-1-5-18",
              "ItemId": null,
              "RecordId": null,
              "RuntimeId": "DBD9AA8900DC78BA83B5C2E776EE5DEC",
              "Id": 447
            },
            {
              "TimeStamp": "2025-10-24T07:50:43",
              "EventType": "EventLog",
              "EventId": "112",
              "EventSource": "Microsoft-Windows-HttpService",
              "Level": "Information",
              "EventTask": "3",
              "GeneralInfo": "[System]Attempted to reserve URL https://*:5358/. Status 0. Process Id 4 Executable path , User S-1-5-18",
              "ParamInfo": "https://*:5358/;0;4;;S-1-5-18",
              "ItemId": null,
              "RecordId": null,
              "RuntimeId": "DBD9AA8900DC78BA83B5C2E776EE5DEC",
              "Id": 448
            },
            {
              "TimeStamp": "2025-10-24T07:50:43",
              "EventType": "EventLog",
              "EventId": "112",
              "EventSource": "Microsoft-Windows-HttpService",
              "Level": "Information",
              "EventTask": "3",
              "GeneralInfo": "[System]Attempted to reserve URL http://*:2869/. Status 0. Process Id 4 Executable path , User S-1-5-18",
              "ParamInfo": "http://*:2869/;0;4;;S-1-5-18",
              "ItemId": null,
              "RecordId": null,
              "RuntimeId": "DBD9AA8900DC78BA83B5C2E776EE5DEC",
              "Id": 449
            },
            {
              "TimeStamp": "2025-10-24T07:50:43",
              "EventType": "EventLog",
              "EventId": "112",
              "EventSource": "Microsoft-Windows-HttpService",
              "Level": "Information",
              "EventTask": "3",
              "GeneralInfo": "[System]Attempted to reserve URL https://+:5986/wsman/. Status 0. Process Id 4 Executable path , User S-1-5-18",
              "ParamInfo": "https://+:5986/wsman/;0;4;;S-1-5-18",
              "ItemId": null,
              "RecordId": null,
              "RuntimeId": "DBD9AA8900DC78BA83B5C2E776EE5DEC",
              "Id": 450
            },
            {
              "TimeStamp": "2025-10-24T07:50:43",
              "EventType": "EventLog",
              "EventId": "112",
              "EventSource": "Microsoft-Windows-HttpService",
              "Level": "Information",
              "EventTask": "3",
              "GeneralInfo": "[System]Attempted to reserve URL http://+:47001/wsman/. Status 0. Process Id 4 Executable path , User S-1-5-18",
              "ParamInfo": "http://+:47001/wsman/;0;4;;S-1-5-18",
              "ItemId": null,
              "RecordId": null,
              "RuntimeId": "DBD9AA8900DC78BA83B5C2E776EE5DEC",
              "Id": 451
            },
            {
              "TimeStamp": "2025-10-24T07:50:43",
              "EventType": "EventLog",
              "EventId": "112",
              "EventSource": "Microsoft-Windows-HttpService",
              "Level": "Information",
              "EventTask": "3",
              "GeneralInfo": "[System]Attempted to reserve URL http://+:5985/wsman/. Status 0. Process Id 4 Executable path , User S-1-5-18",
              "ParamInfo": "http://+:5985/wsman/;0;4;;S-1-5-18",
              "ItemId": null,
              "RecordId": null,
              "RuntimeId": "DBD9AA8900DC78BA83B5C2E776EE5DEC",
              "Id": 452
            },
            {
              "TimeStamp": "2025-10-24T07:50:43",
              "EventType": "EventLog",
              "EventId": "112",
              "EventSource": "Microsoft-Windows-HttpService",
              "Level": "Information",
              "EventTask": "3",
              "GeneralInfo": "[System]Attempted to reserve URL https://+:443/sra_{BA195980-CD49-458b-9E23-C84EE0ADCD75}/. Status 0. Process Id 4 Executable path , User S-1-5-18",
              "ParamInfo": "https://+:443/sra_{BA195980-CD49-458b-9E23-C84EE0ADCD75}/;0;4;;S-1-5-18",
              "ItemId": null,
              "RecordId": null,
              "RuntimeId": "DBD9AA8900DC78BA83B5C2E776EE5DEC",
              "Id": 453
            },
            {
              "TimeStamp": "2025-10-24T07:50:43",
              "EventType": "EventLog",
              "EventId": "112",
              "EventSource": "Microsoft-Windows-HttpService",
              "Level": "Information",
              "EventTask": "3",
              "GeneralInfo": "[System]Attempted to reserve URL http://+:10246/MDEServer/. Status 0. Process Id 4 Executable path , User S-1-5-18",
              "ParamInfo": "http://+:10246/MDEServer/;0;4;;S-1-5-18",
              "ItemId": null,
              "RecordId": null,
              "RuntimeId": "DBD9AA8900DC78BA83B5C2E776EE5DEC",
              "Id": 454
            },
            {
              "TimeStamp": "2025-10-24T07:50:43",
              "EventType": "EventLog",
              "EventId": "112",
              "EventSource": "Microsoft-Windows-HttpService",
              "Level": "Information",
              "EventTask": "3",
              "GeneralInfo": "[System]Attempted to reserve URL https://+:3392/rdp/. Status 0. Process Id 4 Executable path , User S-1-5-18",
              "ParamInfo": "https://+:3392/rdp/;0;4;;S-1-5-18",
              "ItemId": null,
              "RecordId": null,
              "RuntimeId": "DBD9AA8900DC78BA83B5C2E776EE5DEC",
              "Id": 455
            },
            {
              "TimeStamp": "2025-10-24T07:50:43",
              "EventType": "EventLog",
              "EventId": "112",
              "EventSource": "Microsoft-Windows-HttpService",
              "Level": "Information",
              "EventTask": "3",
              "GeneralInfo": "[System]Attempted to reserve URL http://+:3387/rdp/. Status 0. Process Id 4 Executable path , User S-1-5-18",
              "ParamInfo": "http://+:3387/rdp/;0;4;;S-1-5-18",
              "ItemId": null,
              "RecordId": null,
              "RuntimeId": "DBD9AA8900DC78BA83B5C2E776EE5DEC",
              "Id": 456
            },
            {
              "TimeStamp": "2025-10-24T07:50:43",
              "EventType": "EventLog",
              "EventId": "112",
              "EventSource": "Microsoft-Windows-HttpService",
              "Level": "Information",
              "EventTask": "3",
              "GeneralInfo": "[System]Attempted to reserve URL http://+:80/0131501b-d67f-491b-9a40-c4bf27bcb4d4/. Status 0. Process Id 4 Executable path , User S-1-5-18",
              "ParamInfo": "http://+:80/0131501b-d67f-491b-9a40-c4bf27bcb4d4/;0;4;;S-1-5-18",
              "ItemId": null,
              "RecordId": null,
              "RuntimeId": "DBD9AA8900DC78BA83B5C2E776EE5DEC",
              "Id": 457
            },
            {
              "TimeStamp": "2025-10-24T07:50:43",
              "EventType": "EventLog",
              "EventId": "112",
              "EventSource": "Microsoft-Windows-HttpService",
              "Level": "Information",
              "EventTask": "3",
              "GeneralInfo": "[System]Attempted to reserve URL https://+:443/C574AC30-5794-4AEE-B1BB-6651C5315029/. Status 0. Process Id 4 Executable path , User S-1-5-18",
              "ParamInfo": "https://+:443/C574AC30-5794-4AEE-B1BB-6651C5315029/;0;4;;S-1-5-18",
              "ItemId": null,
              "RecordId": null,
              "RuntimeId": "DBD9AA8900DC78BA83B5C2E776EE5DEC",
              "Id": 458
            },
            {
              "TimeStamp": "2025-10-24T07:50:43",
              "EventType": "EventLog",
              "EventId": "112",
              "EventSource": "Microsoft-Windows-HttpService",
              "Level": "Information",
              "EventTask": "3",
              "GeneralInfo": "[System]Attempted to reserve URL http://+:80/116B50EB-ECE2-41ac-8429-9F9E963361B7/. Status 0. Process Id 4 Executable path , User S-1-5-18",
              "ParamInfo": "http://+:80/116B50EB-ECE2-41ac-8429-9F9E963361B7/;0;4;;S-1-5-18",
              "ItemId": null,
              "RecordId": null,
              "RuntimeId": "DBD9AA8900DC78BA83B5C2E776EE5DEC",
              "Id": 459
            },
            {
              "TimeStamp": "2025-10-24T07:50:43",
              "EventType": "EventLog",
              "EventId": "112",
              "EventSource": "Microsoft-Windows-HttpService",
              "Level": "Information",
              "EventTask": "3",
              "GeneralInfo": "[System]Attempted to reserve URL https://+:10245/WMPNSSv4/. Status 0. Process Id 4 Executable path , User S-1-5-18",
              "ParamInfo": "https://+:10245/WMPNSSv4/;0;4;;S-1-5-18",
              "ItemId": null,
              "RecordId": null,
              "RuntimeId": "DBD9AA8900DC78BA83B5C2E776EE5DEC",
              "Id": 460
            },
            {
              "TimeStamp": "2025-10-24T07:50:43",
              "EventType": "EventLog",
              "EventId": "112",
              "EventSource": "Microsoft-Windows-HttpService",
              "Level": "Information",
              "EventTask": "3",
              "GeneralInfo": "[System]Attempted to reserve URL http://+:10243/WMPNSSv4/. Status 0. Process Id 4 Executable path , User S-1-5-18",
              "ParamInfo": "http://+:10243/WMPNSSv4/;0;4;;S-1-5-18",
              "ItemId": null,
              "RecordId": null,
              "RuntimeId": "DBD9AA8900DC78BA83B5C2E776EE5DEC",
              "Id": 461
            },
