            {
              "TimeStamp": "2025-10-24T07:50:32",
              "EventType": "EventLog",
              "EventId": "55",
              "EventSource": "Microsoft-Windows-Kernel-Processor-Power",
              "Level": "Information",
              "EventTask": "47",
              "GeneralInfo": "[System]Hyper-V logical processor 1 exposes the following power management capabilities:\r\n\r\nIdle state type: 3 (11 state(s))\r\n\r\nPerformance state type: 3\r\nNominal Frequency (MHz): 2100\r\nMaximum performance percentage: 216\r\nMinimum performance percentage: 79\r\nMinimum throttle percentage: 4",
              "ParamInfo": "0;1;11;3;2100;216;79;4;3",
              "ItemId": null,
              "RecordId": null,
              "RuntimeId": "DBD9AA8900DC78BA83B5C2E776EE5DEC",
              "Id": 368
            },
            {
              "TimeStamp": "2025-10-24T07:50:32",
              "EventType": "EventLog",
              "EventId": "55",
              "EventSource": "Microsoft-Windows-Kernel-Processor-Power",
              "Level": "Information",
              "EventTask": "47",
              "GeneralInfo": "[System]Hyper-V logical processor 2 exposes the following power management capabilities:\r\n\r\nIdle state type: 3 (11 state(s))\r\n\r\nPerformance state type: 3\r\nNominal Frequency (MHz): 2100\r\nMaximum performance percentage: 216\r\nMinimum performance percentage: 79\r\nMinimum throttle percentage: 4",
              "ParamInfo": "0;2;11;3;2100;216;79;4;3",
              "ItemId": null,
              "RecordId": null,
              "RuntimeId": "DBD9AA8900DC78BA83B5C2E776EE5DEC",
              "Id": 369
            },
            {
              "TimeStamp": "2025-10-24T07:50:32",
              "EventType": "EventLog",
              "EventId": "55",
              "EventSource": "Microsoft-Windows-Kernel-Processor-Power",
              "Level": "Information",
              "EventTask": "47",
              "GeneralInfo": "[System]Hyper-V logical processor 3 exposes the following power management capabilities:\r\n\r\nIdle state type: 3 (11 state(s))\r\n\r\nPerformance state type: 3\r\nNominal Frequency (MHz): 2100\r\nMaximum performance percentage: 216\r\nMinimum performance percentage: 79\r\nMinimum throttle percentage: 4",
              "ParamInfo": "0;3;11;3;2100;216;79;4;3",
              "ItemId": null,
              "RecordId": null,
              "RuntimeId": "DBD9AA8900DC78BA83B5C2E776EE5DEC",
              "Id": 370
            },
            {
              "TimeStamp": "2025-10-24T07:50:32",
              "EventType": "EventLog",
              "EventId": "55",
              "EventSource": "Microsoft-Windows-Kernel-Processor-Power",
              "Level": "Information",
              "EventTask": "47",
              "GeneralInfo": "[System]Hyper-V logical processor 4 exposes the following power management capabilities:\r\n\r\nIdle state type: 3 (11 state(s))\r\n\r\nPerformance state type: 3\r\nNominal Frequency (MHz): 2100\r\nMaximum performance percentage: 166\r\nMinimum performance percentage: 90\r\nMinimum throttle percentage: 4",
              "ParamInfo": "0;4;11;3;2100;166;90;4;3",
              "ItemId": null,
              "RecordId": null,
              "RuntimeId": "DBD9AA8900DC78BA83B5C2E776EE5DEC",
              "Id": 371
            },
            {
              "TimeStamp": "2025-10-24T07:50:32",
              "EventType": "EventLog",
              "EventId": "55",
              "EventSource": "Microsoft-Windows-Kernel-Processor-Power",
              "Level": "Information",
              "EventTask": "47",
              "GeneralInfo": "[System]Hyper-V logical processor 5 exposes the following power management capabilities:\r\n\r\nIdle state type: 3 (11 state(s))\r\n\r\nPerformance state type: 3\r\nNominal Frequency (MHz): 2100\r\nMaximum performance percentage: 166\r\nMinimum performance percentage: 95\r\nMinimum throttle percentage: 4",
              "ParamInfo": "0;5;11;3;2100;166;95;4;3",
              "ItemId": null,
              "RecordId": null,
              "RuntimeId": "DBD9AA8900DC78BA83B5C2E776EE5DEC",
              "Id": 372
            },
            {
              "TimeStamp": "2025-10-24T07:50:32",
              "EventType": "EventLog",
              "EventId": "55",
              "EventSource": "Microsoft-Windows-Kernel-Processor-Power",
              "Level": "Information",
              "EventTask": "47",
              "GeneralInfo": "[System]Hyper-V logical processor 6 exposes the following power management capabilities:\r\n\r\nIdle state type: 3 (11 state(s))\r\n\r\nPerformance state type: 3\r\nNominal Frequency (MHz): 2100\r\nMaximum performance percentage: 166\r\nMinimum performance percentage: 95\r\nMinimum throttle percentage: 4",
              "ParamInfo": "0;6;11;3;2100;166;95;4;3",
              "ItemId": null,
              "RecordId": null,
              "RuntimeId": "DBD9AA8900DC78BA83B5C2E776EE5DEC",
              "Id": 373
            },
            {
              "TimeStamp": "2025-10-24T07:50:32",
              "EventType": "EventLog",
              "EventId": "2",
              "EventSource": "MEIx64",
              "Level": "Information",
              "EventTask": "0",
              "GeneralInfo": "[System]Intel(R) Management Engine Interface driver has started successfully.",
              "ParamInfo": "",
              "ItemId": null,
              "RecordId": null,
              "RuntimeId": "DBD9AA8900DC78BA83B5C2E776EE5DEC",
              "Id": 374
            },
            {
              "TimeStamp": "2025-10-24T07:50:32",
              "EventType": "EventLog",
              "EventId": "55",
              "EventSource": "Microsoft-Windows-Kernel-Processor-Power",
              "Level": "Information",
              "EventTask": "47",
              "GeneralInfo": "[System]Hyper-V logical processor 7 exposes the following power management capabilities:\r\n\r\nIdle state type: 3 (11 state(s))\r\n\r\nPerformance state type: 3\r\nNominal Frequency (MHz): 2100\r\nMaximum performance percentage: 166\r\nMinimum performance percentage: 100\r\nMinimum throttle percentage: 4",
              "ParamInfo": "0;7;11;3;2100;166;100;4;3",
              "ItemId": null,
              "RecordId": null,
              "RuntimeId": "DBD9AA8900DC78BA83B5C2E776EE5DEC",
              "Id": 375
            },
            {
              "TimeStamp": "2025-10-24T07:50:31",
              "EventType": "EventLog",
              "EventId": "10118",
              "EventSource": "Microsoft-Windows-DriverFrameworks-UserMode",
              "Level": "Information",
              "EventTask": "101",
              "GeneralInfo": "[System]UMDF reflector is unable to connect to service control manager (SCM). This is expected during boot, when SCM has not started yet. Will retry when it starts.",
              "ParamInfo": "",
              "ItemId": null,
              "RecordId": null,
              "RuntimeId": "DBD9AA8900DC78BA83B5C2E776EE5DEC",
              "Id": 358
            },
            {
              "TimeStamp": "2025-10-24T07:50:31",
              "EventType": "EventLog",
              "EventId": "219",
              "EventSource": "Microsoft-Windows-Kernel-PnP",
              "Level": "Warning",
              "EventTask": "212",
              "GeneralInfo": "[System]The driver \\Driver\\WUDFRd failed to load.\r\nDevice: PCI\\VEN_8086&DEV_641D&SUBSYS_233B17AA&REV_04\\3&11583659&1&20\r\nStatus: 3221226341",
              "ParamInfo": "60;PCI\\VEN_8086&DEV_641D&SUBSYS_233B17AA&REV_04\\3&11583659&1&20;3221226341;14;\\Driver\\WUDFRd;0",
              "ItemId": null,
              "RecordId": null,
              "RuntimeId": "DBD9AA8900DC78BA83B5C2E776EE5DEC",
              "Id": 359
            },
            {
              "TimeStamp": "2025-10-24T07:50:31",
              "EventType": "EventLog",
              "EventId": "98",
              "EventSource": "Microsoft-Windows-Ntfs",
              "Level": "Information",
              "EventTask": "0",
              "GeneralInfo": "[System]The description for Event ID '98' in Source 'Microsoft-Windows-Ntfs' cannot be found.  The local computer may not have the necessary registry information or message DLL files to display the message, or you may not have permission to access them.  The following information is part of the event:'E:', '\\Device\\HarddiskVolume6', '0'",
              "ParamInfo": "E:;\\Device\\HarddiskVolume6;0",
              "ItemId": null,
              "RecordId": null,
              "RuntimeId": "DBD9AA8900DC78BA83B5C2E776EE5DEC",
              "Id": 360
            },
            {
              "TimeStamp": "2025-10-24T07:50:31",
              "EventType": "EventLog",
              "EventId": "98",
              "EventSource": "Microsoft-Windows-Ntfs",
              "Level": "Information",
              "EventTask": "0",
              "GeneralInfo": "[System]The description for Event ID '98' in Source 'Microsoft-Windows-Ntfs' cannot be found.  The local computer may not have the necessary registry information or message DLL files to display the message, or you may not have permission to access them.  The following information is part of the event:'\\\\?\\Volume{4b6e0f59-27df-493c-be5e-27130a44f500}', '\\Device\\HarddiskVolume1', '0'",
              "ParamInfo": "\\\\?\\Volume{4b6e0f59-27df-493c-be5e-27130a44f500};\\Device\\HarddiskVolume1;0",
              "ItemId": null,
              "RecordId": null,
              "RuntimeId": "DBD9AA8900DC78BA83B5C2E776EE5DEC",
              "Id": 361
            },
            {
              "TimeStamp": "2025-10-24T07:50:30",
              "EventType": "EventLog",
              "EventId": "6",
              "EventSource": "Microsoft-Windows-FilterManager",
              "Level": "Information",
              "EventTask": "0",
              "GeneralInfo": "[System]File System Filter 'FileCrypt' (10.0, 2075-09-01T06:07:07.0000000Z) has successfully loaded and registered with Filter Manager.",
              "ParamInfo": "0x0;10;0;9;FileCrypt;2075-09-01T06:07:07.0000000Z",
              "ItemId": null,
              "RecordId": null,
              "RuntimeId": "DBD9AA8900DC78BA83B5C2E776EE5DEC",
              "Id": 352
            },
            {
              "TimeStamp": "2025-10-24T07:50:30",
              "EventType": "EventLog",
              "EventId": "6",
              "EventSource": "Microsoft-Windows-FilterManager",
              "Level": "Information",
              "EventTask": "0",
              "GeneralInfo": "[System]File System Filter 'npsvctrig' (10.0, 1978-05-14T17:13:30.0000000Z) has successfully loaded and registered with Filter Manager.",
              "ParamInfo": "0x0;10;0;9;npsvctrig;1978-05-14T17:13:30.0000000Z",
              "ItemId": null,
              "RecordId": null,
              "RuntimeId": "DBD9AA8900DC78BA83B5C2E776EE5DEC",
              "Id": 353
            },
            {
              "TimeStamp": "2025-10-24T07:50:30",
              "EventType": "EventLog",
              "EventId": "125",
              "EventSource": "Microsoft-Windows-Kernel-Power",
              "Level": "Information",
              "EventTask": "86",
              "GeneralInfo": "[System]The description for Event ID '125' in Source 'Microsoft-Windows-Kernel-Power' cannot be found.  The local computer may not have the necessary registry information or message DLL files to display the message, or you may not have permission to access them.  The following information is part of the event:'9', '\\_TZ.THM0', '0', '0', '0', '0', '0', '0', '0', '0', '0', '0', '0', '0', '0', '0', '383', '383', '0', '0', '0', '0', '', '0'",
              "ParamInfo": "9;\\_TZ.THM0;0;0;0;0;0;0;0;0;0;0;0;0;0;0;383;383;0;0;0;0;;0",
              "ItemId": null,
              "RecordId": null,
              "RuntimeId": "DBD9AA8900DC78BA83B5C2E776EE5DEC",
              "Id": 354
            },
            {
              "TimeStamp": "2025-10-24T07:50:30",
              "EventType": "EventLog",
              "EventId": "10118",
              "EventSource": "Microsoft-Windows-DriverFrameworks-UserMode",
              "Level": "Information",
              "EventTask": "101",
              "GeneralInfo": "[System]UMDF reflector is unable to connect to service control manager (SCM). This is expected during boot, when SCM has not started yet. Will retry when it starts.",
              "ParamInfo": "",
              "ItemId": null,
              "RecordId": null,
              "RuntimeId": "DBD9AA8900DC78BA83B5C2E776EE5DEC",
              "Id": 355
            },
            {
              "TimeStamp": "2025-10-24T07:50:30",
              "EventType": "EventLog",
              "EventId": "219",
              "EventSource": "Microsoft-Windows-Kernel-PnP",
              "Level": "Warning",
              "EventTask": "212",
              "GeneralInfo": "[System]The driver \\Driver\\WUDFRd failed to load.\r\nDevice: ROOT\\WINDOWSHELLOFACESOFTWAREDRIVER\\0000\r\nStatus: 3221226341",
              "ParamInfo": "40;ROOT\\WINDOWSHELLOFACESOFTWAREDRIVER\\0000;3221226341;14;\\Driver\\WUDFRd;0",
              "ItemId": null,
              "RecordId": null,
              "RuntimeId": "DBD9AA8900DC78BA83B5C2E776EE5DEC",
              "Id": 356
            },
            {
              "TimeStamp": "2025-10-24T07:50:30",
              "EventType": "EventLog",
              "EventId": "98",
              "EventSource": "Microsoft-Windows-Ntfs",
              "Level": "Information",
              "EventTask": "0",
              "GeneralInfo": "[System]The description for Event ID '98' in Source 'Microsoft-Windows-Ntfs' cannot be found.  The local computer may not have the necessary registry information or message DLL files to display the message, or you may not have permission to access them.  The following information is part of the event:'D:', '\\Device\\HarddiskVolume5', '0'",
              "ParamInfo": "D:;\\Device\\HarddiskVolume5;0",
              "ItemId": null,
              "RecordId": null,
              "RuntimeId": "DBD9AA8900DC78BA83B5C2E776EE5DEC",
              "Id": 357
            },
            {
              "TimeStamp": "2025-10-24T07:50:29",
              "EventType": "EventLog",
              "EventId": "6",
              "EventSource": "Microsoft-Windows-FilterManager",
              "Level": "Information",
              "EventTask": "0",
              "GeneralInfo": "[System]File System Filter 'FileInfo' (10.0, 2093-04-02T09:29:43.0000000Z) has successfully loaded and registered with Filter Manager.",
              "ParamInfo": "0x0;10;0;8;FileInfo;2093-04-02T09:29:43.0000000Z",
              "ItemId": null,
              "RecordId": null,
              "RuntimeId": "DBD9AA8900DC78BA83B5C2E776EE5DEC",
              "Id": 348
            },
            {
              "TimeStamp": "2025-10-24T07:50:29",
              "EventType": "EventLog",
              "EventId": "6",
              "EventSource": "Microsoft-Windows-FilterManager",
              "Level": "Information",
              "EventTask": "0",
              "GeneralInfo": "[System]File System Filter 'Wof' (10.0, 2048-09-05T19:36:31.0000000Z) has successfully loaded and registered with Filter Manager.",
              "ParamInfo": "0x0;10;0;3;Wof;2048-09-05T19:36:31.0000000Z",
              "ItemId": null,
              "RecordId": null,
              "RuntimeId": "DBD9AA8900DC78BA83B5C2E776EE5DEC",
              "Id": 349
            },
            {
              "TimeStamp": "2025-10-24T07:50:29",
              "EventType": "EventLog",
              "EventId": "6",
              "EventSource": "Microsoft-Windows-FilterManager",
              "Level": "Information",
              "EventTask": "0",
              "GeneralInfo": "[System]File System Filter 'WdFilter' (10.0, 2047-04-29T08:32:56.0000000Z) has successfully loaded and registered with Filter Manager.",
              "ParamInfo": "0x0;10;0;8;WdFilter;2047-04-29T08:32:56.0000000Z",
              "ItemId": null,
              "RecordId": null,
              "RuntimeId": "DBD9AA8900DC78BA83B5C2E776EE5DEC",
              "Id": 350
            },
            {
              "TimeStamp": "2025-10-24T07:50:29",
              "EventType": "EventLog",
              "EventId": "98",
              "EventSource": "Microsoft-Windows-Ntfs",
              "Level": "Information",
              "EventTask": "0",
              "GeneralInfo": "[System]The description for Event ID '98' in Source 'Microsoft-Windows-Ntfs' cannot be found.  The local computer may not have the necessary registry information or message DLL files to display the message, or you may not have permission to access them.  The following information is part of the event:'C:', '\\Device\\HarddiskVolume4', '0'",
              "ParamInfo": "C:;\\Device\\HarddiskVolume4;0",
              "ItemId": null,
              "RecordId": null,
              "RuntimeId": "DBD9AA8900DC78BA83B5C2E776EE5DEC",
              "Id": 351
            },
            {
              "TimeStamp": "2025-10-24T07:50:27",
              "EventType": "EventLog",
              "EventId": "12",
              "EventSource": "Microsoft-Windows-Kernel-General",
              "Level": "Information",
              "EventTask": "1",
              "GeneralInfo": "[System]The description for Event ID '12' in Source 'Microsoft-Windows-Kernel-General' cannot be found.  The local computer may not have the necessary registry information or message DLL files to display the message, or you may not have permission to access them.  The following information is part of the event:'10', '0', '26100', '2161', '0', '0', '2025-10-23T23:50:26.5000000Z'",
              "ParamInfo": "10;0;26100;2161;0;0;2025-10-23T23:50:26.5000000Z",
              "ItemId": null,
              "RecordId": null,
              "RuntimeId": "DBD9AA8900DC78BA83B5C2E776EE5DEC",
              "Id": 329
            },
            {
              "TimeStamp": "2025-10-24T07:50:27",
              "EventType": "EventLog",
              "EventId": "25",
              "EventSource": "Microsoft-Windows-Kernel-General",
              "Level": "Information",
              "EventTask": "12",
              "GeneralInfo": "[System]The description for Event ID '25' in Source 'Microsoft-Windows-Kernel-General' cannot be found.  The local computer may not have the necessary registry information or message DLL files to display the message, or you may not have permission to access them.  The following information is part of the event:'2025-10-23T23:50:26.5000000Z', '2025-10-23T23:50:25.0000000Z', '2', '0', 'false', 'false', 'true', '0'",
              "ParamInfo": "2025-10-23T23:50:26.5000000Z;2025-10-23T23:50:25.0000000Z;2;0;false;false;true;0",
              "ItemId": null,
              "RecordId": null,
              "RuntimeId": "DBD9AA8900DC78BA83B5C2E776EE5DEC",
              "Id": 330
            },
            {
              "TimeStamp": "2025-10-24T07:50:27",
              "EventType": "EventLog",
              "EventId": "153",
              "EventSource": "Microsoft-Windows-Kernel-Boot",
              "Level": "Information",
              "EventTask": "62",
              "GeneralInfo": "[System]The description for Event ID '153' in Source 'Microsoft-Windows-Kernel-Boot' cannot be found.  The local computer may not have the necessary registry information or message DLL files to display the message, or you may not have permission to access them.  The following information is part of the event:'0', '100', '8835'",
              "ParamInfo": "0;100;8835",
              "ItemId": null,
              "RecordId": null,
              "RuntimeId": "DBD9AA8900DC78BA83B5C2E776EE5DEC",
              "Id": 331
            },
            {
              "TimeStamp": "2025-10-24T07:50:27",
              "EventType": "EventLog",
              "EventId": "18",
              "EventSource": "Microsoft-Windows-Kernel-Boot",
              "Level": "Information",
              "EventTask": "57",
              "GeneralInfo": "[System]The description for Event ID '18' in Source 'Microsoft-Windows-Kernel-Boot' cannot be found.  The local computer may not have the necessary registry information or message DLL files to display the message, or you may not have permission to access them.  The following information is part of the event:'5'",
              "ParamInfo": "5",
              "ItemId": null,
              "RecordId": null,
              "RuntimeId": "DBD9AA8900DC78BA83B5C2E776EE5DEC",
              "Id": 332
            },
            {
              "TimeStamp": "2025-10-24T07:50:27",
              "EventType": "EventLog",
              "EventId": "32",
              "EventSource": "Microsoft-Windows-Kernel-Boot",
              "Level": "Information",
              "EventTask": "58",
              "GeneralInfo": "[System]The description for Event ID '32' in Source 'Microsoft-Windows-Kernel-Boot' cannot be found.  The local computer may not have the necessary registry information or message DLL files to display the message, or you may not have permission to access them.  The following information is part of the event:'0'",
              "ParamInfo": "0",
              "ItemId": null,
              "RecordId": null,
              "RuntimeId": "DBD9AA8900DC78BA83B5C2E776EE5DEC",
              "Id": 333
            },
            {
              "TimeStamp": "2025-10-24T07:50:27",
              "EventType": "EventLog",
              "EventId": "20",
              "EventSource": "Microsoft-Windows-Kernel-Boot",
              "Level": "Information",
              "EventTask": "31",
              "GeneralInfo": "[System]The description for Event ID '20' in Source 'Microsoft-Windows-Kernel-Boot' cannot be found.  The local computer may not have the necessary registry information or message DLL files to display the message, or you may not have permission to access them.  The following information is part of the event:'true', 'true', '84', '2'",
              "ParamInfo": "true;true;84;2",
              "ItemId": null,
              "RecordId": null,
              "RuntimeId": "DBD9AA8900DC78BA83B5C2E776EE5DEC",
              "Id": 334
            },
            {
              "TimeStamp": "2025-10-24T07:50:27",
              "EventType": "EventLog",
              "EventId": "247",
              "EventSource": "Microsoft-Windows-Kernel-Boot",
              "Level": "Information",
              "EventTask": "99",
              "GeneralInfo": "[System]The description for Event ID '247' in Source 'Microsoft-Windows-Kernel-Boot' cannot be found.  The local computer may not have the necessary registry information or message DLL files to display the message, or you may not have permission to access them.  The following information is part of the event:'0', '4'",
              "ParamInfo": "0;4",
              "ItemId": null,
              "RecordId": null,
              "RuntimeId": "DBD9AA8900DC78BA83B5C2E776EE5DEC",
              "Id": 335
            },
            {
              "TimeStamp": "2025-10-24T07:50:27",
              "EventType": "EventLog",
              "EventId": "238",
              "EventSource": "Microsoft-Windows-Kernel-Boot",
              "Level": "Information",
              "EventTask": "101",
              "GeneralInfo": "[System]The description for Event ID '238' in Source 'Microsoft-Windows-Kernel-Boot' cannot be found.  The local computer may not have the necessary registry information or message DLL files to display the message, or you may not have permission to access them.  The following information is part of the event:'2047', '0', '2025-10-24T07:50:25.0000000Z'",
              "ParamInfo": "2047;0;2025-10-24T07:50:25.0000000Z",
              "ItemId": null,
              "RecordId": null,
              "RuntimeId": "DBD9AA8900DC78BA83B5C2E776EE5DEC",
              "Id": 336
            },
            {
              "TimeStamp": "2025-10-24T07:50:27",
              "EventType": "EventLog",
              "EventId": "25",
              "EventSource": "Microsoft-Windows-Kernel-Boot",
              "Level": "Information",
              "EventTask": "32",
              "GeneralInfo": "[System]The description for Event ID '25' in Source 'Microsoft-Windows-Kernel-Boot' cannot be found.  The local computer may not have the necessary registry information or message DLL files to display the message, or you may not have permission to access them.  The following information is part of the event:'1'",
              "ParamInfo": "1",
              "ItemId": null,
              "RecordId": null,
              "RuntimeId": "DBD9AA8900DC78BA83B5C2E776EE5DEC",
              "Id": 337
            },
            {
              "TimeStamp": "2025-10-24T07:50:27",
              "EventType": "EventLog",
              "EventId": "27",
              "EventSource": "Microsoft-Windows-Kernel-Boot",
              "Level": "Information",
              "EventTask": "33",
              "GeneralInfo": "[System]The description for Event ID '27' in Source 'Microsoft-Windows-Kernel-Boot' cannot be found.  The local computer may not have the necessary registry information or message DLL files to display the message, or you may not have permission to access them.  The following information is part of the event:'0', ' TESTSIGNING  NOEXECUTE=OPTIN  FVEBOOT=2666496  NOVGA'",
              "ParamInfo": "0; TESTSIGNING  NOEXECUTE=OPTIN  FVEBOOT=2666496  NOVGA",
              "ItemId": null,
              "RecordId": null,
              "RuntimeId": "DBD9AA8900DC78BA83B5C2E776EE5DEC",
              "Id": 338
            },
            {
              "TimeStamp": "2025-10-24T07:50:27",
              "EventType": "EventLog",
              "EventId": "1",
              "EventSource": "Microsoft-Windows-Hyper-V-Hypervisor",
              "Level": "Information",
              "EventTask": "0",
              "GeneralInfo": "[System]Hypervisor successfully started.",
              "ParamInfo": "",
              "ItemId": null,
              "RecordId": null,
              "RuntimeId": "DBD9AA8900DC78BA83B5C2E776EE5DEC",
              "Id": 339
            },
            {
              "TimeStamp": "2025-10-24T07:50:27",
              "EventType": "EventLog",
              "EventId": "2",
              "EventSource": "Microsoft-Windows-Hyper-V-Hypervisor",
              "Level": "Information",
              "EventTask": "0",
              "GeneralInfo": "[System]Hypervisor scheduler type is 0x4.",
              "ParamInfo": "0x4",
              "ItemId": null,
              "RecordId": null,
              "RuntimeId": "DBD9AA8900DC78BA83B5C2E776EE5DEC",
              "Id": 340
            },
            {
              "TimeStamp": "2025-10-24T07:50:27",
              "EventType": "EventLog",
              "EventId": "129",
              "EventSource": "Microsoft-Windows-Hyper-V-Hypervisor",
              "Level": "Information",
              "EventTask": "0",
              "GeneralInfo": "[System]Hypervisor initialized I/O remapping.\r\n\r\nHardware present: true\r\nHardware enabled: true\r\nPolicy: 0x0\r\nEnabled features: 0x63\r\nInternal information: 0x0\r\nProblems: 0x0\r\nAdditional information: 0x0",
              "ParamInfo": "true;true;0x0;0x63;0x0;0x0;0x0",
              "ItemId": null,
              "RecordId": null,
              "RuntimeId": "DBD9AA8900DC78BA83B5C2E776EE5DEC",
              "Id": 341
            },
            {
              "TimeStamp": "2025-10-24T07:50:27",
              "EventType": "EventLog",
              "EventId": "156",
              "EventSource": "Microsoft-Windows-Hyper-V-Hypervisor",
              "Level": "Information",
              "EventTask": "0",
              "GeneralInfo": "[System]The description for Event ID '156' in Source 'Microsoft-Windows-Hyper-V-Hypervisor' cannot be found.  The local computer may not have the necessary registry information or message DLL files to display the message, or you may not have permission to access them.  The following information is part of the event:'true', 'false', 'true', 'false', 'false', 'false', 'true', 'false'",
              "ParamInfo": "true;false;true;false;false;false;true;false",
              "ItemId": null,
              "RecordId": null,
              "RuntimeId": "DBD9AA8900DC78BA83B5C2E776EE5DEC",
              "Id": 342
            },
            {
              "TimeStamp": "2025-10-24T07:50:27",
              "EventType": "EventLog",
              "EventId": "165",
              "EventSource": "Microsoft-Windows-Hyper-V-Hypervisor",
              "Level": "Information",
              "EventTask": "0",
              "GeneralInfo": "[System]Hypervisor configured mitigations for CVE-2019-11091, CVE-2018-12126, CVE-2018-12127, CVE-2018-12130 for virtual machines.\r\n\r\nProcessor not affected: true\r\nProcessor family not affected: false\r\nProcessor supports microarchitectural buffer flush: true\r\nBuffer flush needed: false\r\n",
              "ParamInfo": "true;false;true;false",
              "ItemId": null,
              "RecordId": null,
              "RuntimeId": "DBD9AA8900DC78BA83B5C2E776EE5DEC",
              "Id": 343
            },
            {
              "TimeStamp": "2025-10-24T07:50:27",
              "EventType": "EventLog",
              "EventId": "3",
              "EventSource": "Microsoft-Windows-IsolatedUserMode",
              "Level": "Information",
              "EventTask": "0",
              "GeneralInfo": "[System]Secure Kernel started with status 0 and flags 17463.",
              "ParamInfo": "0;17463",
              "ItemId": null,
              "RecordId": null,
              "RuntimeId": "DBD9AA8900DC78BA83B5C2E776EE5DEC",
              "Id": 344
            },
            {
              "TimeStamp": "2025-10-24T07:50:27",
              "EventType": "EventLog",
              "EventId": "30",
              "EventSource": "Microsoft-Windows-Kernel-Boot",
              "Level": "Information",
              "EventTask": "21",
              "GeneralInfo": "[System]The description for Event ID '30' in Source 'Microsoft-Windows-Kernel-Boot' cannot be found.  The local computer may not have the necessary registry information or message DLL files to display the message, or you may not have permission to access them.  The following information is part of the event:'1194', '17446', '17460', '18392', '18393'",
              "ParamInfo": "1194;17446;17460;18392;18393",
              "ItemId": null,
              "RecordId": null,
              "RuntimeId": "DBD9AA8900DC78BA83B5C2E776EE5DEC",
              "Id": 345
            },
            {
              "TimeStamp": "2025-10-24T07:50:27",
              "EventType": "EventLog",
              "EventId": "20",
              "EventSource": "Microsoft-Windows-Kernel-General",
              "Level": "Information",
              "EventTask": "6",
              "GeneralInfo": "[System]The description for Event ID '20' in Source 'Microsoft-Windows-Kernel-General' cannot be found.  The local computer may not have the necessary registry information or message DLL files to display the message, or you may not have permission to access them.  The following information is part of the event:'0', 'true', '0', '0'",
              "ParamInfo": "0;true;0;0",
              "ItemId": null,
              "RecordId": null,
              "RuntimeId": "DBD9AA8900DC78BA83B5C2E776EE5DEC",
              "Id": 346
            },
            {
              "TimeStamp": "2025-10-24T07:50:27",
              "EventType": "EventLog",
              "EventId": "16",
              "EventSource": "Microsoft-Windows-HAL",
              "Level": "Information",
              "EventTask": "0",
              "GeneralInfo": "[System]IOMMU fault reporting has been initialized.",
              "ParamInfo": "",
              "ItemId": null,
              "RecordId": null,
              "RuntimeId": "DBD9AA8900DC78BA83B5C2E776EE5DEC",
              "Id": 347
            },
            {
              "TimeStamp": "2025-10-24T07:50:05",
              "EventType": "EventLog",
              "EventId": "577",
              "EventSource": "Microsoft-Windows-Kernel-Power",
              "Level": "Information",
              "EventTask": "280",
              "GeneralInfo": "[System]The description for Event ID '577' in Source 'Microsoft-Windows-Kernel-Power' cannot be found.  The local computer may not have the necessary registry information or message DLL files to display the message, or you may not have permission to access them.  The following information is part of the event:'0', 'false', '279'",
              "ParamInfo": "0;false;279",
              "ItemId": null,
              "RecordId": null,
              "RuntimeId": "DBD9AA8900DC78BA83B5C2E776EE5DEC",
              "Id": 327
            },
            {
              "TimeStamp": "2025-10-24T07:50:05",
              "EventType": "EventLog",
              "EventId": "13",
              "EventSource": "Microsoft-Windows-Kernel-General",
              "Level": "Information",
              "EventTask": "2",
              "GeneralInfo": "[System]The description for Event ID '13' in Source 'Microsoft-Windows-Kernel-General' cannot be found.  The local computer may not have the necessary registry information or message DLL files to display the message, or you may not have permission to access them.  The following information is part of the event:'2025-10-23T23:50:05.0784010Z'",
              "ParamInfo": "2025-10-23T23:50:05.0784010Z",
              "ItemId": null,
              "RecordId": null,
              "RuntimeId": "DBD9AA8900DC78BA83B5C2E776EE5DEC",
              "Id": 328
            },
            {
              "TimeStamp": "2025-10-24T07:50:03",
              "EventType": "EventLog",
              "EventId": "109",
              "EventSource": "Microsoft-Windows-Kernel-Power",
              "Level": "Information",
              "EventTask": "103",
              "GeneralInfo": "[System]The description for Event ID '109' in Source 'Microsoft-Windows-Kernel-Power' cannot be found.  The local computer may not have the necessary registry information or message DLL files to display the message, or you may not have permission to access them.  The following information is part of the event:'5', '0', '5'",
              "ParamInfo": "5;0;5",
              "ItemId": null,
              "RecordId": null,
              "RuntimeId": "DBD9AA8900DC78BA83B5C2E776EE5DEC",
              "Id": 326
            },
            {
              "TimeStamp": "2025-10-24T07:50:00",
              "EventType": "EventLog",
              "EventId": "6006",
              "EventSource": "EventLog",
              "Level": "Information",
              "EventTask": "0",
              "GeneralInfo": "[System]The Event log service was stopped.",
              "ParamInfo": "",
              "ItemId": null,
              "RecordId": null,
              "RuntimeId": "DBD9AA8900DC78BA83B5C2E776EE5DEC",
              "Id": 312
            },
            {
              "TimeStamp": "2025-10-24T07:50:00",
              "EventType": "EventLog",
              "EventId": "2",
              "EventSource": "Microsoft-Windows-IsolatedUserMode",
              "Level": "Information",
              "EventTask": "0",
              "GeneralInfo": "[System]Secure Trustlet Id 6 and Pid 6624 stopped with status 0.",
              "ParamInfo": "6;6624;0",
              "ItemId": null,
              "RecordId": null,
              "RuntimeId": "DBD9AA8900DC78BA83B5C2E776EE5DEC",
              "Id": 313
            },
            {
              "TimeStamp": "2025-10-24T07:50:00",
              "EventType": "EventLog",
              "EventId": "50104",
              "EventSource": "Microsoft-Windows-Dhcp-Client",
              "Level": "Information",
              "EventTask": "4",
              "GeneralInfo": "[System]DHCPv4 client received shutdown notification",
              "ParamInfo": "",
              "ItemId": null,
              "RecordId": null,
              "RuntimeId": "DBD9AA8900DC78BA83B5C2E776EE5DEC",
              "Id": 314
            },
            {
              "TimeStamp": "2025-10-24T07:50:00",
              "EventType": "EventLog",
              "EventId": "50105",
              "EventSource": "Microsoft-Windows-Dhcp-Client",
              "Level": "Information",
              "EventTask": "4",
              "GeneralInfo": "[System]DHCPv4 client ProcessDHCPRequestForever received TERMINATE_EVENT",
              "ParamInfo": "",
              "ItemId": null,
              "RecordId": null,
              "RuntimeId": "DBD9AA8900DC78BA83B5C2E776EE5DEC",
              "Id": 315
            },
            {
              "TimeStamp": "2025-10-24T07:50:00",
              "EventType": "EventLog",
              "EventId": "3503",
              "EventSource": "Microsoft-Windows-DeviceAssociationService",
              "Level": "Error",
              "EventTask": "5000",
              "GeneralInfo": "[System]Device Association Service detected an endpoint discovery failure.",
              "ParamInfo": "internal DAS error;C:\\Windows\\System32\\svchost.exe;4512;3",
              "ItemId": null,
              "RecordId": null,
              "RuntimeId": "DBD9AA8900DC78BA83B5C2E776EE5DEC",
              "Id": 316
            },
            {
              "TimeStamp": "2025-10-24T07:50:00",
              "EventType": "EventLog",
              "EventId": "51047",
              "EventSource": "Microsoft-Windows-DHCPv6-Client",
              "Level": "Information",
              "EventTask": "4",
              "GeneralInfo": "[System]DHCPv6 client service is stopped. ShutDown Flag value is 1",
              "ParamInfo": "1",
              "ItemId": null,
              "RecordId": null,
              "RuntimeId": "DBD9AA8900DC78BA83B5C2E776EE5DEC",
              "Id": 317
            },
            {
              "TimeStamp": "2025-10-24T07:50:00",
              "EventType": "EventLog",
              "EventId": "51057",
              "EventSource": "Microsoft-Windows-DHCPv6-Client",
              "Level": "Information",
              "EventTask": "4",
              "GeneralInfo": "[System]DHCPv6 client service stop is almost done.DHCP Context Ref count is 1",
              "ParamInfo": "1",
              "ItemId": null,
              "RecordId": null,
              "RuntimeId": "DBD9AA8900DC78BA83B5C2E776EE5DEC",
              "Id": 318
            },
            {
              "TimeStamp": "2025-10-24T07:50:00",
              "EventType": "EventLog",
              "EventId": "50106",
              "EventSource": "Microsoft-Windows-Dhcp-Client",
              "Level": "Information",
              "EventTask": "4",
              "GeneralInfo": "[System]DHCPv4 is waiting on DHCPv6 service to stop",
              "ParamInfo": "",
              "ItemId": null,
              "RecordId": null,
              "RuntimeId": "DBD9AA8900DC78BA83B5C2E776EE5DEC",
              "Id": 319
            },
            {
              "TimeStamp": "2025-10-24T07:50:00",
              "EventType": "EventLog",
              "EventId": "50037",
              "EventSource": "Microsoft-Windows-Dhcp-Client",
              "Level": "Information",
              "EventTask": "4",
              "GeneralInfo": "[System]DHCPv4 client service is stopped. ShutDown Flag value is 1",
              "ParamInfo": "1",
              "ItemId": null,
              "RecordId": null,
              "RuntimeId": "DBD9AA8900DC78BA83B5C2E776EE5DEC",
              "Id": 320
            },
            {
              "TimeStamp": "2025-10-24T07:50:00",
              "EventType": "EventLog",
              "EventId": "10002",
              "EventSource": "Microsoft-Windows-WLAN-AutoConfig",
              "Level": "Warning",
              "EventTask": "0",
              "GeneralInfo": "[System]WLAN Extensibility Module has stopped.\r\n\r\nModule Path: C:\\windows\\System32\\DriverStore\\FileRepository\\netwtw6e.inf_amd64_bf4689a7153fc9c5\\IntelIHVRouter16.dll\r\n",
              "ParamInfo": "C:\\windows\\System32\\DriverStore\\FileRepository\\netwtw6e.inf_amd64_bf4689a7153fc9c5\\IntelIHVRouter16.dll",
              "ItemId": null,
              "RecordId": null,
              "RuntimeId": "DBD9AA8900DC78BA83B5C2E776EE5DEC",
              "Id": 324
            },
            {
              "TimeStamp": "2025-10-24T07:50:00",
              "EventType": "EventLog",
              "EventId": "4001",
              "EventSource": "Microsoft-Windows-WLAN-AutoConfig",
              "Level": "Information",
              "EventTask": "0",
              "GeneralInfo": "[System]WLAN AutoConfig service has successfully stopped.\r\n",
              "ParamInfo": "",
              "ItemId": null,
              "RecordId": null,
              "RuntimeId": "DBD9AA8900DC78BA83B5C2E776EE5DEC",
              "Id": 325
            },
            {
              "TimeStamp": "2025-10-24T07:50:00",
              "EventType": "EventLog",
              "EventId": "2000",
              "EventSource": "LMS",
              "Level": "Information",
              "EventTask": "3",
              "GeneralInfo": "[Application]Local Management Service stopped.",
              "ParamInfo": "Local Management Service stopped.",
              "ItemId": null,
              "RecordId": null,
              "RuntimeId": "DBD9AA8900DC78BA83B5C2E776EE5DEC",
              "Id": 487
            },
            {
              "TimeStamp": "2025-10-24T07:50:00",
              "EventType": "EventLog",
              "EventId": "1532",
              "EventSource": "Microsoft-Windows-User Profiles Service",
              "Level": "Information",
              "EventTask": "0",
              "GeneralInfo": "[Application]The User Profile Service has stopped.  \r\n\r\n",
              "ParamInfo": "",
              "ItemId": null,
              "RecordId": null,
              "RuntimeId": "DBD9AA8900DC78BA83B5C2E776EE5DEC",
              "Id": 488
            },
            {
              "TimeStamp": "2025-10-24T07:49:58",
              "EventType": "EventLog",
              "EventId": "7002",
              "EventSource": "Microsoft-Windows-Winlogon",
              "Level": "Information",
              "EventTask": "1102",
              "GeneralInfo": "[System]User Logoff Notification for Customer Experience Improvement Program",
              "ParamInfo": "1;S-1-5-21-1123529667-1216868676-714626185-1001",
              "ItemId": null,
              "RecordId": null,
              "RuntimeId": "DBD9AA8900DC78BA83B5C2E776EE5DEC",
              "Id": 311
            },
            {
              "TimeStamp": "2025-10-24T07:49:58",
              "EventType": "EventLog",
              "EventId": "6000",
              "EventSource": "Wlclntfy",
              "Level": "Information",
              "EventTask": "0",
              "GeneralInfo": "[Application]The winlogon notification subscriber <WSearch> was unavailable to handle a notification event.",
              "ParamInfo": "WSearch",
              "ItemId": null,
              "RecordId": null,
              "RuntimeId": "DBD9AA8900DC78BA83B5C2E776EE5DEC",
              "Id": 485
            },
