{
  "TestTaskOverviews": [
    {
      "TestItem": "Warm Boot",
      "DelayTime": 90,
      "SleepTime": 0,
      "Pass": 1,
      "Fail": 0,
      "Remained": 0,
      "Duration": "00.00:02:44",
      "StartTime": "2025-10-24 07:49:55",
      "EndTime": "2025-10-24 07:52:39",
      "Status": "PASS",
      "Records": [
        {
          "Tag": "Wb_1_1",
          "Duration": "00.00:02:44",
          "StartTime": "2025-10-24 07:49:55",
          "EndTime": "2025-10-24 07:52:39",
          "Status": "PASS",
          "PowerState": "Charging",
          "NetworkState": "EthernetConnected",
          "ErrorDesc": "Success Exit",
          "Remark": "",
          "LowPowerSwState": "-",
          "LowPowerHwState": "-",
          "FilterWarnEvents": [],
          "FilterCriticalEvents": [
            {
              "TimeStamp": "2025-10-24T07:50:52",
              "EventType": "EventLog",
              "EventId": "86",
              "EventSource": "CertEnroll",
              "Level": "Error",
              "EventTask": "0",
              "GeneralInfo": "[Application]The description for Event ID '-1034289066' in Source 'CertEnroll' cannot be found.  The local computer may not have the necessary registry information or message DLL files to display the message, or you may not have permission to access them.  The following information is part of the event:'WORKGROUP\\LAPTOP-QFNRBVBT$', 'https://STM-KeyId-657062a71056916f8c7f798a92dde6d81d0a98da.microsoftaik.azure.net/templates/Aik/scep', 'GetCACaps\n', 'GET(0ms)', 'GetCACaps', 'The server name or address could not be resolved 0x80072ee7 (WinHttp: 12007 ERROR_WINHTTP_NAME_NOT_RESOLVED)'",
              "ParamInfo": "WORKGROUP\\LAPTOP-QFNRBVBT$;https://STM-KeyId-657062a71056916f8c7f798a92dde6d81d0a98da.microsoftaik.azure.net/templates/Aik/scep;GetCACaps\n;GET(0ms);GetCACaps;The server name or address could not be resolved 0x80072ee7 (WinHttp: 12007 ERROR_WINHTTP_NAME_NOT_RESOLVED)",
              "ItemId": null,
              "RecordId": null,
              "RuntimeId": "DBD9AA8900DC78BA83B5C2E776EE5DEC",
              "Id": 515
            },
            {
              "TimeStamp": "2025-10-24T07:50:51",
              "EventType": "EventLog",
              "EventId": "86",
              "EventSource": "CertEnroll",
              "Level": "Error",
              "EventTask": "0",
              "GeneralInfo": "[Application]The description for Event ID '-1034289066' in Source 'CertEnroll' cannot be found.  The local computer may not have the necessary registry information or message DLL files to display the message, or you may not have permission to access them.  The following information is part of the event:'WORKGROUP\\LAPTOP-QFNRBVBT$', 'https://STM-KeyId-657062a71056916f8c7f798a92dde6d81d0a98da.microsoftaik.azure.net/templates/Aik/scep', 'GetCACaps\n', 'GET(31ms)', 'GetCACaps', 'The server name or address could not be resolved 0x80072ee7 (WinHttp: 12007 ERROR_WINHTTP_NAME_NOT_RESOLVED)'",
              "ParamInfo": "WORKGROUP\\LAPTOP-QFNRBVBT$;https://STM-KeyId-657062a71056916f8c7f798a92dde6d81d0a98da.microsoftaik.azure.net/templates/Aik/scep;GetCACaps\n;GET(31ms);GetCACaps;The server name or address could not be resolved 0x80072ee7 (WinHttp: 12007 ERROR_WINHTTP_NAME_NOT_RESOLVED)",
              "ItemId": null,
              "RecordId": null,
              "RuntimeId": "DBD9AA8900DC78BA83B5C2E776EE5DEC",
              "Id": 513
            },
            {
              "TimeStamp": "2025-10-24T07:50:51",
              "EventType": "EventLog",
              "EventId": "86",
              "EventSource": "CertEnroll",
              "Level": "Error",
              "EventTask": "0",
              "GeneralInfo": "[Application]The description for Event ID '-1034289066' in Source 'CertEnroll' cannot be found.  The local computer may not have the necessary registry information or message DLL files to display the message, or you may not have permission to access them.  The following information is part of the event:'Local system', 'https://STM-KeyId-657062a71056916f8c7f798a92dde6d81d0a98da.microsoftaik.azure.net/templates/Aik/scep', 'GetCACaps\n', 'GET(15ms)', 'GetCACaps', 'The server name or address could not be resolved 0x80072ee7 (WinHttp: 12007 ERROR_WINHTTP_NAME_NOT_RESOLVED)'",
              "ParamInfo": "Local system;https://STM-KeyId-657062a71056916f8c7f798a92dde6d81d0a98da.microsoftaik.azure.net/templates/Aik/scep;GetCACaps\n;GET(15ms);GetCACaps;The server name or address could not be resolved 0x80072ee7 (WinHttp: 12007 ERROR_WINHTTP_NAME_NOT_RESOLVED)",
              "ItemId": null,
              "RecordId": null,
              "RuntimeId": "DBD9AA8900DC78BA83B5C2E776EE5DEC",
              "Id": 514
            },
            {
              "TimeStamp": "2025-10-24T07:50:48",
              "EventType": "EventLog",
              "EventId": "8198",
              "EventSource": "Software Protection Platform Service",
              "Level": "Error",
              "EventTask": "0",
              "GeneralInfo": "[Application]License Activation (slui.exe) failed with the following error code:\r\nhr=0x80004005\r\nCommand-line arguments:\r\nRuleId=31e71c49-8da7-4a2f-ad92-45d98a1c79ba;Action=AutoActivate;AppId=55c92734-d682-4d71-983e-d6ec3f16059f;SkuId=fe74f55b-0338-41d6-b267-4a201abe7285;NotificationInterval=1440;Trigger=UserLogon;SessionId=1",
              "ParamInfo": "hr=0x80004005;RuleId=31e71c49-8da7-4a2f-ad92-45d98a1c79ba;Action=AutoActivate;AppId=55c92734-d682-4d71-983e-d6ec3f16059f;SkuId=fe74f55b-0338-41d6-b267-4a201abe7285;NotificationInterval=1440;Trigger=UserLogon;SessionId=1",
              "ItemId": null,
              "RecordId": null,
              "RuntimeId": "DBD9AA8900DC78BA83B5C2E776EE5DEC",
              "Id": 509
            },
            {
              "TimeStamp": "2025-10-24T07:50:44",
              "EventType": "EventLog",
              "EventId": "4321",
              "EventSource": "NetBT",
              "Level": "Error",
              "EventTask": "0",
              "GeneralInfo": "[System]The name \"LAPTOP-QFNRBVBT:20\" could not be registered on the interface with IP address 150.213.3.24.\r\nThe computer with the IP address 150.213.2.169 did not allow the name to be claimed by\r\nthis computer.",
              "ParamInfo": ";LAPTOP-QFNRBVBT:20;150.213.3.24;150.213.2.169",
              "ItemId": null,
              "RecordId": null,
              "RuntimeId": "DBD9AA8900DC78BA83B5C2E776EE5DEC",
              "Id": 467
            },
            {
              "TimeStamp": "2025-10-24T07:50:43",
              "EventType": "EventLog",
              "EventId": "4321",
              "EventSource": "NetBT",
              "Level": "Error",
              "EventTask": "0",
              "GeneralInfo": "[System]The name \"LAPTOP-QFNRBVBT:0\" could not be registered on the interface with IP address 150.213.3.24.\r\nThe computer with the IP address 150.213.2.169 did not allow the name to be claimed by\r\nthis computer.",
              "ParamInfo": ";LAPTOP-QFNRBVBT:0;150.213.3.24;150.213.2.169",
              "ItemId": null,
              "RecordId": null,
              "RuntimeId": "DBD9AA8900DC78BA83B5C2E776EE5DEC",
              "Id": 464
            },
            {
              "TimeStamp": "2025-10-24T07:50:42",
              "EventType": "EventLog",
              "EventId": "7000",
              "EventSource": "Service Control Manager",
              "Level": "Error",
              "EventTask": "0",
              "GeneralInfo": "[System]The luafv service failed to start due to the following error: \r\n%%1275",
              "ParamInfo": "luafv;%%1275",
              "ItemId": null,
              "RecordId": null,
              "RuntimeId": "DBD9AA8900DC78BA83B5C2E776EE5DEC",
              "Id": 435
            },
            {
              "TimeStamp": "2025-10-24T07:50:00",
              "EventType": "EventLog",
              "EventId": "3503",
              "EventSource": "Microsoft-Windows-DeviceAssociationService",
              "Level": "Error",
              "EventTask": "5000",
              "GeneralInfo": "[System]Device Association Service detected an endpoint discovery failure.",
              "ParamInfo": "internal DAS error;C:\\Windows\\System32\\svchost.exe;4512;3",
              "ItemId": null,
              "RecordId": null,
              "RuntimeId": "DBD9AA8900DC78BA83B5C2E776EE5DEC",
              "Id": 316
            }
          ],
          "AllEvents": [
            {
              "TimeStamp": "2025-10-24T07:52:34.3446344",
              "EventType": "WndProcNotify",
              "EventId": "32768",
              "EventSource": "537",
              "Level": "Information",
              "EventTask": "4",
              "GeneralInfo": "Device enabled.Device:Intel(R) Wi-Fi 7 BE201 320MHz #6 Detail:\\\\?\\PCI#VEN_8086&DEV_A840&SUBSYS_00E48086&REV_10#3&11583659&1&A3#{cac88484-7515-4c03-82e6-71a87abac361}\\{97B09EB3-50C8-48AD-AA11-ED21F6C68A0E}",
              "ParamInfo": "",
              "ItemId": null,
              "RecordId": null,
              "RuntimeId": "DBD9AA8900DC78BA83B5C2E776EE5DEC",
              "Id": 310
            },
            {
              "TimeStamp": "2025-10-24T07:52:34.3188516",
              "EventType": "WndProcNotify",
              "EventId": "32768",
              "EventSource": "537",
              "Level": "Information",
              "EventTask": "4",
              "GeneralInfo": "Device enabled.Device:Intel(R) Wi-Fi 7 BE201 320MHz #6 Detail:\\\\?\\PCI#VEN_8086&DEV_A840&SUBSYS_00E48086&REV_10#3&11583659&1&A3#{ad498944-762f-11d0-8dcb-00c04fc3358c}\\{97B09EB3-50C8-48AD-AA11-ED21F6C68A0E}",
              "ParamInfo": "",
              "ItemId": null,
              "RecordId": null,
              "RuntimeId": "DBD9AA8900DC78BA83B5C2E776EE5DEC",
              "Id": 309
            },
            {
              "TimeStamp": "2025-10-24T07:51:18",
              "EventType": "EventLog",
              "EventId": "16384",
              "EventSource": "Software Protection Platform Service",
              "Level": "Information",
              "EventTask": "0",
              "GeneralInfo": "[Application]Successfully scheduled Software Protection service for re-start at 2025-10-24T23:50:18Z. Reason: RulesEngine.",
              "ParamInfo": "2025-10-24T23:50:18Z;RulesEngine",
              "ItemId": null,
              "RecordId": null,
              "RuntimeId": "DBD9AA8900DC78BA83B5C2E776EE5DEC",
              "Id": 516
            },
            {
              "TimeStamp": "2025-10-24T07:51:18",
              "EventType": "EventLog",
              "EventId": "903",
              "EventSource": "Software Protection Platform Service",
              "Level": "0",
              "EventTask": "0",
              "GeneralInfo": "[Application]The Software Protection service has stopped.\r\n",
              "ParamInfo": "",
              "ItemId": null,
              "RecordId": null,
              "RuntimeId": "DBD9AA8900DC78BA83B5C2E776EE5DEC",
              "Id": 517
            },
            {
              "TimeStamp": "2025-10-24T07:51:05.6083781",
              "EventType": "WndProcNotify",
              "EventId": "32787",
              "EventSource": "536",
              "Level": "Information",
              "EventTask": "2",
              "GeneralInfo": "Power source: AC.",
              "ParamInfo": "",
              "ItemId": null,
              "RecordId": null,
              "RuntimeId": "DBD9AA8900DC78BA83B5C2E776EE5DEC",
              "Id": 307
            },
            {
              "TimeStamp": "2025-10-24T07:51:05.6083781",
              "EventType": "WndProcNotify",
              "EventId": "32787",
              "EventSource": "536",
              "Level": "Information",
              "EventTask": "4",
              "GeneralInfo": "Battery percentage remaining 66%.",
              "ParamInfo": "",
              "ItemId": null,
              "RecordId": null,
              "RuntimeId": "DBD9AA8900DC78BA83B5C2E776EE5DEC",
              "Id": 308
            },
            {
              "TimeStamp": "2025-10-24T07:51:04.7853824",
              "EventType": "WndProcNotify",
              "EventId": "32787",
              "EventSource": "536",
              "Level": "Information",
              "EventTask": "1",
              "GeneralInfo": "Lid status: Opened.",
              "ParamInfo": "",
              "ItemId": null,
              "RecordId": null,
              "RuntimeId": "DBD9AA8900DC78BA83B5C2E776EE5DEC",
              "Id": 306
            },
            {
              "TimeStamp": "2025-10-24T07:50:52",
              "EventType": "EventLog",
              "EventId": "86",
              "EventSource": "CertEnroll",
              "Level": "Error",
              "EventTask": "0",
              "GeneralInfo": "[Application]The description for Event ID '-1034289066' in Source 'CertEnroll' cannot be found.  The local computer may not have the necessary registry information or message DLL files to display the message, or you may not have permission to access them.  The following information is part of the event:'WORKGROUP\\LAPTOP-QFNRBVBT$', 'https://STM-KeyId-657062a71056916f8c7f798a92dde6d81d0a98da.microsoftaik.azure.net/templates/Aik/scep', 'GetCACaps\n', 'GET(0ms)', 'GetCACaps', 'The server name or address could not be resolved 0x80072ee7 (WinHttp: 12007 ERROR_WINHTTP_NAME_NOT_RESOLVED)'",
              "ParamInfo": "WORKGROUP\\LAPTOP-QFNRBVBT$;https://STM-KeyId-657062a71056916f8c7f798a92dde6d81d0a98da.microsoftaik.azure.net/templates/Aik/scep;GetCACaps\n;GET(0ms);GetCACaps;The server name or address could not be resolved 0x80072ee7 (WinHttp: 12007 ERROR_WINHTTP_NAME_NOT_RESOLVED)",
              "ItemId": null,
              "RecordId": null,
              "RuntimeId": "DBD9AA8900DC78BA83B5C2E776EE5DEC",
              "Id": 515
            },
            {
              "TimeStamp": "2025-10-24T07:50:51",
              "EventType": "EventLog",
              "EventId": "1282",
              "EventSource": "Microsoft-Windows-TPM-WMI",
              "Level": "Information",
              "EventTask": "0",
              "GeneralInfo": "[System]The TBS device identifier has been generated.",
              "ParamInfo": "",
              "ItemId": null,
              "RecordId": null,
              "RuntimeId": "DBD9AA8900DC78BA83B5C2E776EE5DEC",
              "Id": 479
            },
            {
              "TimeStamp": "2025-10-24T07:50:51",
              "EventType": "EventLog",
              "EventId": "10016",
              "EventSource": "DCOM",
              "Level": "Warning",
              "EventTask": "0",
              "GeneralInfo": "[System]The description for Event ID '10016' in Source 'DCOM' cannot be found.  The local computer may not have the necessary registry information or message DLL files to display the message, or you may not have permission to access them.  The following information is part of the event:'application-specific', 'Local', 'Activation', '{6B3B8D23-FA8D-40B9-8DBD-B950333E2C52}', '{4839DDB7-58C2-48F5-8283-E1D1807D0D7D}', 'NT AUTHORITY', 'LOCAL SERVICE', 'S-1-5-19', 'LocalHost (Using LRPC)', 'Unavailable', 'Unavailable'",
              "ParamInfo": "application-specific;Local;Activation;{6B3B8D23-FA8D-40B9-8DBD-B950333E2C52};{4839DDB7-58C2-48F5-8283-E1D1807D0D7D};NT AUTHORITY;LOCAL SERVICE;S-1-5-19;LocalHost (Using LRPC);Unavailable;Unavailable",
              "ItemId": null,
              "RecordId": null,
              "RuntimeId": "DBD9AA8900DC78BA83B5C2E776EE5DEC",
              "Id": 480
            },
            {
              "TimeStamp": "2025-10-24T07:50:51",
              "EventType": "EventLog",
              "EventId": "10016",
              "EventSource": "DCOM",
              "Level": "Warning",
              "EventTask": "0",
              "GeneralInfo": "[System]The description for Event ID '10016' in Source 'DCOM' cannot be found.  The local computer may not have the necessary registry information or message DLL files to display the message, or you may not have permission to access them.  The following information is part of the event:'machine-default', 'Local', 'Activation', '{C2F03A33-21F5-47FA-B4BB-156362A2F239}', '{316CDED5-E4AE-4B15-9113-7055D84DCC97}', 'NT AUTHORITY', 'LOCAL SERVICE', 'S-1-5-19', 'LocalHost (Using LRPC)', 'Unavailable', 'Unavailable'",
              "ParamInfo": "machine-default;Local;Activation;{C2F03A33-21F5-47FA-B4BB-156362A2F239};{316CDED5-E4AE-4B15-9113-7055D84DCC97};NT AUTHORITY;LOCAL SERVICE;S-1-5-19;LocalHost (Using LRPC);Unavailable;Unavailable",
              "ItemId": null,
              "RecordId": null,
              "RuntimeId": "DBD9AA8900DC78BA83B5C2E776EE5DEC",
              "Id": 481
            },
            {
              "TimeStamp": "2025-10-24T07:50:51",
              "EventType": "EventLog",
              "EventId": "10016",
              "EventSource": "DCOM",
              "Level": "Warning",
              "EventTask": "0",
              "GeneralInfo": "[System]The description for Event ID '10016' in Source 'DCOM' cannot be found.  The local computer may not have the necessary registry information or message DLL files to display the message, or you may not have permission to access them.  The following information is part of the event:'application-specific', 'Local', 'Activation', '{6B3B8D23-FA8D-40B9-8DBD-B950333E2C52}', '{4839DDB7-58C2-48F5-8283-E1D1807D0D7D}', 'NT AUTHORITY', 'LOCAL SERVICE', 'S-1-5-19', 'LocalHost (Using LRPC)', 'Unavailable', 'Unavailable'",
              "ParamInfo": "application-specific;Local;Activation;{6B3B8D23-FA8D-40B9-8DBD-B950333E2C52};{4839DDB7-58C2-48F5-8283-E1D1807D0D7D};NT AUTHORITY;LOCAL SERVICE;S-1-5-19;LocalHost (Using LRPC);Unavailable;Unavailable",
              "ItemId": null,
              "RecordId": null,
              "RuntimeId": "DBD9AA8900DC78BA83B5C2E776EE5DEC",
              "Id": 482
            },
            {
              "TimeStamp": "2025-10-24T07:50:51",
              "EventType": "EventLog",
              "EventId": "10016",
              "EventSource": "DCOM",
              "Level": "Warning",
              "EventTask": "0",
              "GeneralInfo": "[System]The description for Event ID '10016' in Source 'DCOM' cannot be found.  The local computer may not have the necessary registry information or message DLL files to display the message, or you may not have permission to access them.  The following information is part of the event:'machine-default', 'Local', 'Activation', '{C2F03A33-21F5-47FA-B4BB-156362A2F239}', '{316CDED5-E4AE-4B15-9113-7055D84DCC97}', 'NT AUTHORITY', 'LOCAL SERVICE', 'S-1-5-19', 'LocalHost (Using LRPC)', 'Unavailable', 'Unavailable'",
              "ParamInfo": "machine-default;Local;Activation;{C2F03A33-21F5-47FA-B4BB-156362A2F239};{316CDED5-E4AE-4B15-9113-7055D84DCC97};NT AUTHORITY;LOCAL SERVICE;S-1-5-19;LocalHost (Using LRPC);Unavailable;Unavailable",
              "ItemId": null,
              "RecordId": null,
              "RuntimeId": "DBD9AA8900DC78BA83B5C2E776EE5DEC",
              "Id": 483
            },
            {
              "TimeStamp": "2025-10-24T07:50:51",
              "EventType": "EventLog",
              "EventId": "1025",
              "EventSource": "Microsoft-Windows-TPM-WMI",
              "Level": "Information",
              "EventTask": "0",
              "GeneralInfo": "[System]The TPM was successfully provisioned and is now ready for use.",
              "ParamInfo": "",
              "ItemId": null,
              "RecordId": null,
              "RuntimeId": "DBD9AA8900DC78BA83B5C2E776EE5DEC",
              "Id": 484
            },
            {
              "TimeStamp": "2025-10-24T07:50:51",
              "EventType": "EventLog",
              "EventId": "86",
              "EventSource": "CertEnroll",
              "Level": "Error",
              "EventTask": "0",
              "GeneralInfo": "[Application]The description for Event ID '-1034289066' in Source 'CertEnroll' cannot be found.  The local computer may not have the necessary registry information or message DLL files to display the message, or you may not have permission to access them.  The following information is part of the event:'WORKGROUP\\LAPTOP-QFNRBVBT$', 'https://STM-KeyId-657062a71056916f8c7f798a92dde6d81d0a98da.microsoftaik.azure.net/templates/Aik/scep', 'GetCACaps\n', 'GET(31ms)', 'GetCACaps', 'The server name or address could not be resolved 0x80072ee7 (WinHttp: 12007 ERROR_WINHTTP_NAME_NOT_RESOLVED)'",
              "ParamInfo": "WORKGROUP\\LAPTOP-QFNRBVBT$;https://STM-KeyId-657062a71056916f8c7f798a92dde6d81d0a98da.microsoftaik.azure.net/templates/Aik/scep;GetCACaps\n;GET(31ms);GetCACaps;The server name or address could not be resolved 0x80072ee7 (WinHttp: 12007 ERROR_WINHTTP_NAME_NOT_RESOLVED)",
              "ItemId": null,
              "RecordId": null,
              "RuntimeId": "DBD9AA8900DC78BA83B5C2E776EE5DEC",
              "Id": 513
            },
            {
              "TimeStamp": "2025-10-24T07:50:51",
              "EventType": "EventLog",
              "EventId": "86",
              "EventSource": "CertEnroll",
              "Level": "Error",
              "EventTask": "0",
              "GeneralInfo": "[Application]The description for Event ID '-1034289066' in Source 'CertEnroll' cannot be found.  The local computer may not have the necessary registry information or message DLL files to display the message, or you may not have permission to access them.  The following information is part of the event:'Local system', 'https://STM-KeyId-657062a71056916f8c7f798a92dde6d81d0a98da.microsoftaik.azure.net/templates/Aik/scep', 'GetCACaps\n', 'GET(15ms)', 'GetCACaps', 'The server name or address could not be resolved 0x80072ee7 (WinHttp: 12007 ERROR_WINHTTP_NAME_NOT_RESOLVED)'",
              "ParamInfo": "Local system;https://STM-KeyId-657062a71056916f8c7f798a92dde6d81d0a98da.microsoftaik.azure.net/templates/Aik/scep;GetCACaps\n;GET(15ms);GetCACaps;The server name or address could not be resolved 0x80072ee7 (WinHttp: 12007 ERROR_WINHTTP_NAME_NOT_RESOLVED)",
              "ItemId": null,
              "RecordId": null,
              "RuntimeId": "DBD9AA8900DC78BA83B5C2E776EE5DEC",
              "Id": 514
            },
            {
              "TimeStamp": "2025-10-24T07:50:49",
              "EventType": "EventLog",
              "EventId": "18",
              "EventSource": "TPM",
              "Level": "Information",
              "EventTask": "0",
              "GeneralInfo": "[System]This event triggers the Trusted Platform Module (TPM) provisioning/status check to run.",
              "ParamInfo": "0x14;217;0",
              "ItemId": null,
              "RecordId": null,
              "RuntimeId": "DBD9AA8900DC78BA83B5C2E776EE5DEC",
              "Id": 478
            },
            {
              "TimeStamp": "2025-10-24T07:50:49",
              "EventType": "EventLog",
              "EventId": "3",
              "EventSource": "ISH Offload Item Service",
              "Level": "Information",
              "EventTask": "0",
              "GeneralInfo": "[Application]The description for Event ID '131075' in Source 'ISH Offload Item Service' cannot be found.  The local computer may not have the necessary registry information or message DLL files to display the message, or you may not have permission to access them.  The following information is part of the event:'ISH Offload Item Service', 'Heci Device interface connected successfully.'",
              "ParamInfo": "ISH Offload Item Service;Heci Device interface connected successfully.",
              "ItemId": null,
              "RecordId": null,
              "RuntimeId": "DBD9AA8900DC78BA83B5C2E776EE5DEC",
              "Id": 510
            },
            {
              "TimeStamp": "2025-10-24T07:50:49",
              "EventType": "EventLog",
              "EventId": "3",
              "EventSource": "ISH Offload Item Service",
              "Level": "Information",
              "EventTask": "0",
              "GeneralInfo": "[Application]The description for Event ID '131075' in Source 'ISH Offload Item Service' cannot be found.  The local computer may not have the necessary registry information or message DLL files to display the message, or you may not have permission to access them.  The following information is part of the event:'ISH Offload Item Service', 'Service send 2 offload items success.'",
              "ParamInfo": "ISH Offload Item Service;Service send 2 offload items success.",
              "ItemId": null,
              "RecordId": null,
              "RuntimeId": "DBD9AA8900DC78BA83B5C2E776EE5DEC",
              "Id": 511
            },
            {
              "TimeStamp": "2025-10-24T07:50:49",
              "EventType": "EventLog",
              "EventId": "1003",
              "EventSource": "Windows Search Service",
              "Level": "Information",
              "EventTask": "1",
              "GeneralInfo": "[Application]The Windows Search Service started.\n",
              "ParamInfo": "\n",
              "ItemId": null,
              "RecordId": null,
              "RuntimeId": "DBD9AA8900DC78BA83B5C2E776EE5DEC",
              "Id": 512
            },
            {
              "TimeStamp": "2025-10-24T07:50:48",
              "EventType": "EventLog",
              "EventId": "10016",
              "EventSource": "DCOM",
              "Level": "Warning",
              "EventTask": "0",
              "GeneralInfo": "[System]The description for Event ID '10016' in Source 'DCOM' cannot be found.  The local computer may not have the necessary registry information or message DLL files to display the message, or you may not have permission to access them.  The following information is part of the event:'machine-default', 'Local', 'Activation', '{F87B28F1-DA9A-4F35-8EC0-800EFCF26B83}', '{0868DC9B-D9A2-4F64-9362-133CEA201299}', 'NT AUTHORITY', 'NETWORK SERVICE', 'S-1-5-20', 'LocalHost (Using LRPC)', 'Unavailable', 'Unavailable'",
              "ParamInfo": "machine-default;Local;Activation;{F87B28F1-DA9A-4F35-8EC0-800EFCF26B83};{0868DC9B-D9A2-4F64-9362-133CEA201299};NT AUTHORITY;NETWORK SERVICE;S-1-5-20;LocalHost (Using LRPC);Unavailable;Unavailable",
              "ItemId": null,
              "RecordId": null,
              "RuntimeId": "DBD9AA8900DC78BA83B5C2E776EE5DEC",
              "Id": 475
            },
            {
              "TimeStamp": "2025-10-24T07:50:48",
              "EventType": "EventLog",
              "EventId": "1041",
              "EventSource": "Microsoft-Windows-TPM-WMI",
              "Level": "Information",
              "EventTask": "0",
              "GeneralInfo": "[System]Pre-attestation health check detailed information: {\"Version\":1,\"HealthStatus\":\"Attestable\",\"Required\":[{\"Field\":\"TpmPresent\",\"Value\":true,\"DesiredValue\":true},{\"Field\":\"TpmMeetsMinimumVersion\",\"Value\":true,\"DesiredValue\":true},{\"Field\":\"TpmIsResponsive\",\"Value\":true,\"DesiredValue\":true},{\"Field\":\"EkCertIsAvailable\",\"Value\":true,\"DesiredValue\":true},{\"Field\":\"TcgLogFound\",\"Value\":true,\"DesiredValue\":true}],\"Expected\":[{\"Field\":\"PcrsMatchTcgLog\",\"Value\":true,\"DesiredValue\":true}],\"Informational\":[{\"Field\":\"SecureBootEnabled\",\"ValueFromComputer\":false,\"ValueFromTcgLog\":false,\"DesiredValue\":true,\"TcgValueIsVerifiable\":true},{\"Field\":\"VirtualSecureMemory\",\"ValueFromComputer\":false,\"ValueFromTcgLog\":false,\"DesiredValue\":true,\"TcgValueIsVerifiable\":true},{\"Field\":\"SecureCorePCCompliant\",\"ValueFromComputer\":false,\"ValueFromTcgLog\":false,\"DesiredValue\":true,\"TcgValueIsVerifiable\":true}]}",
              "ParamInfo": "{\"Version\":1,\"HealthStatus\":\"Attestable\",\"Required\":[{\"Field\":\"TpmPresent\",\"Value\":true,\"DesiredValue\":true},{\"Field\":\"TpmMeetsMinimumVersion\",\"Value\":true,\"DesiredValue\":true},{\"Field\":\"TpmIsResponsive\",\"Value\":true,\"DesiredValue\":true},{\"Field\":\"EkCertIsAvailable\",\"Value\":true,\"DesiredValue\":true},{\"Field\":\"TcgLogFound\",\"Value\":true,\"DesiredValue\":true}],\"Expected\":[{\"Field\":\"PcrsMatchTcgLog\",\"Value\":true,\"DesiredValue\":true}],\"Informational\":[{\"Field\":\"SecureBootEnabled\",\"ValueFromComputer\":false,\"ValueFromTcgLog\":false,\"DesiredValue\":true,\"TcgValueIsVerifiable\":true},{\"Field\":\"VirtualSecureMemory\",\"ValueFromComputer\":false,\"ValueFromTcgLog\":false,\"DesiredValue\":true,\"TcgValueIsVerifiable\":true},{\"Field\":\"SecureCorePCCompliant\",\"ValueFromComputer\":false,\"ValueFromTcgLog\":false,\"DesiredValue\":true,\"TcgValueIsVerifiable\":true}]}",
              "ItemId": null,
              "RecordId": null,
              "RuntimeId": "DBD9AA8900DC78BA83B5C2E776EE5DEC",
              "Id": 476
            },
            {
              "TimeStamp": "2025-10-24T07:50:48",
              "EventType": "EventLog",
              "EventId": "1038",
              "EventSource": "Microsoft-Windows-TPM-WMI",
              "Level": "Information",
              "EventTask": "0",
              "GeneralInfo": "[System]Pre-attestation health checks confirm that the device is expected to pass attestation.\r\n Please see C:\\windows\\Logs\\MeasuredBoot\\0000000109-0000000000.json for detailed information on what checks were made.",
              "ParamInfo": "C:\\windows\\Logs\\MeasuredBoot\\0000000109-0000000000.json",
              "ItemId": null,
              "RecordId": null,
              "RuntimeId": "DBD9AA8900DC78BA83B5C2E776EE5DEC",
              "Id": 477
            },
            {
              "TimeStamp": "2025-10-24T07:50:48",
              "EventType": "EventLog",
              "EventId": "16394",
              "EventSource": "Software Protection Platform Service",
              "Level": "Information",
              "EventTask": "0",
              "GeneralInfo": "[Application]Offline downlevel migration succeeded.",
              "ParamInfo": "",
              "ItemId": null,
              "RecordId": null,
              "RuntimeId": "DBD9AA8900DC78BA83B5C2E776EE5DEC",
              "Id": 503
            },
            {
              "TimeStamp": "2025-10-24T07:50:48",
              "EventType": "EventLog",
              "EventId": "1066",
              "EventSource": "Software Protection Platform Service",
              "Level": "Information",
              "EventTask": "0",
              "GeneralInfo": "[Application]Initialization status for service objects.\r\nC:\\windows\\system32\\sppwinob.dll, msft:spp/windowsfunctionality/agent/7.0, 0x00000000, 0x00000000\nC:\\windows\\system32\\sppobjs.dll, msft:rm/algorithm/inherited/1.0, 0x00000000, 0x00000000\nC:\\windows\\system32\\sppobjs.dll, msft:rm/algorithm/phone/1.0, 0x00000000, 0x00000000\nC:\\windows\\system32\\sppobjs.dll, msft:rm/algorithm/pkey/detect, 0x00000000, 0x00000000\nC:\\windows\\system32\\sppobjs.dll, msft:spp/ActionScheduler/1.0, 0x00000000, 0x00000000\nC:\\windows\\system32\\sppobjs.dll, msft:spp/TaskScheduler/1.0, 0x00000000, 0x00000000\nC:\\windows\\system32\\sppobjs.dll, msft:spp/statecollector/pkey, 0x00000000, 0x00000000\nC:\\windows\\system32\\sppobjs.dll, msft:spp/volume/services/kms/1.0, 0x00000000, 0x00000000\nC:\\windows\\system32\\sppobjs.dll, msft:spp/volume/services/kms/activationinfo/1.0, 0x00000000, 0x00000000\n",
              "ParamInfo": "C:\\windows\\system32\\sppwinob.dll, msft:spp/windowsfunctionality/agent/7.0, 0x00000000, 0x00000000\nC:\\windows\\system32\\sppobjs.dll, msft:rm/algorithm/inherited/1.0, 0x00000000, 0x00000000\nC:\\windows\\system32\\sppobjs.dll, msft:rm/algorithm/phone/1.0, 0x00000000, 0x00000000\nC:\\windows\\system32\\sppobjs.dll, msft:rm/algorithm/pkey/detect, 0x00000000, 0x00000000\nC:\\windows\\system32\\sppobjs.dll, msft:spp/ActionScheduler/1.0, 0x00000000, 0x00000000\nC:\\windows\\system32\\sppobjs.dll, msft:spp/TaskScheduler/1.0, 0x00000000, 0x00000000\nC:\\windows\\system32\\sppobjs.dll, msft:spp/statecollector/pkey, 0x00000000, 0x00000000\nC:\\windows\\system32\\sppobjs.dll, msft:spp/volume/services/kms/1.0, 0x00000000, 0x00000000\nC:\\windows\\system32\\sppobjs.dll, msft:spp/volume/services/kms/activationinfo/1.0, 0x00000000, 0x00000000\n",
              "ItemId": null,
              "RecordId": null,
              "RuntimeId": "DBD9AA8900DC78BA83B5C2E776EE5DEC",
              "Id": 504
            },
            {
              "TimeStamp": "2025-10-24T07:50:48",
              "EventType": "EventLog",
              "EventId": "1003",
              "EventSource": "Software Protection Platform Service",
              "Level": "Information",
              "EventTask": "0",
              "GeneralInfo": "[Application]The Software Protection service has completed licensing status check.\r\nApplication Id=55c92734-d682-4d71-983e-d6ec3f16059f\r\nLicensing Status=\n1: 01eb852c-424d-4060-94b8-c10d799d7364, 1, 0 [(0 [0xC004F014, 0, 0], [(?)(?)(?)(?)(?)(?)(?)(?)])(1 )(2 )(3 )]\n2: 040fa323-92b1-4baf-97a2-5b67feaefddb, 1, 0 [(0 [0xC004F014, 0, 0], [(?)(?)(?)(?)(?)(?)(?)(?)])(1 )(2 )(3 )]\n3: 0724cb7d-3437-4cb7-93cb-830375d0079d, 1, 0 [(0 [0xC004F014, 0, 0], [(?)(?)(?)(?)(?)(?)(?)(?)])(1 )(2 )(3 )]\n4: 0ad2ac98-7bb9-4201-8d92-312299201369, 1, 0 [(0 [0xC004F014, 0, 0], [(?)(?)(?)(?)(?)(?)(?)(?)])(1 )(2 )(3 )]\n5: 19de9b2f-0166-4abb-9534-56ea69a80edb, 1, 0 [(0 [0xC004F014, 0, 0], [(?)(?)(?)(?)(?)(?)(?)(?)])(1 )(2 )(3 )]\n6: 1a9a717a-cf13-4ba5-83c3-0fe25fa868d5, 1, 0 [(0 [0xC004F014, 0, 0], [(?)(?)(?)(?)(?)(?)(?)(?)])(1 )(2 )(3 )]\n7: 221a02da-e2a1-4b75-864c-0a4410a33fdf, 1, 0 [(0 [0xC004F014, 0, 0], [(?)(?)(?)(?)(?)(?)(?)(?)])(1 )(2 )(3 )]\n8: 265f3fad-6a1c-4bdd-ae30-c75efa556ccb, 1, 0 [(0 [0xC004F014, 0, 0], [(?)(?)(?)(?)(?)(?)(?)(?)])(1 )(2 )(3 )]\n9: 291ece0e-9c38-40ca-a9e1-32cc7ec19507, 1, 0 [(0 [0xC004F014, 0, 0], [(?)(?)(?)(?)(?)(?)(?)(?)])(1 )(2 )(3 )]\n10: 2936d1d2-913a-4542-b54e-ce5a602a2a38, 1, 0 [(0 [0xC004F014, 0, 0], [(?)(?)(?)(?)(?)(?)(?)(?)])(1 )(2 )(3 )]\n11: 2c293c26-a45a-4a2a-a350-c69a67097529, 1, 0 [(0 [0xC004F014, 0, 0], [(?)(?)(?)(?)(?)(?)(?)(?)])(1 )(2 )(3 )]\n12: 2de67392-b7a7-462a-b1ca-108dd189f588, 1, 0 [(0 [0xC004F014, 0, 0], [(?)(?)(?)(?)(?)(?)(?)(?)])(1 )(2 )(3 )]\n13: 2ffd8952-423e-4903-b993-72a1aa44cf82, 1, 0 [(0 [0xC004F014, 0, 0], [(?)(?)(?)(?)(?)(?)(?)(?)])(1 )(2 )(3 )]\n14: 30a42c86-b7a0-4a34-8c90-ff177cb2acb7, 1, 0 [(0 [0xC004F014, 0, 0], [(?)(?)(?)(?)(?)(?)(?)(?)])(1 )(2 )(3 )]\n15: 345a5db0-d94f-4e3b-a0c0-7c42f7bc3ebf, 1, 0 [(0 [0xC004F014, 0, 0], [(?)(?)(?)(?)(?)(?)(?)(?)])(1 )(2 )(3 )]\n16: 3502365a-f88a-4ba4-822a-5769d3073b65, 1, 0 [(0 [0xC004F014, 0, 0], [(?)(?)(?)(?)(?)(?)(?)(?)])(1 )(2 )(3 )]\n17: 377333b1-8b5d-48d6-9679-1225c872d37c, 1, 0 [(0 [0xC004F014, 0, 0], [(?)(?)(?)(?)(?)(?)(?)(?)])(1 )(2 )(3 )]\n18: 3df374ef-d444-4494-a5a1-4b0d9fd0e203, 1, 0 [(0 [0xC004F014, 0, 0], [(?)(?)(?)(?)(?)(?)(?)(?)])(1 )(2 )(3 )]\n19: 3ebce241-ea87-4946-8a4f-80d00e921dff, 1, 0 [(0 [0xC004F014, 0, 0], [(?)(?)(?)(?)(?)(?)(?)(?)])(1 )(2 )(3 )]\n20: 3f1afc82-f8ac-4f6c-8005-1d233e606eee, 1, 0 [(0 [0xC004F014, 0, 0], [(?)(?)(?)(?)(?)(?)(?)(?)])(1 )(2 )(3 )]\n21: 4322a811-697c-44dc-865e-3e2fdcb86009, 1, 0 [(0 [0xC004F014, 0, 0], [(?)(?)(?)(?)(?)(?)(?)(?)])(1 )(2 )(3 )]\n22: 49cd895b-53b2-4dc4-a5f7-b18aa019ad37, 1, 0 [(0 [0xC004F014, 0, 0], [(?)(?)(?)(?)(?)(?)(?)(?)])(1 )(2 )(3 )]\n23: 4de7cb65-cdf1-4de9-8ae8-e3cce27b9f2c, 1, 0 [(0 [0xC004F014, 0, 0], [(?)(?)(?)(?)(?)(?)(?)(?)])(1 )(2 )(3 )]\n24: 4f3da0d2-271d-4508-ae81-626b60809a38, 1, 0 [(0 [0xC004F014, 0, 0], [(?)(?)(?)(?)(?)(?)(?)(?)])(1 )(2 )(3 )]\n25: 5d78c4e9-aeb3-4b40-8ac2-6a6005e0ad6d, 1, 0 [(0 [0xC004F014, 0, 0], [(?)(?)(?)(?)(?)(?)(?)(?)])(1 )(2 )(3 )]\n26: 60b3ec1b-9545-4921-821f-311b129dd6f6, 1, 0 [(0 [0xC004F014, 0, 0], [(?)(?)(?)(?)(?)(?)(?)(?)])(1 )(2 )(3 )]\n27: 613d217f-7f13-4268-9907-1662339531cd, 1, 0 [(0 [0xC004F014, 0, 0], [(?)(?)(?)(?)(?)(?)(?)(?)])(1 )(2 )(3 )]\n28: 62f0c100-9c53-4e02-b886-a3528ddfe7f6, 1, 0 [(0 [0xC004F014, 0, 0], [(?)(?)(?)(?)(?)(?)(?)(?)])(1 )(2 )(3 )]\n29: 6365275e-368d-46ca-a0ef-fc0404119333, 1, 0 [(0 [0xC004F014, 0, 0], [(?)(?)(?)(?)(?)(?)(?)(?)])(1 )(2 )(3 )]\n30: 721f9237-9341-4453-a661-09e8baa6cca5, 1, 0 [(0 [0xC004F014, 0, 0], [(?)(?)(?)(?)(?)(?)(?)(?)])(1 )(2 )(3 )]\n31: 73111121-5638-40f6-bc11-f1d7b0d64300, 1, 0 [(0 [0xC004F014, 0, 0], [(?)(?)(?)(?)(?)(?)(?)(?)])(1 )(2 )(3 )]\n32: 7a802526-4c94-4bd1-ba14-835a1aca2120, 1, 0 [(0 [0xC004F014, 0, 0], [(?)(?)(?)(?)(?)(?)(?)(?)])(1 )(2 )(3 )]\n33: 7cb546c0-c7d5-44d8-9a5c-69ecdd782b69, 1, 0 [(0 [0xC004F014, 0, 0], [(?)(?)(?)(?)(?)(?)(?)(?)])(1 )(2 )(3 )]\n34: 80083eae-7031-4394-9e88-4901973d56fe, 1, 0 [(0 [0xC004F014, 0, 0], [(?)(?)(?)(?)(?)(?)(?)(?)])(1 )(2 )(3 )]\n35: 82bbc092-bc50-4e16-8e18-b74fc486aec3, 1, 0 [(0 [0xC004F014, 0, 0], [(?)(?)(?)(?)(?)(?)(?)(?)])(1 )(2 )(3 )]\n36: 8ab9bdd1-1f67-4997-82d9-8878520837d9, 1, 0 [(0 [0xC004F014, 0, 0], [(?)(?)(?)(?)(?)(?)(?)(?)])(1 )(2 )(3 )]\n37: 8b351c9c-f398-4515-9900-09df49427262, 1, 0 [(0 [0xC004F014, 0, 0], [(?)(?)(?)(?)(?)(?)(?)(?)])(1 )(2 )(3 )]\n38: 90da7373-1c51-430b-bf26-c97e9c5cdc31, 1, 0 [(0 [0xC004F014, 0, 0], [(?)(?)(?)(?)(?)(?)(?)(?)])(1 )(2 )(3 )]\n39: 92fb8726-92a8-4ffc-94ce-f82e07444653, 1, 0 [(0 [0xC004F014, 0, 0], [(?)(?)(?)(?)(?)(?)(?)(?)])(1 )(2 )(3 )]\n40: 95dca82f-385d-4d39-b85b-5c73fa285d6f, 1, 0 [(0 [0xC004F014, 0, 0], [(?)(?)(?)(?)(?)(?)(?)(?)])(1 )(2 )(3 )]\n41: 97cde3ae-e908-4b59-ac96-a17645c5b57e, 1, 0 [(0 [0xC004F014, 0, 0], [(?)(?)(?)(?)(?)(?)(?)(?)])(1 )(2 )(3 )]\n42: a48938aa-62fa-4966-9d44-9f04da3f72f2, 1, 0 [(0 [0xC004F014, 0, 0], [(?)(?)(?)(?)(?)(?)(?)(?)])(1 )(2 )(3 )]\n43: b0773a15-df3a-4312-9ad2-83d69648e356, 1, 0 [(0 [0xC004F014, 0, 0], [(?)(?)(?)(?)(?)(?)(?)(?)])(1 )(2 )(3 )]\n44: b4bfe195-541e-4e64-ad23-6177f19e395e, 1, 0 [(0 [0xC004F014, 0, 0], [(?)(?)(?)(?)(?)(?)(?)(?)])(1 )(2 )(3 )]\n45: b68e61d2-68ca-4757-be45-0cc2f3e68eee, 1, 0 [(0 [0xC004F014, 0, 0], [(?)(?)(?)(?)(?)(?)(?)(?)])(1 )(2 )(3 )]\n46: bd3762d7-270d-4760-8fb3-d829ca45278a, 1, 0 [(0 [0xC004F014, 0, 0], [(?)(?)(?)(?)(?)(?)(?)(?)])(1 )(2 )(3 )]\n47: c86d5194-4840-4dae-9c1c-0301003a5ab0, 1, 0 [(0 [0xC004F014, 0, 0], [(?)(?)(?)(?)(?)(?)(?)(?)])(1 )(2 )(3 )]\n48: ca7df2e3-5ea0-47b8-9ac1-b1be4d8edd69, 1, 0 [(0 [0xC004F014, 0, 0], [(?)(?)(?)(?)(?)(?)(?)(?)])(1 )(2 )(3 )]\n49: d552befb-48cc-4327-8f39-47d2d94f987c, 1, 0 [(0 [0xC004F014, 0, 0], [(?)(?)(?)(?)(?)(?)(?)(?)])(1 )(2 )(3 )]\n50: d6eadb3b-5ca8-4a6b-986e-35b550756111, 1, 0 [(0 [0xC004F014, 0, 0], [(?)(?)(?)(?)(?)(?)(?)(?)])(1 )(2 )(3 )]\n51: df96023b-dcd9-4be2-afa0-c6c871159ebe, 1, 0 [(0 [0xC004F014, 0, 0], [(?)(?)(?)(?)(?)(?)(?)(?)])(1 )(2 )(3 )]\n52: e0c42288-980c-4788-a014-c080d2e1926e, 1, 0 [(0 [0xC004F014, 0, 0], [(?)(?)(?)(?)(?)(?)(?)(?)])(1 )(2 )(3 )]\n53: e4db50ea-bda1-4566-b047-0ca50abc6f07, 1, 0 [(0 [0xC004F014, 0, 0], [(?)(?)(?)(?)(?)(?)(?)(?)])(1 )(2 )(3 )]\n54: e558417a-5123-4f6f-91e7-385c1c7ca9d4, 1, 0 [(0 [0xC004F014, 0, 0], [(?)(?)(?)(?)(?)(?)(?)(?)])(1 )(2 )(3 )]\n55: e7a950a2-e548-4f10-bf16-02ec848e0643, 1, 0 [(0 [0xC004F014, 0, 0], [(?)(?)(?)(?)(?)(?)(?)(?)])(1 )(2 )(3 )]\n56: eb6d346f-1c60-4643-b960-40ec31596c45, 1, 0 [(0 [0xC004F014, 0, 0], [(?)(?)(?)(?)(?)(?)(?)(?)])(1 )(2 )(3 )]\n57: ec868e65-fadf-4759-b23e-93fe37f2cc29, 1, 0 [(0 [0xC004F014, 0, 0], [(?)(?)(?)(?)(?)(?)(?)(?)])(1 )(2 )(3 )]\n58: ef51e000-2659-4f25-8345-3de70a9cf4c4, 1, 0 [(0 [0xC004F014, 0, 0], [(?)(?)(?)(?)(?)(?)(?)(?)])(1 )(2 )(3 )]\n59: f7af7d09-40e4-419c-a49b-eae366689ebd, 1, 0 [(0 [0xC004F014, 0, 0], [(?)(?)(?)(?)(?)(?)(?)(?)])(1 )(2 )(3 )]\n60: fa755fe6-6739-40b9-8d84-6d0ea3b6d1ab, 1, 0 [(0 [0xC004F014, 0, 0], [(?)(?)(?)(?)(?)(?)(?)(?)])(1 )(2 )(3 )]\n61: fe74f55b-0338-41d6-b267-4a201abe7285, 1, 1 [(0 )(1 )(2 [0xC004E003, 0, 0], [( 1 0xC004F034)( 1 0xC004F034)(?)(?)(?)(?)(?)(?)])(3 [0x00000000, 0, 0], [( 6 0xC004F009 0 0)( 1 0x00000000)( 6 0xC004F009 0 0)(?)(?)(?)( 10 0x00000000 msft:rm/algorithm/flags/1.0)( 11 0x00000000 0xC004F034)])]\n\n",
              "ParamInfo": "55c92734-d682-4d71-983e-d6ec3f16059f;\n1: 01eb852c-424d-4060-94b8-c10d799d7364, 1, 0 [(0 [0xC004F014, 0, 0], [(?)(?)(?)(?)(?)(?)(?)(?)])(1 )(2 )(3 )]\n2: 040fa323-92b1-4baf-97a2-5b67feaefddb, 1, 0 [(0 [0xC004F014, 0, 0], [(?)(?)(?)(?)(?)(?)(?)(?)])(1 )(2 )(3 )]\n3: 0724cb7d-3437-4cb7-93cb-830375d0079d, 1, 0 [(0 [0xC004F014, 0, 0], [(?)(?)(?)(?)(?)(?)(?)(?)])(1 )(2 )(3 )]\n4: 0ad2ac98-7bb9-4201-8d92-312299201369, 1, 0 [(0 [0xC004F014, 0, 0], [(?)(?)(?)(?)(?)(?)(?)(?)])(1 )(2 )(3 )]\n5: 19de9b2f-0166-4abb-9534-56ea69a80edb, 1, 0 [(0 [0xC004F014, 0, 0], [(?)(?)(?)(?)(?)(?)(?)(?)])(1 )(2 )(3 )]\n6: 1a9a717a-cf13-4ba5-83c3-0fe25fa868d5, 1, 0 [(0 [0xC004F014, 0, 0], [(?)(?)(?)(?)(?)(?)(?)(?)])(1 )(2 )(3 )]\n7: 221a02da-e2a1-4b75-864c-0a4410a33fdf, 1, 0 [(0 [0xC004F014, 0, 0], [(?)(?)(?)(?)(?)(?)(?)(?)])(1 )(2 )(3 )]\n8: 265f3fad-6a1c-4bdd-ae30-c75efa556ccb, 1, 0 [(0 [0xC004F014, 0, 0], [(?)(?)(?)(?)(?)(?)(?)(?)])(1 )(2 )(3 )]\n9: 291ece0e-9c38-40ca-a9e1-32cc7ec19507, 1, 0 [(0 [0xC004F014, 0, 0], [(?)(?)(?)(?)(?)(?)(?)(?)])(1 )(2 )(3 )]\n10: 2936d1d2-913a-4542-b54e-ce5a602a2a38, 1, 0 [(0 [0xC004F014, 0, 0], [(?)(?)(?)(?)(?)(?)(?)(?)])(1 )(2 )(3 )]\n11: 2c293c26-a45a-4a2a-a350-c69a67097529, 1, 0 [(0 [0xC004F014, 0, 0], [(?)(?)(?)(?)(?)(?)(?)(?)])(1 )(2 )(3 )]\n12: 2de67392-b7a7-462a-b1ca-108dd189f588, 1, 0 [(0 [0xC004F014, 0, 0], [(?)(?)(?)(?)(?)(?)(?)(?)])(1 )(2 )(3 )]\n13: 2ffd8952-423e-4903-b993-72a1aa44cf82, 1, 0 [(0 [0xC004F014, 0, 0], [(?)(?)(?)(?)(?)(?)(?)(?)])(1 )(2 )(3 )]\n14: 30a42c86-b7a0-4a34-8c90-ff177cb2acb7, 1, 0 [(0 [0xC004F014, 0, 0], [(?)(?)(?)(?)(?)(?)(?)(?)])(1 )(2 )(3 )]\n15: 345a5db0-d94f-4e3b-a0c0-7c42f7bc3ebf, 1, 0 [(0 [0xC004F014, 0, 0], [(?)(?)(?)(?)(?)(?)(?)(?)])(1 )(2 )(3 )]\n16: 3502365a-f88a-4ba4-822a-5769d3073b65, 1, 0 [(0 [0xC004F014, 0, 0], [(?)(?)(?)(?)(?)(?)(?)(?)])(1 )(2 )(3 )]\n17: 377333b1-8b5d-48d6-9679-1225c872d37c, 1, 0 [(0 [0xC004F014, 0, 0], [(?)(?)(?)(?)(?)(?)(?)(?)])(1 )(2 )(3 )]\n18: 3df374ef-d444-4494-a5a1-4b0d9fd0e203, 1, 0 [(0 [0xC004F014, 0, 0], [(?)(?)(?)(?)(?)(?)(?)(?)])(1 )(2 )(3 )]\n19: 3ebce241-ea87-4946-8a4f-80d00e921dff, 1, 0 [(0 [0xC004F014, 0, 0], [(?)(?)(?)(?)(?)(?)(?)(?)])(1 )(2 )(3 )]\n20: 3f1afc82-f8ac-4f6c-8005-1d233e606eee, 1, 0 [(0 [0xC004F014, 0, 0], [(?)(?)(?)(?)(?)(?)(?)(?)])(1 )(2 )(3 )]\n21: 4322a811-697c-44dc-865e-3e2fdcb86009, 1, 0 [(0 [0xC004F014, 0, 0], [(?)(?)(?)(?)(?)(?)(?)(?)])(1 )(2 )(3 )]\n22: 49cd895b-53b2-4dc4-a5f7-b18aa019ad37, 1, 0 [(0 [0xC004F014, 0, 0], [(?)(?)(?)(?)(?)(?)(?)(?)])(1 )(2 )(3 )]\n23: 4de7cb65-cdf1-4de9-8ae8-e3cce27b9f2c, 1, 0 [(0 [0xC004F014, 0, 0], [(?)(?)(?)(?)(?)(?)(?)(?)])(1 )(2 )(3 )]\n24: 4f3da0d2-271d-4508-ae81-626b60809a38, 1, 0 [(0 [0xC004F014, 0, 0], [(?)(?)(?)(?)(?)(?)(?)(?)])(1 )(2 )(3 )]\n25: 5d78c4e9-aeb3-4b40-8ac2-6a6005e0ad6d, 1, 0 [(0 [0xC004F014, 0, 0], [(?)(?)(?)(?)(?)(?)(?)(?)])(1 )(2 )(3 )]\n26: 60b3ec1b-9545-4921-821f-311b129dd6f6, 1, 0 [(0 [0xC004F014, 0, 0], [(?)(?)(?)(?)(?)(?)(?)(?)])(1 )(2 )(3 )]\n27: 613d217f-7f13-4268-9907-1662339531cd, 1, 0 [(0 [0xC004F014, 0, 0], [(?)(?)(?)(?)(?)(?)(?)(?)])(1 )(2 )(3 )]\n28: 62f0c100-9c53-4e02-b886-a3528ddfe7f6, 1, 0 [(0 [0xC004F014, 0, 0], [(?)(?)(?)(?)(?)(?)(?)(?)])(1 )(2 )(3 )]\n29: 6365275e-368d-46ca-a0ef-fc0404119333, 1, 0 [(0 [0xC004F014, 0, 0], [(?)(?)(?)(?)(?)(?)(?)(?)])(1 )(2 )(3 )]\n30: 721f9237-9341-4453-a661-09e8baa6cca5, 1, 0 [(0 [0xC004F014, 0, 0], [(?)(?)(?)(?)(?)(?)(?)(?)])(1 )(2 )(3 )]\n31: 73111121-5638-40f6-bc11-f1d7b0d64300, 1, 0 [(0 [0xC004F014, 0, 0], [(?)(?)(?)(?)(?)(?)(?)(?)])(1 )(2 )(3 )]\n32: 7a802526-4c94-4bd1-ba14-835a1aca2120, 1, 0 [(0 [0xC004F014, 0, 0], [(?)(?)(?)(?)(?)(?)(?)(?)])(1 )(2 )(3 )]\n33: 7cb546c0-c7d5-44d8-9a5c-69ecdd782b69, 1, 0 [(0 [0xC004F014, 0, 0], [(?)(?)(?)(?)(?)(?)(?)(?)])(1 )(2 )(3 )]\n34: 80083eae-7031-4394-9e88-4901973d56fe, 1, 0 [(0 [0xC004F014, 0, 0], [(?)(?)(?)(?)(?)(?)(?)(?)])(1 )(2 )(3 )]\n35: 82bbc092-bc50-4e16-8e18-b74fc486aec3, 1, 0 [(0 [0xC004F014, 0, 0], [(?)(?)(?)(?)(?)(?)(?)(?)])(1 )(2 )(3 )]\n36: 8ab9bdd1-1f67-4997-82d9-8878520837d9, 1, 0 [(0 [0xC004F014, 0, 0], [(?)(?)(?)(?)(?)(?)(?)(?)])(1 )(2 )(3 )]\n37: 8b351c9c-f398-4515-9900-09df49427262, 1, 0 [(0 [0xC004F014, 0, 0], [(?)(?)(?)(?)(?)(?)(?)(?)])(1 )(2 )(3 )]\n38: 90da7373-1c51-430b-bf26-c97e9c5cdc31, 1, 0 [(0 [0xC004F014, 0, 0], [(?)(?)(?)(?)(?)(?)(?)(?)])(1 )(2 )(3 )]\n39: 92fb8726-92a8-4ffc-94ce-f82e07444653, 1, 0 [(0 [0xC004F014, 0, 0], [(?)(?)(?)(?)(?)(?)(?)(?)])(1 )(2 )(3 )]\n40: 95dca82f-385d-4d39-b85b-5c73fa285d6f, 1, 0 [(0 [0xC004F014, 0, 0], [(?)(?)(?)(?)(?)(?)(?)(?)])(1 )(2 )(3 )]\n41: 97cde3ae-e908-4b59-ac96-a17645c5b57e, 1, 0 [(0 [0xC004F014, 0, 0], [(?)(?)(?)(?)(?)(?)(?)(?)])(1 )(2 )(3 )]\n42: a48938aa-62fa-4966-9d44-9f04da3f72f2, 1, 0 [(0 [0xC004F014, 0, 0], [(?)(?)(?)(?)(?)(?)(?)(?)])(1 )(2 )(3 )]\n43: b0773a15-df3a-4312-9ad2-83d69648e356, 1, 0 [(0 [0xC004F014, 0, 0], [(?)(?)(?)(?)(?)(?)(?)(?)])(1 )(2 )(3 )]\n44: b4bfe195-541e-4e64-ad23-6177f19e395e, 1, 0 [(0 [0xC004F014, 0, 0], [(?)(?)(?)(?)(?)(?)(?)(?)])(1 )(2 )(3 )]\n45: b68e61d2-68ca-4757-be45-0cc2f3e68eee, 1, 0 [(0 [0xC004F014, 0, 0], [(?)(?)(?)(?)(?)(?)(?)(?)])(1 )(2 )(3 )]\n46: bd3762d7-270d-4760-8fb3-d829ca45278a, 1, 0 [(0 [0xC004F014, 0, 0], [(?)(?)(?)(?)(?)(?)(?)(?)])(1 )(2 )(3 )]\n47: c86d5194-4840-4dae-9c1c-0301003a5ab0, 1, 0 [(0 [0xC004F014, 0, 0], [(?)(?)(?)(?)(?)(?)(?)(?)])(1 )(2 )(3 )]\n48: ca7df2e3-5ea0-47b8-9ac1-b1be4d8edd69, 1, 0 [(0 [0xC004F014, 0, 0], [(?)(?)(?)(?)(?)(?)(?)(?)])(1 )(2 )(3 )]\n49: d552befb-48cc-4327-8f39-47d2d94f987c, 1, 0 [(0 [0xC004F014, 0, 0], [(?)(?)(?)(?)(?)(?)(?)(?)])(1 )(2 )(3 )]\n50: d6eadb3b-5ca8-4a6b-986e-35b550756111, 1, 0 [(0 [0xC004F014, 0, 0], [(?)(?)(?)(?)(?)(?)(?)(?)])(1 )(2 )(3 )]\n51: df96023b-dcd9-4be2-afa0-c6c871159ebe, 1, 0 [(0 [0xC004F014, 0, 0], [(?)(?)(?)(?)(?)(?)(?)(?)])(1 )(2 )(3 )]\n52: e0c42288-980c-4788-a014-c080d2e1926e, 1, 0 [(0 [0xC004F014, 0, 0], [(?)(?)(?)(?)(?)(?)(?)(?)])(1 )(2 )(3 )]\n53: e4db50ea-bda1-4566-b047-0ca50abc6f07, 1, 0 [(0 [0xC004F014, 0, 0], [(?)(?)(?)(?)(?)(?)(?)(?)])(1 )(2 )(3 )]\n54: e558417a-5123-4f6f-91e7-385c1c7ca9d4, 1, 0 [(0 [0xC004F014, 0, 0], [(?)(?)(?)(?)(?)(?)(?)(?)])(1 )(2 )(3 )]\n55: e7a950a2-e548-4f10-bf16-02ec848e0643, 1, 0 [(0 [0xC004F014, 0, 0], [(?)(?)(?)(?)(?)(?)(?)(?)])(1 )(2 )(3 )]\n56: eb6d346f-1c60-4643-b960-40ec31596c45, 1, 0 [(0 [0xC004F014, 0, 0], [(?)(?)(?)(?)(?)(?)(?)(?)])(1 )(2 )(3 )]\n57: ec868e65-fadf-4759-b23e-93fe37f2cc29, 1, 0 [(0 [0xC004F014, 0, 0], [(?)(?)(?)(?)(?)(?)(?)(?)])(1 )(2 )(3 )]\n58: ef51e000-2659-4f25-8345-3de70a9cf4c4, 1, 0 [(0 [0xC004F014, 0, 0], [(?)(?)(?)(?)(?)(?)(?)(?)])(1 )(2 )(3 )]\n59: f7af7d09-40e4-419c-a49b-eae366689ebd, 1, 0 [(0 [0xC004F014, 0, 0], [(?)(?)(?)(?)(?)(?)(?)(?)])(1 )(2 )(3 )]\n60: fa755fe6-6739-40b9-8d84-6d0ea3b6d1ab, 1, 0 [(0 [0xC004F014, 0, 0], [(?)(?)(?)(?)(?)(?)(?)(?)])(1 )(2 )(3 )]\n61: fe74f55b-0338-41d6-b267-4a201abe7285, 1, 1 [(0 )(1 )(2 [0xC004E003, 0, 0], [( 1 0xC004F034)( 1 0xC004F034)(?)(?)(?)(?)(?)(?)])(3 [0x00000000, 0, 0], [( 6 0xC004F009 0 0)( 1 0x00000000)( 6 0xC004F009 0 0)(?)(?)(?)( 10 0x00000000 msft:rm/algorithm/flags/1.0)( 11 0x00000000 0xC004F034)])]\n\n",
              "ItemId": null,
              "RecordId": null,
              "RuntimeId": "DBD9AA8900DC78BA83B5C2E776EE5DEC",
              "Id": 505
            },
            {
              "TimeStamp": "2025-10-24T07:50:48",
              "EventType": "EventLog",
              "EventId": "902",
              "EventSource": "Software Protection Platform Service",
              "Level": "0",
              "EventTask": "0",
              "GeneralInfo": "[Application]The Software Protection service has started.\r\n10.0.26100.2161",
              "ParamInfo": "10.0.26100.2161",
              "ItemId": null,
              "RecordId": null,
              "RuntimeId": "DBD9AA8900DC78BA83B5C2E776EE5DEC",
              "Id": 506
            },
            {
              "TimeStamp": "2025-10-24T07:50:48",
              "EventType": "EventLog",
              "EventId": "0",
              "EventSource": "igcc",
              "Level": "Information",
              "EventTask": "0",
              "GeneralInfo": "[Application]Service started successfully.",
              "ParamInfo": "Service started successfully.",
              "ItemId": null,
              "RecordId": null,
              "RuntimeId": "DBD9AA8900DC78BA83B5C2E776EE5DEC",
              "Id": 507
            },
