            {
              "TimeStamp": "2025-10-24T07:50:43",
              "EventType": "EventLog",
              "EventId": "112",
              "EventSource": "Microsoft-Windows-HttpService",
              "Level": "Information",
              "EventTask": "3",
              "GeneralInfo": "[System]Attempted to reserve URL http://+:10247/apps/. Status 0. Process Id 4 Executable path , User S-1-5-18",
              "ParamInfo": "http://+:10247/apps/;0;4;;S-1-5-18",
              "ItemId": null,
              "RecordId": null,
              "RuntimeId": "DBD9AA8900DC78BA83B5C2E776EE5DEC",
              "Id": 462
            },
            {
              "TimeStamp": "2025-10-24T07:50:43",
              "EventType": "EventLog",
              "EventId": "4321",
              "EventSource": "NetBT",
              "Level": "Error",
              "EventTask": "0",
              "GeneralInfo": "[System]The name \"LAPTOP-QFNRBVBT:0\" could not be registered on the interface with IP address 150.213.3.24.\r\nThe computer with the IP address 150.213.2.169 did not allow the name to be claimed by\r\nthis computer.",
              "ParamInfo": ";LAPTOP-QFNRBVBT:0;150.213.3.24;150.213.2.169",
              "ItemId": null,
              "RecordId": null,
              "RuntimeId": "DBD9AA8900DC78BA83B5C2E776EE5DEC",
              "Id": 464
            },
            {
              "TimeStamp": "2025-10-24T07:50:43",
              "EventType": "EventLog",
              "EventId": "5615",
              "EventSource": "Microsoft-Windows-WMI",
              "Level": "Information",
              "EventTask": "0",
              "GeneralInfo": "[Application]Windows Management Instrumentation Service started sucessfully",
              "ParamInfo": "",
              "ItemId": null,
              "RecordId": null,
              "RuntimeId": "DBD9AA8900DC78BA83B5C2E776EE5DEC",
              "Id": 493
            },
            {
              "TimeStamp": "2025-10-24T07:50:43",
              "EventType": "EventLog",
              "EventId": "5617",
              "EventSource": "Microsoft-Windows-WMI",
              "Level": "Information",
              "EventTask": "0",
              "GeneralInfo": "[Application]Windows Management Instrumentation Service subsystems initialized successfully",
              "ParamInfo": "",
              "ItemId": null,
              "RecordId": null,
              "RuntimeId": "DBD9AA8900DC78BA83B5C2E776EE5DEC",
              "Id": 494
            },
            {
              "TimeStamp": "2025-10-24T07:50:42",
              "EventType": "EventLog",
              "EventId": "5",
              "EventSource": "Microsoft-Windows-IsolatedUserMode",
              "Level": "Information",
              "EventTask": "0",
              "GeneralInfo": "[System]Secure Trustlet NULL Id 0 and Pid 0 started with status 0.",
              "ParamInfo": "0;0;0;NULL",
              "ItemId": null,
              "RecordId": null,
              "RuntimeId": "DBD9AA8900DC78BA83B5C2E776EE5DEC",
              "Id": 424
            },
            {
              "TimeStamp": "2025-10-24T07:50:42",
              "EventType": "EventLog",
              "EventId": "16962",
              "EventSource": "Microsoft-Windows-Directory-Services-SAM",
              "Level": "Information",
              "EventTask": "0",
              "GeneralInfo": "[System]Remote calls to the SAM database are being restricted using the default security descriptor: O:SYG:SYD:(A;;RC;;;BA).\r\nFor more information please see http://go.microsoft.com/fwlink/?LinkId=787651.",
              "ParamInfo": "O:SYG:SYD:(A;;RC;;;BA)",
              "ItemId": null,
              "RecordId": null,
              "RuntimeId": "DBD9AA8900DC78BA83B5C2E776EE5DEC",
              "Id": 425
            },
            {
              "TimeStamp": "2025-10-24T07:50:42",
              "EventType": "EventLog",
              "EventId": "16977",
              "EventSource": "Microsoft-Windows-Directory-Services-SAM",
              "Level": "Information",
              "EventTask": "0",
              "GeneralInfo": "[System]The domain is configured with the following minimum password length-related settings.\r\n\r\nMinimumPasswordLength: 0\r\n\r\nRelaxMinimumPasswordLengthLimits: 0\r\n\r\nMinimumPasswordLengthAudit: -1\r\n\r\nFor more information see https://go.microsoft.com/fwlink/?LinkId=2097191.\r\n",
              "ParamInfo": "0;0;-1",
              "ItemId": null,
              "RecordId": null,
              "RuntimeId": "DBD9AA8900DC78BA83B5C2E776EE5DEC",
              "Id": 426
            },
            {
              "TimeStamp": "2025-10-24T07:50:42",
              "EventType": "EventLog",
              "EventId": "16983",
              "EventSource": "Microsoft-Windows-Directory-Services-SAM",
              "Level": "Information",
              "EventTask": "0",
              "GeneralInfo": "[System]The security account manager is now logging periodic summary events for remote clients that call legacy password change or set RPC methods.\r\n\r\nFor more information please see https://go.microsoft.com/fwlink/?linkid=2150956.\r\n",
              "ParamInfo": "",
              "ItemId": null,
              "RecordId": null,
              "RuntimeId": "DBD9AA8900DC78BA83B5C2E776EE5DEC",
              "Id": 427
            },
            {
              "TimeStamp": "2025-10-24T07:50:42",
              "EventType": "EventLog",
              "EventId": "5",
              "EventSource": "Microsoft-Windows-IsolatedUserMode",
              "Level": "Information",
              "EventTask": "0",
              "GeneralInfo": "[System]Secure Trustlet NULL Id 0 and Pid 0 started with status 0.",
              "ParamInfo": "0;0;0;NULL",
              "ItemId": null,
              "RecordId": null,
              "RuntimeId": "DBD9AA8900DC78BA83B5C2E776EE5DEC",
              "Id": 428
            },
            {
              "TimeStamp": "2025-10-24T07:50:42",
              "EventType": "EventLog",
              "EventId": "1",
              "EventSource": "Microsoft-Windows-IsolatedUserMode",
              "Level": "Information",
              "EventTask": "0",
              "GeneralInfo": "[System]Secure Trustlet \\??\\C:\\Windows\\System32\\WUDFCompanionHost.exe Id 4096 and Pid 1512 started with status 0.",
              "ParamInfo": "4096;1512;0;\\??\\C:\\Windows\\System32\\WUDFCompanionHost.exe",
              "ItemId": null,
              "RecordId": null,
              "RuntimeId": "DBD9AA8900DC78BA83B5C2E776EE5DEC",
              "Id": 429
            },
            {
              "TimeStamp": "2025-10-24T07:50:42",
              "EventType": "EventLog",
              "EventId": "50036",
              "EventSource": "Microsoft-Windows-Dhcp-Client",
              "Level": "Information",
              "EventTask": "4",
              "GeneralInfo": "[System]DHCPv4 client service is started",
              "ParamInfo": "",
              "ItemId": null,
              "RecordId": null,
              "RuntimeId": "DBD9AA8900DC78BA83B5C2E776EE5DEC",
              "Id": 430
            },
            {
              "TimeStamp": "2025-10-24T07:50:42",
              "EventType": "EventLog",
              "EventId": "50103",
              "EventSource": "Microsoft-Windows-Dhcp-Client",
              "Level": "Information",
              "EventTask": "4",
              "GeneralInfo": "[System]DHCPv4 client registered for shutdown notification",
              "ParamInfo": "",
              "ItemId": null,
              "RecordId": null,
              "RuntimeId": "DBD9AA8900DC78BA83B5C2E776EE5DEC",
              "Id": 431
            },
            {
              "TimeStamp": "2025-10-24T07:50:42",
              "EventType": "EventLog",
              "EventId": "50036",
              "EventSource": "Microsoft-Windows-Dhcp-Client",
              "Level": "Information",
              "EventTask": "4",
              "GeneralInfo": "[System]DHCPv4 client service is started",
              "ParamInfo": "",
              "ItemId": null,
              "RecordId": null,
              "RuntimeId": "DBD9AA8900DC78BA83B5C2E776EE5DEC",
              "Id": 432
            },
            {
              "TimeStamp": "2025-10-24T07:50:42",
              "EventType": "EventLog",
              "EventId": "51046",
              "EventSource": "Microsoft-Windows-DHCPv6-Client",
              "Level": "Information",
              "EventTask": "4",
              "GeneralInfo": "[System]DHCPv6 client service is started",
              "ParamInfo": "",
              "ItemId": null,
              "RecordId": null,
              "RuntimeId": "DBD9AA8900DC78BA83B5C2E776EE5DEC",
              "Id": 433
            },
            {
              "TimeStamp": "2025-10-24T07:50:42",
              "EventType": "EventLog",
              "EventId": "6",
              "EventSource": "Microsoft-Windows-FilterManager",
              "Level": "Information",
              "EventTask": "0",
              "GeneralInfo": "[System]File System Filter 'bfs' (10.0, 2030-07-11T00:25:48.0000000Z) has successfully loaded and registered with Filter Manager.",
              "ParamInfo": "0x0;10;0;3;bfs;2030-07-11T00:25:48.0000000Z",
              "ItemId": null,
              "RecordId": null,
              "RuntimeId": "DBD9AA8900DC78BA83B5C2E776EE5DEC",
              "Id": 434
            },
            {
              "TimeStamp": "2025-10-24T07:50:42",
              "EventType": "EventLog",
              "EventId": "7000",
              "EventSource": "Service Control Manager",
              "Level": "Error",
              "EventTask": "0",
              "GeneralInfo": "[System]The luafv service failed to start due to the following error: \r\n%%1275",
              "ParamInfo": "luafv;%%1275",
              "ItemId": null,
              "RecordId": null,
              "RuntimeId": "DBD9AA8900DC78BA83B5C2E776EE5DEC",
              "Id": 435
            },
            {
              "TimeStamp": "2025-10-24T07:50:42",
              "EventType": "EventLog",
              "EventId": "6",
              "EventSource": "Microsoft-Windows-FilterManager",
              "Level": "Information",
              "EventTask": "0",
              "GeneralInfo": "[System]File System Filter 'wcifs' (10.0, 2085-02-26T14:22:25.0000000Z) has successfully loaded and registered with Filter Manager.",
              "ParamInfo": "0x0;10;0;5;wcifs;2085-02-26T14:22:25.0000000Z",
              "ItemId": null,
              "RecordId": null,
              "RuntimeId": "DBD9AA8900DC78BA83B5C2E776EE5DEC",
              "Id": 436
            },
            {
              "TimeStamp": "2025-10-24T07:50:42",
              "EventType": "EventLog",
              "EventId": "1531",
              "EventSource": "Microsoft-Windows-User Profiles Service",
              "Level": "Information",
              "EventTask": "0",
              "GeneralInfo": "[Application]The User Profile Service has started successfully.  \r\n\r\n",
              "ParamInfo": "",
              "ItemId": null,
              "RecordId": null,
              "RuntimeId": "DBD9AA8900DC78BA83B5C2E776EE5DEC",
              "Id": 489
            },
            {
              "TimeStamp": "2025-10-24T07:50:41",
              "EventType": "EventLog",
              "EventId": "14",
              "EventSource": "Microsoft-Windows-Wininit",
              "Level": "Information",
              "EventTask": "0",
              "GeneralInfo": "[System]Credential Guard configuration:\r\n\r\nRegistry Configuration: 0\r\nTest Configuration: 0\r\nAuto Enablement: 0",
              "ParamInfo": "0;0;0",
              "ItemId": null,
              "RecordId": null,
              "RuntimeId": "DBD9AA8900DC78BA83B5C2E776EE5DEC",
              "Id": 418
            },
            {
              "TimeStamp": "2025-10-24T07:50:41",
              "EventType": "EventLog",
              "EventId": "5",
              "EventSource": "Microsoft-Windows-IsolatedUserMode",
              "Level": "Information",
              "EventTask": "0",
              "GeneralInfo": "[System]Secure Trustlet NULL Id 0 and Pid 0 started with status 0.",
              "ParamInfo": "0;0;0;NULL",
              "ItemId": null,
              "RecordId": null,
              "RuntimeId": "DBD9AA8900DC78BA83B5C2E776EE5DEC",
              "Id": 419
            },
            {
              "TimeStamp": "2025-10-24T07:50:41",
              "EventType": "EventLog",
              "EventId": "1",
              "EventSource": "Microsoft-Windows-IsolatedUserMode",
              "Level": "Information",
              "EventTask": "0",
              "GeneralInfo": "[System]Secure Trustlet \\??\\C:\\windows\\system32\\lsaiso.exe Id 1 and Pid 1136 started with status 0.",
              "ParamInfo": "1;1136;0;\\??\\C:\\windows\\system32\\lsaiso.exe",
              "ItemId": null,
              "RecordId": null,
              "RuntimeId": "DBD9AA8900DC78BA83B5C2E776EE5DEC",
              "Id": 420
            },
            {
              "TimeStamp": "2025-10-24T07:50:41",
              "EventType": "EventLog",
              "EventId": "18",
              "EventSource": "Microsoft-Windows-Wininit",
              "Level": "Information",
              "EventTask": "0",
              "GeneralInfo": "[System]VBS Key Isolation was started and will protect VSM-isolated keys.",
              "ParamInfo": "",
              "ItemId": null,
              "RecordId": null,
              "RuntimeId": "DBD9AA8900DC78BA83B5C2E776EE5DEC",
              "Id": 421
            },
            {
              "TimeStamp": "2025-10-24T07:50:41",
              "EventType": "EventLog",
              "EventId": "12",
              "EventSource": "Microsoft-Windows-Wininit",
              "Level": "Information",
              "EventTask": "0",
              "GeneralInfo": "[System]LSASS.exe was started as a protected process with level: 4.",
              "ParamInfo": "4",
              "ItemId": null,
              "RecordId": null,
              "RuntimeId": "DBD9AA8900DC78BA83B5C2E776EE5DEC",
              "Id": 422
            },
            {
              "TimeStamp": "2025-10-24T07:50:41",
              "EventType": "EventLog",
              "EventId": "6156",
              "EventSource": "LsaSrv",
              "Level": "Information",
              "EventTask": "0",
              "GeneralInfo": "[System]Credential Guard auto enablement status.\r\n\r\nHardware Requirements for Virtualization Based Security:\t1\r\nDomain Joined:\t0\r\nAzure AD Joined:\t0\r\n Licensed for Credential Guard:\t0\r\nDomain Controller:\t0",
              "ParamInfo": "1;0;0;0;0",
              "ItemId": null,
              "RecordId": null,
              "RuntimeId": "DBD9AA8900DC78BA83B5C2E776EE5DEC",
              "Id": 423
            },
            {
              "TimeStamp": "2025-10-24T07:50:40",
              "EventType": "EventLog",
              "EventId": "18",
              "EventSource": "BTHUSB",
              "Level": "Information",
              "EventTask": "0",
              "GeneralInfo": "[System]Windows cannot store Bluetooth authentication codes (link keys) on the local adapter. Bluetooth keyboards might not work in the system BIOS during startup.",
              "ParamInfo": "",
              "ItemId": null,
              "RecordId": null,
              "RuntimeId": "DBD9AA8900DC78BA83B5C2E776EE5DEC",
              "Id": 417
            },
            {
              "TimeStamp": "2025-10-24T07:50:38",
              "EventType": "EventLog",
              "EventId": "100",
              "EventSource": "CirrusLogic-Drv-XuCsMe",
              "Level": "Information",
              "EventTask": "0",
              "GeneralInfo": "[System]Device 4243.0:03 sidecar 3556:0 FW version 3.11.20.",
              "ParamInfo": "4243.0:03 sidecar 3556:0;3;11;20",
              "ItemId": null,
              "RecordId": null,
              "RuntimeId": "DBD9AA8900DC78BA83B5C2E776EE5DEC",
              "Id": 405
            },
            {
              "TimeStamp": "2025-10-24T07:50:38",
              "EventType": "EventLog",
              "EventId": "100",
              "EventSource": "CirrusLogic-Drv-XuCsMe",
              "Level": "Information",
              "EventTask": "0",
              "GeneralInfo": "[System]Device 4243.0:03 sidecar 3556:1 FW version 3.11.20.",
              "ParamInfo": "4243.0:03 sidecar 3556:1;3;11;20",
              "ItemId": null,
              "RecordId": null,
              "RuntimeId": "DBD9AA8900DC78BA83B5C2E776EE5DEC",
              "Id": 406
            },
            {
              "TimeStamp": "2025-10-24T07:50:38",
              "EventType": "EventLog",
              "EventId": "100",
              "EventSource": "CirrusLogic-Drv-XuCsMe",
              "Level": "Information",
              "EventTask": "0",
              "GeneralInfo": "[System]Device 4243.0:01 sidecar 3556:0 FW version 3.11.20.",
              "ParamInfo": "4243.0:01 sidecar 3556:0;3;11;20",
              "ItemId": null,
              "RecordId": null,
              "RuntimeId": "DBD9AA8900DC78BA83B5C2E776EE5DEC",
              "Id": 407
            },
            {
              "TimeStamp": "2025-10-24T07:50:38",
              "EventType": "EventLog",
              "EventId": "100",
              "EventSource": "CirrusLogic-Drv-XuCsMe",
              "Level": "Information",
              "EventTask": "0",
              "GeneralInfo": "[System]Device 4243.0:01 sidecar 3556:1 FW version 3.11.20.",
              "ParamInfo": "4243.0:01 sidecar 3556:1;3;11;20",
              "ItemId": null,
              "RecordId": null,
              "RuntimeId": "DBD9AA8900DC78BA83B5C2E776EE5DEC",
              "Id": 408
            },
            {
              "TimeStamp": "2025-10-24T07:50:38",
              "EventType": "EventLog",
              "EventId": "100",
              "EventSource": "CirrusLogic-Drv-XuCsMe",
              "Level": "Information",
              "EventTask": "0",
              "GeneralInfo": "[System]Device 4243.0:03 FW version 2.6.4.",
              "ParamInfo": "4243.0:03;2;6;4",
              "ItemId": null,
              "RecordId": null,
              "RuntimeId": "DBD9AA8900DC78BA83B5C2E776EE5DEC",
              "Id": 409
            },
            {
              "TimeStamp": "2025-10-24T07:50:38",
              "EventType": "EventLog",
              "EventId": "107",
              "EventSource": "CirrusLogic-Drv-XuCsMe",
              "Level": "Information",
              "EventTask": "0",
              "GeneralInfo": "[System]Device 4243.0:03 ready latency is 900657 micro-seconds.",
              "ParamInfo": "4243.0:03;900657",
              "ItemId": null,
              "RecordId": null,
              "RuntimeId": "DBD9AA8900DC78BA83B5C2E776EE5DEC",
              "Id": 410
            },
            {
              "TimeStamp": "2025-10-24T07:50:38",
              "EventType": "EventLog",
              "EventId": "100",
              "EventSource": "CirrusLogic-Drv-XuCsMe",
              "Level": "Information",
              "EventTask": "0",
              "GeneralInfo": "[System]Device 4243.0:01 FW version 2.6.4.",
              "ParamInfo": "4243.0:01;2;6;4",
              "ItemId": null,
              "RecordId": null,
              "RuntimeId": "DBD9AA8900DC78BA83B5C2E776EE5DEC",
              "Id": 411
            },
            {
              "TimeStamp": "2025-10-24T07:50:38",
              "EventType": "EventLog",
              "EventId": "107",
              "EventSource": "CirrusLogic-Drv-XuCsMe",
              "Level": "Information",
              "EventTask": "0",
              "GeneralInfo": "[System]Device 4243.0:01 ready latency is 901881 micro-seconds.",
              "ParamInfo": "4243.0:01;901881",
              "ItemId": null,
              "RecordId": null,
              "RuntimeId": "DBD9AA8900DC78BA83B5C2E776EE5DEC",
              "Id": 412
            },
            {
              "TimeStamp": "2025-10-24T07:50:38",
              "EventType": "EventLog",
              "EventId": "10118",
              "EventSource": "Microsoft-Windows-DriverFrameworks-UserMode",
              "Level": "Information",
              "EventTask": "101",
              "GeneralInfo": "[System]UMDF reflector is unable to connect to service control manager (SCM). This is expected during boot, when SCM has not started yet. Will retry when it starts.",
              "ParamInfo": "",
              "ItemId": null,
              "RecordId": null,
              "RuntimeId": "DBD9AA8900DC78BA83B5C2E776EE5DEC",
              "Id": 413
            },
            {
              "TimeStamp": "2025-10-24T07:50:38",
              "EventType": "EventLog",
              "EventId": "219",
              "EventSource": "Microsoft-Windows-Kernel-PnP",
              "Level": "Warning",
              "EventTask": "212",
              "GeneralInfo": "[System]The driver \\Driver\\WUDFRd failed to load.\r\nDevice: HID\\HID_DEVICE_SYSTEM_VHF&Col02\\9&28db41b7&0&0001\r\nStatus: 3221226341",
              "ParamInfo": "49;HID\\HID_DEVICE_SYSTEM_VHF&Col02\\9&28db41b7&0&0001;3221226341;14;\\Driver\\WUDFRd;0",
              "ItemId": null,
              "RecordId": null,
              "RuntimeId": "DBD9AA8900DC78BA83B5C2E776EE5DEC",
              "Id": 414
            },
            {
              "TimeStamp": "2025-10-24T07:50:38",
              "EventType": "EventLog",
              "EventId": "10118",
              "EventSource": "Microsoft-Windows-DriverFrameworks-UserMode",
              "Level": "Information",
              "EventTask": "101",
              "GeneralInfo": "[System]UMDF reflector is unable to connect to service control manager (SCM). This is expected during boot, when SCM has not started yet. Will retry when it starts.",
              "ParamInfo": "",
              "ItemId": null,
              "RecordId": null,
              "RuntimeId": "DBD9AA8900DC78BA83B5C2E776EE5DEC",
              "Id": 415
            },
            {
              "TimeStamp": "2025-10-24T07:50:38",
              "EventType": "EventLog",
              "EventId": "219",
              "EventSource": "Microsoft-Windows-Kernel-PnP",
              "Level": "Warning",
              "EventTask": "212",
              "GeneralInfo": "[System]The driver \\Driver\\WUDFRd failed to load.\r\nDevice: USB\\VID_27C6&PID_659C\\UID49616CED_XXXX_MOC_B0\r\nStatus: 3221226341",
              "ParamInfo": "45;USB\\VID_27C6&PID_659C\\UID49616CED_XXXX_MOC_B0;3221226341;14;\\Driver\\WUDFRd;0",
              "ItemId": null,
              "RecordId": null,
              "RuntimeId": "DBD9AA8900DC78BA83B5C2E776EE5DEC",
              "Id": 416
            },
            {
              "TimeStamp": "2025-10-24T07:50:37",
              "EventType": "EventLog",
              "EventId": "28",
              "EventSource": "Intel-SST-OED",
              "Level": "Information",
              "EventTask": "6",
              "GeneralInfo": "[System]The description for Event ID '28' in Source 'Intel-SST-OED' cannot be found.  The local computer may not have the necessary registry information or message DLL files to display the message, or you may not have permission to access them.  The following information is part of the event:'Loaded DSP FW library', 'Libs\\dsp_lib_psns_release.bin', '0'",
              "ParamInfo": "Loaded DSP FW library;Libs\\dsp_lib_psns_release.bin;0",
              "ItemId": null,
              "RecordId": null,
              "RuntimeId": "DBD9AA8900DC78BA83B5C2E776EE5DEC",
              "Id": 392
            },
            {
              "TimeStamp": "2025-10-24T07:50:37",
              "EventType": "EventLog",
              "EventId": "28",
              "EventSource": "Intel-SST-OED",
              "Level": "Information",
              "EventTask": "6",
              "GeneralInfo": "[System]The description for Event ID '28' in Source 'Intel-SST-OED' cannot be found.  The local computer may not have the necessary registry information or message DLL files to display the message, or you may not have permission to access them.  The following information is part of the event:'Loaded DSP FW library', 'Libs\\dsp_lib_whm_release.bin', '0'",
              "ParamInfo": "Loaded DSP FW library;Libs\\dsp_lib_whm_release.bin;0",
              "ItemId": null,
              "RecordId": null,
              "RuntimeId": "DBD9AA8900DC78BA83B5C2E776EE5DEC",
              "Id": 393
            },
            {
              "TimeStamp": "2025-10-24T07:50:37",
              "EventType": "EventLog",
              "EventId": "28",
              "EventSource": "Intel-SST-OED",
              "Level": "Information",
              "EventTask": "6",
              "GeneralInfo": "[System]The description for Event ID '28' in Source 'Intel-SST-OED' cannot be found.  The local computer may not have the necessary registry information or message DLL files to display the message, or you may not have permission to access them.  The following information is part of the event:'Loaded DSP FW library', '\\??\\C:\\windows\\System32\\DriverStore\\FileRepository\\intcoed_oemlibpath_dolbyelliptic.inf_amd64_0612a796f8a2e6dd\\fw\\IntelDsp\\DolbyElliptic\\lnl_full_v119\\cl_dolby_full_lib_lnl_v119.bin', '0'",
              "ParamInfo": "Loaded DSP FW library;\\??\\C:\\windows\\System32\\DriverStore\\FileRepository\\intcoed_oemlibpath_dolbyelliptic.inf_amd64_0612a796f8a2e6dd\\fw\\IntelDsp\\DolbyElliptic\\lnl_full_v119\\cl_dolby_full_lib_lnl_v119.bin;0",
              "ItemId": null,
              "RecordId": null,
              "RuntimeId": "DBD9AA8900DC78BA83B5C2E776EE5DEC",
              "Id": 394
            },
            {
              "TimeStamp": "2025-10-24T07:50:37",
              "EventType": "EventLog",
              "EventId": "28",
              "EventSource": "Intel-SST-OED",
              "Level": "Information",
              "EventTask": "6",
              "GeneralInfo": "[System]The description for Event ID '28' in Source 'Intel-SST-OED' cannot be found.  The local computer may not have the necessary registry information or message DLL files to display the message, or you may not have permission to access them.  The following information is part of the event:'Loaded DSP FW library', '\\??\\C:\\windows\\System32\\DriverStore\\FileRepository\\intcoed_oemlibpath_dolbyelliptic.inf_amd64_0612a796f8a2e6dd\\fw\\IntelDsp\\DolbyElliptic\\lnl_full_v119\\cl_elliptic_full_lib_lnl_v119.bin', '0'",
              "ParamInfo": "Loaded DSP FW library;\\??\\C:\\windows\\System32\\DriverStore\\FileRepository\\intcoed_oemlibpath_dolbyelliptic.inf_amd64_0612a796f8a2e6dd\\fw\\IntelDsp\\DolbyElliptic\\lnl_full_v119\\cl_elliptic_full_lib_lnl_v119.bin;0",
              "ItemId": null,
              "RecordId": null,
              "RuntimeId": "DBD9AA8900DC78BA83B5C2E776EE5DEC",
              "Id": 395
            },
            {
              "TimeStamp": "2025-10-24T07:50:37",
              "EventType": "EventLog",
              "EventId": "10118",
              "EventSource": "Microsoft-Windows-DriverFrameworks-UserMode",
              "Level": "Information",
              "EventTask": "101",
              "GeneralInfo": "[System]UMDF reflector is unable to connect to service control manager (SCM). This is expected during boot, when SCM has not started yet. Will retry when it starts.",
              "ParamInfo": "",
              "ItemId": null,
              "RecordId": null,
              "RuntimeId": "DBD9AA8900DC78BA83B5C2E776EE5DEC",
              "Id": 396
            },
            {
              "TimeStamp": "2025-10-24T07:50:37",
              "EventType": "EventLog",
              "EventId": "219",
              "EventSource": "Microsoft-Windows-Kernel-PnP",
              "Level": "Warning",
              "EventTask": "212",
              "GeneralInfo": "[System]The driver \\Driver\\WUDFRd failed to load.\r\nDevice: INTELAUDIO\\DIF_0000&UIF_0000&CTLR_DEV_A828&VEN_8086&DetectionVerification\\5&2647c3ac&0&DIF_0000&UIF_0000\r\nStatus: 3221226341",
              "ParamInfo": "104;INTELAUDIO\\DIF_0000&UIF_0000&CTLR_DEV_A828&VEN_8086&DetectionVerification\\5&2647c3ac&0&DIF_0000&UIF_0000;3221226341;14;\\Driver\\WUDFRd;0",
              "ItemId": null,
              "RecordId": null,
              "RuntimeId": "DBD9AA8900DC78BA83B5C2E776EE5DEC",
              "Id": 397
            },
            {
              "TimeStamp": "2025-10-24T07:50:37",
              "EventType": "EventLog",
              "EventId": "10118",
              "EventSource": "Microsoft-Windows-DriverFrameworks-UserMode",
              "Level": "Information",
              "EventTask": "101",
              "GeneralInfo": "[System]UMDF reflector is unable to connect to service control manager (SCM). This is expected during boot, when SCM has not started yet. Will retry when it starts.",
              "ParamInfo": "",
              "ItemId": null,
              "RecordId": null,
              "RuntimeId": "DBD9AA8900DC78BA83B5C2E776EE5DEC",
              "Id": 398
            },
            {
              "TimeStamp": "2025-10-24T07:50:37",
              "EventType": "EventLog",
              "EventId": "219",
              "EventSource": "Microsoft-Windows-Kernel-PnP",
              "Level": "Warning",
              "EventTask": "212",
              "GeneralInfo": "[System]The driver \\Driver\\WUDFRd failed to load.\r\nDevice: HID\\Vid_8087&Pid_0AC2\\7&20a85cc&0&0000\r\nStatus: 3221226341",
              "ParamInfo": "38;HID\\Vid_8087&Pid_0AC2\\7&20a85cc&0&0000;3221226341;14;\\Driver\\WUDFRd;0",
              "ItemId": null,
              "RecordId": null,
              "RuntimeId": "DBD9AA8900DC78BA83B5C2E776EE5DEC",
              "Id": 399
            },
            {
              "TimeStamp": "2025-10-24T07:50:37",
              "EventType": "EventLog",
              "EventId": "10118",
              "EventSource": "Microsoft-Windows-DriverFrameworks-UserMode",
              "Level": "Information",
              "EventTask": "101",
              "GeneralInfo": "[System]UMDF reflector is unable to connect to service control manager (SCM). This is expected during boot, when SCM has not started yet. Will retry when it starts.",
              "ParamInfo": "",
              "ItemId": null,
              "RecordId": null,
              "RuntimeId": "DBD9AA8900DC78BA83B5C2E776EE5DEC",
              "Id": 400
            },
            {
              "TimeStamp": "2025-10-24T07:50:37",
              "EventType": "EventLog",
              "EventId": "219",
              "EventSource": "Microsoft-Windows-Kernel-PnP",
              "Level": "Warning",
              "EventTask": "212",
              "GeneralInfo": "[System]The driver \\Driver\\WUDFRd failed to load.\r\nDevice: HID\\Vid_8087&Pid_0AC2\\7&14c43671&0&0000\r\nStatus: 3221226341",
              "ParamInfo": "39;HID\\Vid_8087&Pid_0AC2\\7&14c43671&0&0000;3221226341;14;\\Driver\\WUDFRd;0",
              "ItemId": null,
              "RecordId": null,
              "RuntimeId": "DBD9AA8900DC78BA83B5C2E776EE5DEC",
              "Id": 401
            },
            {
              "TimeStamp": "2025-10-24T07:50:37",
              "EventType": "EventLog",
              "EventId": "1",
              "EventSource": "CirrusLogic-Drv-XuCsMe",
              "Level": "Information",
              "EventTask": "0",
              "GeneralInfo": "[System]Driver 1.0.309.50033 loaded.",
              "ParamInfo": "1.0.309.50033",
              "ItemId": null,
              "RecordId": null,
              "RuntimeId": "DBD9AA8900DC78BA83B5C2E776EE5DEC",
              "Id": 402
            },
            {
              "TimeStamp": "2025-10-24T07:50:37",
              "EventType": "EventLog",
              "EventId": "102",
              "EventSource": "CirrusLogic-Drv-XuCsMe",
              "Level": "Information",
              "EventTask": "0",
              "GeneralInfo": "[System]Device 4243.0:01 added.",
              "ParamInfo": "4243.0:01",
              "ItemId": null,
              "RecordId": null,
              "RuntimeId": "DBD9AA8900DC78BA83B5C2E776EE5DEC",
              "Id": 403
            },
            {
              "TimeStamp": "2025-10-24T07:50:37",
              "EventType": "EventLog",
              "EventId": "102",
              "EventSource": "CirrusLogic-Drv-XuCsMe",
              "Level": "Information",
              "EventTask": "0",
              "GeneralInfo": "[System]Device 4243.0:03 added.",
              "ParamInfo": "4243.0:03",
              "ItemId": null,
              "RecordId": null,
              "RuntimeId": "DBD9AA8900DC78BA83B5C2E776EE5DEC",
              "Id": 404
            },
            {
              "TimeStamp": "2025-10-24T07:50:36",
              "EventType": "EventLog",
              "EventId": "7017",
              "EventSource": "Netwaw16",
              "Level": "Information",
              "EventTask": "0",
              "GeneralInfo": "[System]The description for Event ID '1073748841' in Source 'Netwaw16' cannot be found.  The local computer may not have the necessary registry information or message DLL files to display the message, or you may not have permission to access them.  The following information is part of the event:''",
              "ParamInfo": "",
              "ItemId": null,
              "RecordId": null,
              "RuntimeId": "DBD9AA8900DC78BA83B5C2E776EE5DEC",
              "Id": 388
            },
            {
              "TimeStamp": "2025-10-24T07:50:36",
              "EventType": "EventLog",
              "EventId": "28",
              "EventSource": "Intel-SST-OED",
              "Level": "Information",
              "EventTask": "6",
              "GeneralInfo": "[System]The description for Event ID '28' in Source 'Intel-SST-OED' cannot be found.  The local computer may not have the necessary registry information or message DLL files to display the message, or you may not have permission to access them.  The following information is part of the event:'Loaded DSP FW library', 'Libs\\dsp_lib_intel_aca_release.bin', '0'",
              "ParamInfo": "Loaded DSP FW library;Libs\\dsp_lib_intel_aca_release.bin;0",
              "ItemId": null,
              "RecordId": null,
              "RuntimeId": "DBD9AA8900DC78BA83B5C2E776EE5DEC",
              "Id": 389
            },
            {
              "TimeStamp": "2025-10-24T07:50:36",
              "EventType": "EventLog",
              "EventId": "28",
              "EventSource": "Intel-SST-OED",
              "Level": "Information",
              "EventTask": "6",
              "GeneralInfo": "[System]The description for Event ID '28' in Source 'Intel-SST-OED' cannot be found.  The local computer may not have the necessary registry information or message DLL files to display the message, or you may not have permission to access them.  The following information is part of the event:'Loaded DSP FW library', 'Libs\\dsp_lib_intel_wov_release.bin', '0'",
              "ParamInfo": "Loaded DSP FW library;Libs\\dsp_lib_intel_wov_release.bin;0",
              "ItemId": null,
              "RecordId": null,
              "RuntimeId": "DBD9AA8900DC78BA83B5C2E776EE5DEC",
              "Id": 390
            },
            {
              "TimeStamp": "2025-10-24T07:50:36",
              "EventType": "EventLog",
              "EventId": "28",
              "EventSource": "Intel-SST-OED",
              "Level": "Information",
              "EventTask": "6",
              "GeneralInfo": "[System]The description for Event ID '28' in Source 'Intel-SST-OED' cannot be found.  The local computer may not have the necessary registry information or message DLL files to display the message, or you may not have permission to access them.  The following information is part of the event:'Loaded DSP FW library', 'Libs\\dsp_lib_nld_release.bin', '0'",
              "ParamInfo": "Loaded DSP FW library;Libs\\dsp_lib_nld_release.bin;0",
              "ItemId": null,
              "RecordId": null,
              "RuntimeId": "DBD9AA8900DC78BA83B5C2E776EE5DEC",
              "Id": 391
            },
            {
              "TimeStamp": "2025-10-24T07:50:35",
              "EventType": "EventLog",
              "EventId": "7029",
              "EventSource": "Netwaw16",
              "Level": "Information",
              "EventTask": "0",
              "GeneralInfo": "[System]The description for Event ID '1073748853' in Source 'Netwaw16' cannot be found.  The local computer may not have the necessary registry information or message DLL files to display the message, or you may not have permission to access them.  The following information is part of the event:''",
              "ParamInfo": "",
              "ItemId": null,
              "RecordId": null,
              "RuntimeId": "DBD9AA8900DC78BA83B5C2E776EE5DEC",
              "Id": 383
            },
            {
              "TimeStamp": "2025-10-24T07:50:35",
              "EventType": "EventLog",
              "EventId": "7027",
              "EventSource": "Netwaw16",
              "Level": "Information",
              "EventTask": "0",
              "GeneralInfo": "[System]The description for Event ID '1073748851' in Source 'Netwaw16' cannot be found.  The local computer may not have the necessary registry information or message DLL files to display the message, or you may not have permission to access them.  The following information is part of the event:''",
              "ParamInfo": "",
              "ItemId": null,
              "RecordId": null,
              "RuntimeId": "DBD9AA8900DC78BA83B5C2E776EE5DEC",
              "Id": 384
            },
            {
              "TimeStamp": "2025-10-24T07:50:35",
              "EventType": "EventLog",
              "EventId": "7006",
              "EventSource": "Netwaw16",
              "Level": "Information",
              "EventTask": "0",
              "GeneralInfo": "[System]The description for Event ID '1073748830' in Source 'Netwaw16' cannot be found.  The local computer may not have the necessary registry information or message DLL files to display the message, or you may not have permission to access them.  The following information is part of the event:''",
              "ParamInfo": "",
              "ItemId": null,
              "RecordId": null,
              "RuntimeId": "DBD9AA8900DC78BA83B5C2E776EE5DEC",
              "Id": 385
            },
            {
              "TimeStamp": "2025-10-24T07:50:35",
              "EventType": "EventLog",
              "EventId": "7005",
              "EventSource": "Netwaw16",
              "Level": "Information",
              "EventTask": "0",
              "GeneralInfo": "[System]The description for Event ID '1073748829' in Source 'Netwaw16' cannot be found.  The local computer may not have the necessary registry information or message DLL files to display the message, or you may not have permission to access them.  The following information is part of the event:''",
              "ParamInfo": "",
              "ItemId": null,
              "RecordId": null,
              "RuntimeId": "DBD9AA8900DC78BA83B5C2E776EE5DEC",
              "Id": 386
            },
            {
              "TimeStamp": "2025-10-24T07:50:35",
              "EventType": "EventLog",
              "EventId": "7010",
              "EventSource": "Netwaw16",
              "Level": "Information",
              "EventTask": "0",
              "GeneralInfo": "[System]The description for Event ID '1073748834' in Source 'Netwaw16' cannot be found.  The local computer may not have the necessary registry information or message DLL files to display the message, or you may not have permission to access them.  The following information is part of the event:''",
              "ParamInfo": "",
              "ItemId": null,
              "RecordId": null,
              "RuntimeId": "DBD9AA8900DC78BA83B5C2E776EE5DEC",
              "Id": 387
            },
            {
              "TimeStamp": "2025-10-24T07:50:34",
              "EventType": "EventLog",
              "EventId": "521",
              "EventSource": "Microsoft-Windows-Kernel-Power",
              "Level": "Information",
              "EventTask": "220",
              "GeneralInfo": "[System]The description for Event ID '521' in Source 'Microsoft-Windows-Kernel-Power' cannot be found.  The local computer may not have the necessary registry information or message DLL files to display the message, or you may not have permission to access them.  The following information is part of the event:'0', '0', '0'",
              "ParamInfo": "0;0;0",
              "ItemId": null,
              "RecordId": null,
              "RuntimeId": "DBD9AA8900DC78BA83B5C2E776EE5DEC",
              "Id": 376
            },
            {
              "TimeStamp": "2025-10-24T07:50:34",
              "EventType": "EventLog",
              "EventId": "521",
              "EventSource": "Microsoft-Windows-Kernel-Power",
              "Level": "Information",
              "EventTask": "220",
              "GeneralInfo": "[System]The description for Event ID '521' in Source 'Microsoft-Windows-Kernel-Power' cannot be found.  The local computer may not have the necessary registry information or message DLL files to display the message, or you may not have permission to access them.  The following information is part of the event:'1', '0', '0'",
              "ParamInfo": "1;0;0",
              "ItemId": null,
              "RecordId": null,
              "RuntimeId": "DBD9AA8900DC78BA83B5C2E776EE5DEC",
              "Id": 377
            },
            {
              "TimeStamp": "2025-10-24T07:50:34",
              "EventType": "EventLog",
              "EventId": "10118",
              "EventSource": "Microsoft-Windows-DriverFrameworks-UserMode",
              "Level": "Information",
              "EventTask": "101",
              "GeneralInfo": "[System]UMDF reflector is unable to connect to service control manager (SCM). This is expected during boot, when SCM has not started yet. Will retry when it starts.",
              "ParamInfo": "",
              "ItemId": null,
              "RecordId": null,
              "RuntimeId": "DBD9AA8900DC78BA83B5C2E776EE5DEC",
              "Id": 378
            },
            {
              "TimeStamp": "2025-10-24T07:50:34",
              "EventType": "EventLog",
              "EventId": "219",
              "EventSource": "Microsoft-Windows-Kernel-PnP",
              "Level": "Warning",
              "EventTask": "212",
              "GeneralInfo": "[System]The driver \\Driver\\WUDFRd failed to load.\r\nDevice: ELABSESSP\\VEN_ELAS&DEV_E551&SUBSYS_17AA233B\\3&32165d04&0&\r\nStatus: 3221226341",
              "ParamInfo": "57;ELABSESSP\\VEN_ELAS&DEV_E551&SUBSYS_17AA233B\\3&32165d04&0&;3221226341;14;\\Driver\\WUDFRd;0",
              "ItemId": null,
              "RecordId": null,
              "RuntimeId": "DBD9AA8900DC78BA83B5C2E776EE5DEC",
              "Id": 379
            },
            {
              "TimeStamp": "2025-10-24T07:50:34",
              "EventType": "EventLog",
              "EventId": "10118",
              "EventSource": "Microsoft-Windows-DriverFrameworks-UserMode",
              "Level": "Information",
              "EventTask": "101",
              "GeneralInfo": "[System]UMDF reflector is unable to connect to service control manager (SCM). This is expected during boot, when SCM has not started yet. Will retry when it starts.",
              "ParamInfo": "",
              "ItemId": null,
              "RecordId": null,
              "RuntimeId": "DBD9AA8900DC78BA83B5C2E776EE5DEC",
              "Id": 380
            },
            {
              "TimeStamp": "2025-10-24T07:50:34",
              "EventType": "EventLog",
              "EventId": "219",
              "EventSource": "Microsoft-Windows-Kernel-PnP",
              "Level": "Warning",
              "EventTask": "212",
              "GeneralInfo": "[System]The driver \\Driver\\WUDFRd failed to load.\r\nDevice: ELABSESSP\\VEN_ELAS&DEV_E552&SUBSYS_17AA233B\\3&32165d04&0&\r\nStatus: 3221226341",
              "ParamInfo": "57;ELABSESSP\\VEN_ELAS&DEV_E552&SUBSYS_17AA233B\\3&32165d04&0&;3221226341;14;\\Driver\\WUDFRd;0",
              "ItemId": null,
              "RecordId": null,
              "RuntimeId": "DBD9AA8900DC78BA83B5C2E776EE5DEC",
              "Id": 381
            },
            {
              "TimeStamp": "2025-10-24T07:50:34",
              "EventType": "EventLog",
              "EventId": "2",
              "EventSource": "WiManHio",
              "Level": "Information",
              "EventTask": "0",
              "GeneralInfo": "[System]Intel(R) Wireless Manageability Driver is idle (AMT on this machine is not supported).",
              "ParamInfo": "",
              "ItemId": null,
              "RecordId": null,
              "RuntimeId": "DBD9AA8900DC78BA83B5C2E776EE5DEC",
              "Id": 382
            },
            {
              "TimeStamp": "2025-10-24T07:50:32",
              "EventType": "EventLog",
              "EventId": "24",
              "EventSource": "Microsoft-Windows-Kernel-General",
              "Level": "Information",
              "EventTask": "11",
              "GeneralInfo": "[System]The description for Event ID '24' in Source 'Microsoft-Windows-Kernel-General' cannot be found.  The local computer may not have the necessary registry information or message DLL files to display the message, or you may not have permission to access them.  The following information is part of the event:'0', '-480', '0', '0', '0'",
              "ParamInfo": "0;-480;0;0;0",
              "ItemId": null,
              "RecordId": null,
              "RuntimeId": "DBD9AA8900DC78BA83B5C2E776EE5DEC",
              "Id": 362
            },
            {
              "TimeStamp": "2025-10-24T07:50:32",
              "EventType": "EventLog",
              "EventId": "10118",
              "EventSource": "Microsoft-Windows-DriverFrameworks-UserMode",
              "Level": "Information",
              "EventTask": "101",
              "GeneralInfo": "[System]UMDF reflector is unable to connect to service control manager (SCM). This is expected during boot, when SCM has not started yet. Will retry when it starts.",
              "ParamInfo": "",
              "ItemId": null,
              "RecordId": null,
              "RuntimeId": "DBD9AA8900DC78BA83B5C2E776EE5DEC",
              "Id": 363
            },
            {
              "TimeStamp": "2025-10-24T07:50:32",
              "EventType": "EventLog",
              "EventId": "219",
              "EventSource": "Microsoft-Windows-Kernel-PnP",
              "Level": "Warning",
              "EventTask": "212",
              "GeneralInfo": "[System]The driver \\Driver\\WUDFRd failed to load.\r\nDevice: ACPI\\LEN0113\\5&2890d699&1\r\nStatus: 3221226341",
              "ParamInfo": "25;ACPI\\LEN0113\\5&2890d699&1;3221226341;14;\\Driver\\WUDFRd;0",
              "ItemId": null,
              "RecordId": null,
              "RuntimeId": "DBD9AA8900DC78BA83B5C2E776EE5DEC",
              "Id": 364
            },
            {
              "TimeStamp": "2025-10-24T07:50:32",
              "EventType": "EventLog",
              "EventId": "10118",
              "EventSource": "Microsoft-Windows-DriverFrameworks-UserMode",
              "Level": "Information",
              "EventTask": "101",
              "GeneralInfo": "[System]UMDF reflector is unable to connect to service control manager (SCM). This is expected during boot, when SCM has not started yet. Will retry when it starts.",
              "ParamInfo": "",
              "ItemId": null,
              "RecordId": null,
              "RuntimeId": "DBD9AA8900DC78BA83B5C2E776EE5DEC",
              "Id": 365
            },
            {
              "TimeStamp": "2025-10-24T07:50:32",
              "EventType": "EventLog",
              "EventId": "219",
              "EventSource": "Microsoft-Windows-Kernel-PnP",
              "Level": "Warning",
              "EventTask": "212",
              "GeneralInfo": "[System]The driver \\Driver\\WUDFRd failed to load.\r\nDevice: ACPI\\VEN_ELAS&DEV_EB08&SUBSYS_17AA233B&REV_0001\\2&daba3ff&1\r\nStatus: 3221226341",
              "ParamInfo": "59;ACPI\\VEN_ELAS&DEV_EB08&SUBSYS_17AA233B&REV_0001\\2&daba3ff&1;3221226341;14;\\Driver\\WUDFRd;0",
              "ItemId": null,
              "RecordId": null,
              "RuntimeId": "DBD9AA8900DC78BA83B5C2E776EE5DEC",
              "Id": 366
            },
            {
              "TimeStamp": "2025-10-24T07:50:32",
              "EventType": "EventLog",
              "EventId": "55",
              "EventSource": "Microsoft-Windows-Kernel-Processor-Power",
              "Level": "Information",
              "EventTask": "47",
              "GeneralInfo": "[System]Hyper-V logical processor 0 exposes the following power management capabilities:\r\n\r\nIdle state type: 3 (11 state(s))\r\n\r\nPerformance state type: 3\r\nNominal Frequency (MHz): 2100\r\nMaximum performance percentage: 216\r\nMinimum performance percentage: 79\r\nMinimum throttle percentage: 4",
              "ParamInfo": "0;0;11;3;2100;216;79;4;3",
              "ItemId": null,
              "RecordId": null,
              "RuntimeId": "DBD9AA8900DC78BA83B5C2E776EE5DEC",
              "Id": 367
            },
